2020-09-17 15:08:47,026 - GraphqlClient.py - send_request - DEBUG -http://192.168.1.175:8888/graphql/?login
2020-09-17 15:08:47,026 - GraphqlClient.py - send_request - DEBUG -{'Content-Type': 'application/json'}
2020-09-17 15:08:47,038 - GraphqlClient.py - send_request - DEBUG -{
  'input': {
    'account': 'admin',
    'password': 'admin',
  },
}

2020-09-17 15:08:47,513 - GraphqlClient.py - send_request - DEBUG -{
  'data': {
    'login': {
      '__typename': 'AuthInfo',
      'employee': {
        '__typename': 'Employee',
        'account': 'admin',
        'code': None,
        'department': {
          '__typename': 'Department',
          'headcount': 2,
          'id': '1',
          'name': '喜临门家具股份有限公司',
          'parentPath': [],
          'subsidiaries': [],
        },
        'email': None,
        'id': '1',
        'job': None,
        'name': '管理员',
        'phone': None,
        'roles': [
          {'id': '1', 'name': '负责人', 'permissions':...(len=170),
        ],
        'status': 'ACTIVATED',
      },
      'token': 'eyJ0eXAiOiJKV1QiLCJhbGciOiJIUzI1NiJ9.eyJjcmVkZW50aWFscyI6eyJlbXB
                sb3llZV9pZCI6MSwiaXNfYWRtaW5fIjp0cnVlfSwidXNlciI6eyJpZCI6MSwiY29
                ...(5 hidden lines)',
    },
  },
  'errors': None,
}

2020-09-17 15:08:47,515 - GraphqlClient.py - send_request - DEBUG -http://192.168.1.175:8888/graphql/?formStructs
2020-09-17 15:08:47,515 - GraphqlClient.py - send_request - DEBUG -{'Content-Type': 'application/json', 'authorization': 'Token eyJ0eXAiOiJKV1QiLCJhbGciOiJIUzI1NiJ9.eyJjcmVkZW50aWFscyI6eyJlbXBsb3llZV9pZCI6MSwiaXNfYWRtaW5fIjp0cnVlfSwidXNlciI6eyJpZCI6MSwiY29tcGFueV9pZCI6MSwibmFtZSI6Ilx1N2JhMVx1NzQwNlx1NTQ1OCIsImRlcGFydG1lbnRfaWQiOjEsImNvZGUiOm51bGwsInBob25lIjpudWxsLCJqb2IiOm51bGwsImVtYWlsIjpudWxsLCJhY2NvdW50IjoiYWRtaW4iLCJzdGF0dXMiOiJBQ1RJVkFURUQiLCJyb2xlcyI6bnVsbH0sImV4cCI6MTYwMDQxMjkyN30.HTUfcCDVFd-xJ_zzuRV_53I7sDQTmIXuHO0Ol2oN0XM'}
2020-09-17 15:08:47,516 - GraphqlClient.py - send_request - DEBUG -{
  'isDraft': False,
}

2020-09-17 15:08:47,931 - GraphqlClient.py - send_request - DEBUG -{
  'data': {
    'formStructs': [
      {
        '__typename': 'FormStruct',
        'customFields': [
          {'id': 'spare_part_outbounds_领用仓库',...(len=392),
          {'id': 'spare_part_outbounds_领用工厂',...(len=396),
          {'id': 'spare_part_outbounds_领用时间',...(len=306),
        ],
        'displayName': '申领单信息',
        'name': 'spare_part_outbounds',
      },
      {
        '__typename': 'FormStruct',
        'customFields': [
          {'id': 'spare_part_receipts_入库仓库',...(len=392),
          {'id': 'spare_part_receipts_入库工厂',...(len=396),
          {'id': 'spare_part_receipts_入库时间',...(len=306),
        ],
        'displayName': '入库单信息',
        'name': 'spare_part_receipts',
      },
      {
        '__typename': 'FormStruct',
        'customFields': [
          {'id': 'spare_parts_备件名称', 'type':...(len=382),
          {'id': 'spare_parts_备件类型', 'type':...(len=341),
          {'id': 'spare_parts_备件型号', 'type':...(len=383),
          {'id': 'spare_parts_生产厂家', 'type':...(len=397),
          {'id': 'spare_parts_经销商', 'type':...(len=391),
          {'id': 'spare_parts_备件描述', 'type':...(len=381),
          {'id': 'spare_parts_附件', 'type':...(len=314),
          {'id': 'spare_parts_图片', 'type':...(len=300),
          {'id': 'spare_parts_单价', 'type':...(len=318),
          {'id':...(len=339),
          {'id':...(len=339),
          {'id':...(len=339),
          {'id':...(len=337),
          {'id':...(len=452),
          {'id':...(len=492),
        ],
        'displayName': '备件基本档案',
        'name': 'spare_parts',
      },
      {
        '__typename': 'FormStruct',
        'customFields': [
          {'id': 'thing_inspection_rules_巡检方案名...(len=400),
        ],
        'displayName': '设备巡检方案',
        'name': 'thing_inspection_rules',
      },
      {
        '__typename': 'FormStruct',
        'customFields': [],
        'displayName': '巡检工单',
        'name': 'thing_inspections',
      },
      {
        '__typename': 'FormStruct',
        'customFields': [
          {'id': 'thing_inspections_feedback_巡检完...(len=322),
        ],
        'displayName': '反馈巡检工单',
        'name': 'thing_inspections_feedback',
      },
      {
        '__typename': 'FormStruct',
        'customFields': [],
        'displayName': '保养工单',
        'name': 'thing_maintenance',
      },
      {
        '__typename': 'FormStruct',
        'customFields': [
          {'id': 'thing_maintenance_feedback_结束时...(len=315),
          {'id': 'thing_maintenance_feedback_备注',...(len=395),
          {'id': 'thing_maintenance_feedback_备件费...(len=357),
          {'id': 'thing_maintenance_feedback_材料费...(len=354),
          {'id': 'thing_maintenance_feedback_人工费...(len=348),
          {'id': 'thing_maintenance_feedback_其他费...(len=352),
          {'id': 'thing_maintenance_feedback_保养结...(len=397),
          {'id': 'thing_maintenance_feedback_保养图...(len=323),
        ],
        'displayName': '反馈保养工单',
        'name': 'thing_maintenance_feedback',
      },
      {
        '__typename': 'FormStruct',
        'customFields': [
          {'id': 'thing_maintenance_rules_保养方案...(len=402),
          {'id': 'thing_maintenance_rules_保养等级...(len=379),
          {'id': 'thing_maintenance_rules_保养频次...(len=403),
        ],
        'displayName': '保养方案',
        'name': 'thing_maintenance_rules',
      },
      {
        '__typename': 'FormStruct',
        'customFields': [
          {'id': 'thing_repairs_申请部门', 'type':...(len=408),
          {'id': 'thing_repairs_故障描述', 'type':...(len=395),
          {'id': 'thing_repairs_故障图片', 'type':...(len=315),
        ],
        'displayName': '报修单信息',
        'name': 'thing_repairs',
      },
      {
        '__typename': 'FormStruct',
        'customFields': [
          {'id': 'thing_repairs_feedback_维修完成时...(len=329),
          {'id': 'thing_repairs_feedback_备件费',...(len=351),
          {'id': 'thing_repairs_feedback_维修费用',...(len=307),
          {'id': 'thing_repairs_feedback_材料费',...(len=348),
          {'id': 'thing_repairs_feedback_人工费',...(len=341),
          {'id': 'thing_repairs_feedback_其他费用',...(len=346),
          {'id': 'thing_repairs_feedback_维修结果',...(len=393),
        ],
        'displayName': '报修单反馈信息',
        'name': 'thing_repairs_feedback',
      },
      {
        '__typename': 'FormStruct',
        'customFields': [
          {'id': 'things_设备名称', 'type': 'TEXT',...(len=376),
          {'id': 'things_设备编码', 'type': 'TEXT',...(len=376),
          {'id': 'things_设备位置', 'type': 'TEXT',...(len=385),
          {'id': 'things_设备型号', 'type': 'TEXT',...(len=378),
          {'id': 'things_负责人', 'type':...(len=291),
          {'id': 'things_手机号码', 'type': 'TEXT',...(len=378),
          {'id': 'things_生产厂家', 'type': 'TEXT',...(len=392),
          {'id': 'things_经销商', 'type': 'TEXT',...(len=386),
          {'id': 'things_采购日期', 'type':...(len=307),
          {'id': 'things_启用日期', 'type':...(len=307),
          {'id': 'things_关联附件', 'type':...(len=311),
          {'id': 'things_设备图片', 'type':...(len=296),
          {'id': 'things_设备描述', 'type': 'TEXT',...(len=377),
          {'id': 'things_设备类别', 'type':...(len=344),
          {'id': 'things_品牌', 'type':...(len=328),
          {'id': 'things_使用工厂', 'type':...(len=340),
          {'id': 'things_用途', 'type':...(len=330),
          {'id': 'things_设备状态', 'type':...(len=338),
          {'id': 'things_采购价格(固定资产原值)',...(len=367),
          {'id': 'things_预计使用年限', 'type':...(len=341),
          {'id': 'things_已使用年数', 'type':...(len=332),
          {'id': 'things_预计净产值率', 'type':...(len=359),
          {'id': 'things_年折旧率', 'type':...(len=347),
        ],
        'displayName': '设备信息',
        'name': 'things',
      },
    ],
  },
  'errors': None,
}

2020-09-17 15:08:47,949 - GraphqlClient.py - send_request - DEBUG -http://192.168.1.175:8888/graphql/?login
2020-09-17 15:08:47,950 - GraphqlClient.py - send_request - DEBUG -{'Content-Type': 'application/json'}
2020-09-17 15:08:47,950 - GraphqlClient.py - send_request - DEBUG -{
  'input': {
    'account': 'admin',
    'password': 'admin',
  },
}

2020-09-17 15:08:48,567 - GraphqlClient.py - send_request - DEBUG -{
  'data': {
    'login': {
      '__typename': 'AuthInfo',
      'employee': {
        '__typename': 'Employee',
        'account': 'admin',
        'code': None,
        'department': {
          '__typename': 'Department',
          'headcount': 2,
          'id': '1',
          'name': '喜临门家具股份有限公司',
          'parentPath': [],
          'subsidiaries': [],
        },
        'email': None,
        'id': '1',
        'job': None,
        'name': '管理员',
        'phone': None,
        'roles': [
          {'id': '1', 'name': '负责人', 'permissions':...(len=170),
        ],
        'status': 'ACTIVATED',
      },
      'token': 'eyJ0eXAiOiJKV1QiLCJhbGciOiJIUzI1NiJ9.eyJjcmVkZW50aWFscyI6eyJlbXB
                sb3llZV9pZCI6MSwiaXNfYWRtaW5fIjp0cnVlfSwidXNlciI6eyJpZCI6MSwiY29
                ...(5 hidden lines)',
    },
  },
  'errors': None,
}

2020-09-17 15:08:48,578 - GraphqlClient.py - send_request - DEBUG -http://192.168.1.175:8888/graphql/?login
2020-09-17 15:08:48,578 - GraphqlClient.py - send_request - DEBUG -{'Content-Type': 'application/json'}
2020-09-17 15:08:48,579 - GraphqlClient.py - send_request - DEBUG -{
  'input': {
    'account': 'admin',
    'password': 'admin',
  },
}

2020-09-17 15:08:50,641 - GraphqlClient.py - send_request - DEBUG -{
  'data': {
    'login': {
      '__typename': 'AuthInfo',
      'employee': {
        '__typename': 'Employee',
        'account': 'admin',
        'code': None,
        'department': {
          '__typename': 'Department',
          'headcount': 2,
          'id': '1',
          'name': '喜临门家具股份有限公司',
          'parentPath': [],
          'subsidiaries': [],
        },
        'email': None,
        'id': '1',
        'job': None,
        'name': '管理员',
        'phone': None,
        'roles': [
          {'id': '1', 'name': '负责人', 'permissions':...(len=170),
        ],
        'status': 'ACTIVATED',
      },
      'token': 'eyJ0eXAiOiJKV1QiLCJhbGciOiJIUzI1NiJ9.eyJjcmVkZW50aWFscyI6eyJlbXB
                sb3llZV9pZCI6MSwiaXNfYWRtaW5fIjp0cnVlfSwidXNlciI6eyJpZCI6MSwiY29
                ...(5 hidden lines)',
    },
  },
  'errors': None,
}

2020-09-17 15:08:50,663 - GraphqlClient.py - send_request - DEBUG -http://192.168.1.175:8888/graphql/?login
2020-09-17 15:08:50,663 - GraphqlClient.py - send_request - DEBUG -{'Content-Type': 'application/json'}
2020-09-17 15:08:50,664 - GraphqlClient.py - send_request - DEBUG -{
  'input': {
    'account': 'admin',
    'password': 'admin',
  },
}

2020-09-17 15:08:50,818 - GraphqlClient.py - send_request - DEBUG -{
  'data': {
    'login': {
      '__typename': 'AuthInfo',
      'employee': {
        '__typename': 'Employee',
        'account': 'admin',
        'code': None,
        'department': {
          '__typename': 'Department',
          'headcount': 2,
          'id': '1',
          'name': '喜临门家具股份有限公司',
          'parentPath': [],
          'subsidiaries': [],
        },
        'email': None,
        'id': '1',
        'job': None,
        'name': '管理员',
        'phone': None,
        'roles': [
          {'id': '1', 'name': '负责人', 'permissions':...(len=170),
        ],
        'status': 'ACTIVATED',
      },
      'token': 'eyJ0eXAiOiJKV1QiLCJhbGciOiJIUzI1NiJ9.eyJjcmVkZW50aWFscyI6eyJlbXB
                sb3llZV9pZCI6MSwiaXNfYWRtaW5fIjp0cnVlfSwidXNlciI6eyJpZCI6MSwiY29
                ...(5 hidden lines)',
    },
  },
  'errors': None,
}

2020-09-17 15:08:50,993 - GraphqlClient.py - send_request - DEBUG -http://192.168.1.175:8888/graphql/?permissionTable
2020-09-17 15:08:50,993 - GraphqlClient.py - send_request - DEBUG -{'Content-Type': 'application/json', 'authorization': 'Token eyJ0eXAiOiJKV1QiLCJhbGciOiJIUzI1NiJ9.eyJjcmVkZW50aWFscyI6eyJlbXBsb3llZV9pZCI6MSwiaXNfYWRtaW5fIjp0cnVlfSwidXNlciI6eyJpZCI6MSwiY29tcGFueV9pZCI6MSwibmFtZSI6Ilx1N2JhMVx1NzQwNlx1NTQ1OCIsImRlcGFydG1lbnRfaWQiOjEsImNvZGUiOm51bGwsInBob25lIjpudWxsLCJqb2IiOm51bGwsImVtYWlsIjpudWxsLCJhY2NvdW50IjoiYWRtaW4iLCJzdGF0dXMiOiJBQ1RJVkFURUQiLCJyb2xlcyI6bnVsbH0sImV4cCI6MTYwMDQxMjkzMH0.H-8XrcuGOgkGf2_f1RWM0zKz-0SBHfyL2riWoknP4Cc'}
2020-09-17 15:08:50,993 - GraphqlClient.py - send_request - DEBUG -{
}

2020-09-17 15:08:51,090 - GraphqlClient.py - send_request - DEBUG -{
  'data': {
    'permissionTable': {
      '__typename': 'PermissionTable',
      'admin': {
        '__typename': 'Permission',
        'description': '所有数据权限，可管理全部信息',
        'id': '1',
        'scopes': [],
      },
      'modules': [
        {
          '__typename': 'PermissionModule',
          'name': 'SCADA',
          'permissions': [{'id': '27', 'scopes': [], 'description':...(len=88),
        },
        {
          '__typename': 'PermissionModule',
          'name': '主设备管理',
          'permissions': [{'id': '2', 'scopes': ['/query/thing',...(len=351),
        },
        {
          '__typename': 'PermissionModule',
          'name': '保养',
          'permissions': [{'id': '16', 'scopes':...(len=952),
        },
        {
          '__typename': 'PermissionModule',
          'name': '备件管理',
          'permissions': [{'id': '4', 'scopes':...(len=1142),
        },
        {
          '__typename': 'PermissionModule',
          'name': '巡检',
          'permissions': [{'id': '15', 'scopes':...(len=864),
        },
        {
          '__typename': 'PermissionModule',
          'name': '概览（报表）',
          'permissions': [{'id': '26', 'scopes': [], 'description':...(len=87),
        },
        {
          '__typename': 'PermissionModule',
          'name': '维修',
          'permissions': [{'id': '10', 'scopes':...(len=544),
        },
        {
          '__typename': 'PermissionModule',
          'name': '设置',
          'permissions': [{'id': '20', 'scopes':...(len=767),
        },
      ],
    },
  },
  'errors': None,
}

2020-09-17 15:08:51,091 - GraphqlClient.py - send_request - DEBUG -http://192.168.1.175:8888/graphql/?createRole
2020-09-17 15:08:51,091 - GraphqlClient.py - send_request - DEBUG -{'Content-Type': 'application/json', 'authorization': 'Token eyJ0eXAiOiJKV1QiLCJhbGciOiJIUzI1NiJ9.eyJjcmVkZW50aWFscyI6eyJlbXBsb3llZV9pZCI6MSwiaXNfYWRtaW5fIjp0cnVlfSwidXNlciI6eyJpZCI6MSwiY29tcGFueV9pZCI6MSwibmFtZSI6Ilx1N2JhMVx1NzQwNlx1NTQ1OCIsImRlcGFydG1lbnRfaWQiOjEsImNvZGUiOm51bGwsInBob25lIjpudWxsLCJqb2IiOm51bGwsImVtYWlsIjpudWxsLCJhY2NvdW50IjoiYWRtaW4iLCJzdGF0dXMiOiJBQ1RJVkFURUQiLCJyb2xlcyI6bnVsbH0sImV4cCI6MTYwMDQxMjkzMH0.H-8XrcuGOgkGf2_f1RWM0zKz-0SBHfyL2riWoknP4Cc'}
2020-09-17 15:08:51,092 - GraphqlClient.py - send_request - DEBUG -{
  'input': {
    'name': '使用SCADA入口',
    'permissions': [
      {
        'id': '27',
      },
    ],
  },
}

2020-09-17 15:08:51,140 - GraphqlClient.py - send_request - DEBUG -{
  'data': {
    'createRole': {
      '__typename': 'Role',
      'id': '6',
      'name': '使用SCADA入口',
      'permissions': [
        {
          '__typename': 'Permission',
          'description': '使用SCADA入口',
          'id': '27',
          'scopes': [],
        },
      ],
    },
  },
  'errors': None,
}

2020-09-17 15:08:51,141 - GraphqlClient.py - send_request - DEBUG -http://192.168.1.175:8888/graphql/?createEmployee
2020-09-17 15:08:51,141 - GraphqlClient.py - send_request - DEBUG -{'Content-Type': 'application/json', 'authorization': 'Token eyJ0eXAiOiJKV1QiLCJhbGciOiJIUzI1NiJ9.eyJjcmVkZW50aWFscyI6eyJlbXBsb3llZV9pZCI6MSwiaXNfYWRtaW5fIjp0cnVlfSwidXNlciI6eyJpZCI6MSwiY29tcGFueV9pZCI6MSwibmFtZSI6Ilx1N2JhMVx1NzQwNlx1NTQ1OCIsImRlcGFydG1lbnRfaWQiOjEsImNvZGUiOm51bGwsInBob25lIjpudWxsLCJqb2IiOm51bGwsImVtYWlsIjpudWxsLCJhY2NvdW50IjoiYWRtaW4iLCJzdGF0dXMiOiJBQ1RJVkFURUQiLCJyb2xlcyI6bnVsbH0sImV4cCI6MTYwMDQxMjkzMH0.H-8XrcuGOgkGf2_f1RWM0zKz-0SBHfyL2riWoknP4Cc'}
2020-09-17 15:08:51,146 - GraphqlClient.py - send_request - DEBUG -{
  'input': {
    'account': 'admin1',
    'code': '1',
    'department': {
      'id': 1,
    },
    'name': '使用SCADA入口',
    'password': '123456',
    'phone': '123456',
    'roles': [
      {
        'id': '6',
      },
    ],
    'status': 'ACTIVATED',
  },
}

2020-09-17 15:08:51,944 - GraphqlClient.py - send_request - DEBUG -{
  'data': None,
  'errors': [
    {
      'locations': [
        {
          'column': 5,
          'line': 2,
        },
      ],
      'message': 'duplicate key value violates unique constraint
                  "employees_code_key"\nDETAIL:  Key (code)=(1) already
                  ...(1 hidden line)',
      'path': ['createEmployee'],
    },
  ],
}

