2020-09-16 16:35:38,790 - GraphqlClient.py - send_request - DEBUG -http://192.168.1.175:8888/graphql/?login
2020-09-16 16:35:38,791 - GraphqlClient.py - send_request - DEBUG -{'Content-Type': 'application/json'}
2020-09-16 16:35:38,811 - GraphqlClient.py - send_request - DEBUG -{
  'input': {
    'account': 'admin',
    'password': 'admin',
  },
}

2020-09-16 16:35:39,914 - GraphqlClient.py - send_request - DEBUG -{
  'data': {
    'login': {
      '__typename': 'AuthInfo',
      'employee': {
        '__typename': 'Employee',
        'account': 'admin',
        'code': None,
        'department': {
          '__typename': 'Department',
          'headcount': 9,
          'id': '1',
          'name': '喜临门家具股份有限公司',
          'parentPath': [],
          'subsidiaries': [],
        },
        'email': None,
        'id': '1',
        'job': None,
        'name': '管理员',
        'phone': None,
        'roles': [
          {'id': '1', 'name': '负责人', 'permissions':...(len=170),
        ],
        'status': 'ACTIVATED',
      },
      'token': 'eyJ0eXAiOiJKV1QiLCJhbGciOiJIUzI1NiJ9.eyJjcmVkZW50aWFscyI6eyJlbXB
                sb3llZV9pZCI6MSwiaXNfYWRtaW5fIjp0cnVlfSwidXNlciI6eyJpZCI6MSwiY29
                ...(5 hidden lines)',
    },
  },
  'errors': None,
}

2020-09-16 16:35:39,918 - GraphqlClient.py - send_request - DEBUG -http://192.168.1.175:8888/graphql/?formStructs
2020-09-16 16:35:39,919 - GraphqlClient.py - send_request - DEBUG -{'Content-Type': 'application/json', 'authorization': 'Token eyJ0eXAiOiJKV1QiLCJhbGciOiJIUzI1NiJ9.eyJjcmVkZW50aWFscyI6eyJlbXBsb3llZV9pZCI6MSwiaXNfYWRtaW5fIjp0cnVlfSwidXNlciI6eyJpZCI6MSwiY29tcGFueV9pZCI6MSwibmFtZSI6Ilx1N2JhMVx1NzQwNlx1NTQ1OCIsImRlcGFydG1lbnRfaWQiOjEsImNvZGUiOm51bGwsInBob25lIjpudWxsLCJqb2IiOm51bGwsImVtYWlsIjpudWxsLCJhY2NvdW50IjoiYWRtaW4iLCJzdGF0dXMiOiJBQ1RJVkFURUQiLCJyb2xlcyI6bnVsbH0sImV4cCI6MTYwMDMzMTczOX0.PrbziDsdlIWsYLuKvhN25CZc2AJPXcc5zeZzVeEXX-8'}
2020-09-16 16:35:39,919 - GraphqlClient.py - send_request - DEBUG -{
  'isDraft': False,
}

2020-09-16 16:35:40,174 - GraphqlClient.py - send_request - DEBUG -{
  'data': {
    'formStructs': [
      {
        '__typename': 'FormStruct',
        'customFields': [
          {'id': 'spare_part_outbounds_领用仓库',...(len=392),
          {'id': 'spare_part_outbounds_领用工厂',...(len=396),
          {'id': 'spare_part_outbounds_领用目的',...(len=367),
          {'id': 'spare_part_outbounds_领用时间',...(len=306),
        ],
        'displayName': '申领单信息',
        'name': 'spare_part_outbounds',
      },
      {
        '__typename': 'FormStruct',
        'customFields': [
          {'id': 'spare_part_receipts_入库仓库',...(len=392),
          {'id': 'spare_part_receipts_入库工厂',...(len=396),
          {'id': 'spare_part_receipts_入库时间',...(len=306),
        ],
        'displayName': '入库单信息',
        'name': 'spare_part_receipts',
      },
      {
        '__typename': 'FormStruct',
        'customFields': [
          {'id': 'spare_parts_备件名称', 'type':...(len=382),
          {'id': 'spare_parts_备件类型', 'type':...(len=371),
          {'id': 'spare_parts_备件型号', 'type':...(len=383),
          {'id': 'spare_parts_生产厂家', 'type':...(len=397),
          {'id': 'spare_parts_经销商', 'type':...(len=391),
          {'id': 'spare_parts_备件描述', 'type':...(len=381),
          {'id': 'spare_parts_附件', 'type':...(len=314),
          {'id': 'spare_parts_图片', 'type':...(len=299),
          {'id': 'spare_parts_单价', 'type':...(len=317),
        ],
        'displayName': '备件基本档案',
        'name': 'spare_parts',
      },
      {
        '__typename': 'FormStruct',
        'customFields': [
          {'id': 'thing_inspection_rules_巡检方案名...(len=400),
        ],
        'displayName': '设备巡检方案',
        'name': 'thing_inspection_rules',
      },
      {
        '__typename': 'FormStruct',
        'customFields': [],
        'displayName': '巡检工单',
        'name': 'thing_inspections',
      },
      {
        '__typename': 'FormStruct',
        'customFields': [
          {'id': 'thing_inspections_feedback_巡检完...(len=322),
        ],
        'displayName': '反馈巡检工单',
        'name': 'thing_inspections_feedback',
      },
      {
        '__typename': 'FormStruct',
        'customFields': [],
        'displayName': '保养工单',
        'name': 'thing_maintenance',
      },
      {
        '__typename': 'FormStruct',
        'customFields': [
          {'id': 'thing_maintenance_feedback_结束时...(len=316),
          {'id': 'thing_maintenance_feedback_备注',...(len=395),
          {'id': 'thing_maintenance_feedback_备件费...(len=357),
          {'id': 'thing_maintenance_feedback_材料费...(len=354),
          {'id': 'thing_maintenance_feedback_人工费...(len=348),
          {'id': 'thing_maintenance_feedback_其他费...(len=352),
          {'id': 'thing_maintenance_feedback_保养结...(len=397),
          {'id': 'thing_maintenance_feedback_保养图...(len=323),
        ],
        'displayName': '反馈保养工单',
        'name': 'thing_maintenance_feedback',
      },
      {
        '__typename': 'FormStruct',
        'customFields': [
          {'id': 'thing_maintenance_rules_保养方案...(len=402),
          {'id': 'thing_maintenance_rules_保养等级...(len=379),
          {'id': 'thing_maintenance_rules_保养频次...(len=403),
        ],
        'displayName': '保养方案',
        'name': 'thing_maintenance_rules',
      },
      {
        '__typename': 'FormStruct',
        'customFields': [
          {'id': 'thing_repairs_申请部门', 'type':...(len=408),
          {'id': 'thing_repairs_故障描述', 'type':...(len=395),
          {'id': 'thing_repairs_故障图片', 'type':...(len=315),
        ],
        'displayName': '报修单信息',
        'name': 'thing_repairs',
      },
      {
        '__typename': 'FormStruct',
        'customFields': [
          {'id': 'thing_repairs_feedback_维修完成时...(len=329),
          {'id': 'thing_repairs_feedback_备件费',...(len=351),
          {'id': 'thing_repairs_feedback_维修费用',...(len=307),
          {'id': 'thing_repairs_feedback_材料费',...(len=348),
          {'id': 'thing_repairs_feedback_人工费',...(len=341),
          {'id': 'thing_repairs_feedback_其他费用',...(len=346),
          {'id': 'thing_repairs_feedback_维修结果',...(len=393),
        ],
        'displayName': '报修单反馈信息',
        'name': 'thing_repairs_feedback',
      },
      {
        '__typename': 'FormStruct',
        'customFields': [
          {'id': 'things_设备名称', 'type': 'TEXT',...(len=376),
          {'id': 'things_设备编码', 'type': 'TEXT',...(len=376),
          {'id': 'things_设备位置', 'type': 'TEXT',...(len=385),
          {'id': 'things_设备型号', 'type': 'TEXT',...(len=378),
          {'id': 'things_负责人', 'type':...(len=291),
          {'id': 'things_手机号码', 'type': 'TEXT',...(len=378),
          {'id': 'things_生产厂家', 'type': 'TEXT',...(len=392),
          {'id': 'things_经销商', 'type': 'TEXT',...(len=386),
          {'id': 'things_采购日期', 'type':...(len=307),
          {'id': 'things_启用日期', 'type':...(len=307),
          {'id': 'things_使用年限', 'type':...(len=332),
          {'id': 'things_折旧率', 'type': 'NUMBER',...(len=339),
          {'id': 'things_关联附件', 'type':...(len=311),
          {'id': 'things_设备图片', 'type':...(len=296),
          {'id': 'things_设备描述', 'type': 'TEXT',...(len=377),
          {'id': 'things_设备类别', 'type':...(len=337),
          {'id': 'things_品牌', 'type':...(len=323),
          {'id': 'things_使用工厂', 'type':...(len=335),
          {'id': 'things_用途', 'type':...(len=327),
          {'id': 'things_设备状态', 'type':...(len=333),
          {'id':...(len=398),
        ],
        'displayName': '设备信息',
        'name': 'things',
      },
    ],
  },
  'errors': None,
}

2020-09-16 16:35:40,193 - GraphqlClient.py - send_request - DEBUG -http://192.168.1.175:8888/graphql/?login
2020-09-16 16:35:40,193 - GraphqlClient.py - send_request - DEBUG -{'Content-Type': 'application/json'}
2020-09-16 16:35:40,194 - GraphqlClient.py - send_request - DEBUG -{
  'input': {
    'account': 'admin',
    'password': 'admin',
  },
}

2020-09-16 16:35:40,930 - GraphqlClient.py - send_request - DEBUG -{
  'data': {
    'login': {
      '__typename': 'AuthInfo',
      'employee': {
        '__typename': 'Employee',
        'account': 'admin',
        'code': None,
        'department': {
          '__typename': 'Department',
          'headcount': 9,
          'id': '1',
          'name': '喜临门家具股份有限公司',
          'parentPath': [],
          'subsidiaries': [],
        },
        'email': None,
        'id': '1',
        'job': None,
        'name': '管理员',
        'phone': None,
        'roles': [
          {'id': '1', 'name': '负责人', 'permissions':...(len=170),
        ],
        'status': 'ACTIVATED',
      },
      'token': 'eyJ0eXAiOiJKV1QiLCJhbGciOiJIUzI1NiJ9.eyJjcmVkZW50aWFscyI6eyJlbXB
                sb3llZV9pZCI6MSwiaXNfYWRtaW5fIjp0cnVlfSwidXNlciI6eyJpZCI6MSwiY29
                ...(5 hidden lines)',
    },
  },
  'errors': None,
}

2020-09-16 16:35:40,941 - GraphqlClient.py - send_request - DEBUG -http://192.168.1.175:8888/graphql/?login
2020-09-16 16:35:40,941 - GraphqlClient.py - send_request - DEBUG -{'Content-Type': 'application/json'}
2020-09-16 16:35:40,942 - GraphqlClient.py - send_request - DEBUG -{
  'input': {
    'account': 'admin',
    'password': 'admin',
  },
}

2020-09-16 16:35:41,118 - GraphqlClient.py - send_request - DEBUG -{
  'data': {
    'login': {
      '__typename': 'AuthInfo',
      'employee': {
        '__typename': 'Employee',
        'account': 'admin',
        'code': None,
        'department': {
          '__typename': 'Department',
          'headcount': 9,
          'id': '1',
          'name': '喜临门家具股份有限公司',
          'parentPath': [],
          'subsidiaries': [],
        },
        'email': None,
        'id': '1',
        'job': None,
        'name': '管理员',
        'phone': None,
        'roles': [
          {'id': '1', 'name': '负责人', 'permissions':...(len=170),
        ],
        'status': 'ACTIVATED',
      },
      'token': 'eyJ0eXAiOiJKV1QiLCJhbGciOiJIUzI1NiJ9.eyJjcmVkZW50aWFscyI6eyJlbXB
                sb3llZV9pZCI6MSwiaXNfYWRtaW5fIjp0cnVlfSwidXNlciI6eyJpZCI6MSwiY29
                ...(5 hidden lines)',
    },
  },
  'errors': None,
}

2020-09-16 16:35:41,129 - GraphqlClient.py - send_request - DEBUG -http://192.168.1.175:8888/graphql/?login
2020-09-16 16:35:41,129 - GraphqlClient.py - send_request - DEBUG -{'Content-Type': 'application/json'}
2020-09-16 16:35:41,130 - GraphqlClient.py - send_request - DEBUG -{
  'input': {
    'account': 'admin',
    'password': 'admin',
  },
}

2020-09-16 16:35:41,278 - GraphqlClient.py - send_request - DEBUG -{
  'data': {
    'login': {
      '__typename': 'AuthInfo',
      'employee': {
        '__typename': 'Employee',
        'account': 'admin',
        'code': None,
        'department': {
          '__typename': 'Department',
          'headcount': 9,
          'id': '1',
          'name': '喜临门家具股份有限公司',
          'parentPath': [],
          'subsidiaries': [],
        },
        'email': None,
        'id': '1',
        'job': None,
        'name': '管理员',
        'phone': None,
        'roles': [
          {'id': '1', 'name': '负责人', 'permissions':...(len=170),
        ],
        'status': 'ACTIVATED',
      },
      'token': 'eyJ0eXAiOiJKV1QiLCJhbGciOiJIUzI1NiJ9.eyJjcmVkZW50aWFscyI6eyJlbXB
                sb3llZV9pZCI6MSwiaXNfYWRtaW5fIjp0cnVlfSwidXNlciI6eyJpZCI6MSwiY29
                ...(5 hidden lines)',
    },
  },
  'errors': None,
}

2020-09-16 16:35:41,523 - GraphqlClient.py - send_request - DEBUG -http://192.168.1.175:8888/graphql/?updateFormStruct
2020-09-16 16:35:41,523 - GraphqlClient.py - send_request - DEBUG -{'Content-Type': 'application/json', 'authorization': 'Token eyJ0eXAiOiJKV1QiLCJhbGciOiJIUzI1NiJ9.eyJjcmVkZW50aWFscyI6eyJlbXBsb3llZV9pZCI6MSwiaXNfYWRtaW5fIjp0cnVlfSwidXNlciI6eyJpZCI6MSwiY29tcGFueV9pZCI6MSwibmFtZSI6Ilx1N2JhMVx1NzQwNlx1NTQ1OCIsImRlcGFydG1lbnRfaWQiOjEsImNvZGUiOm51bGwsInBob25lIjpudWxsLCJqb2IiOm51bGwsImVtYWlsIjpudWxsLCJhY2NvdW50IjoiYWRtaW4iLCJzdGF0dXMiOiJBQ1RJVkFURUQiLCJyb2xlcyI6bnVsbH0sImV4cCI6MTYwMDMzMTc0MH0.HX_WiJ2g3x41Ardo8yS5Zj3VAEEKBk_ZnhS8zF0OSds'}
2020-09-16 16:35:41,534 - GraphqlClient.py - send_request - DEBUG -{
  'customFields': [
    {
      'colName': 'shelf',
      'defaultText': None,
      'deletable': False,
      'fieldName': 'shelf',
      'fieldRatio': 50.0,
      'formula': None,
      'hidden': False,
      'id': 'spare_part_outbounds_领用仓库',
      'isOrigin': True,
      'isSingleLine': True,
      'prompt': None,
      'required': True,
      'title': '领用仓库',
      'type': 'TEXT',
      'wordCountLimit': {
        'max': 100,
        'min': 0,
      },
    },
    {
      'colName': 'factory',
      'defaultText': None,
      'deletable': False,
      'fieldName': 'factory',
      'fieldRatio': 50.0,
      'formula': None,
      'hidden': False,
      'id': 'spare_part_outbounds_领用工厂',
      'isOrigin': True,
      'isSingleLine': True,
      'prompt': None,
      'required': True,
      'title': '领用工厂',
      'type': 'TEXT',
      'wordCountLimit': {
        'max': 100,
        'min': 0,
      },
    },
    {
      'candidates': ['设备维修', '设备保养'],
      'colName': 'reason',
      'defaultSelection': None,
      'deletable': False,
      'fieldName': 'reason',
      'fieldRatio': 50.0,
      'formula': None,
      'hidden': False,
      'id': 'spare_part_outbounds_领用目的',
      'isOrigin': True,
      'prompt': None,
      'required': False,
      'title': '领用目的',
      'type': 'SINGLE_SELECTION',
    },
    {
      'colName': 'time',
      'defaultDatetime': None,
      'deletable': False,
      'fieldName': 'time',
      'fieldRatio': 50.0,
      'formula': None,
      'hidden': False,
      'id': 'spare_part_outbounds_领用时间',
      'isOrigin': True,
      'prompt': None,
      'required': True,
      'title': '领用时间',
      'type': 'DATETIME',
    },
  ],
  'isPublish': True,
  'name': 'spare_part_outbounds',
}

2020-09-16 16:35:41,841 - GraphqlClient.py - send_request - DEBUG -{
  'data': {
    'updateFormStruct': {
      '__typename': 'FormStruct',
      'customFields': [
        {
          '__typename': 'TextFieldMeta',
          'colName': 'shelf',
          'defaultText': None,
          'deletable': False,
          'fieldName': 'shelf',
          'fieldRatio': 50.0,
          'formula': None,
          'hidden': False,
          'id': 'spare_part_outbounds_领用仓库',
          'isOrigin': True,
          'isSingleLine': True,
          'prompt': None,
          'required': True,
          'title': '领用仓库',
          'type': 'TEXT',
          'wordCountLimit': {'min': 0, 'max': 100, '__typename':...(len=54),
        },
        {
          '__typename': 'TextFieldMeta',
          'colName': 'factory',
          'defaultText': None,
          'deletable': False,
          'fieldName': 'factory',
          'fieldRatio': 50.0,
          'formula': None,
          'hidden': False,
          'id': 'spare_part_outbounds_领用工厂',
          'isOrigin': True,
          'isSingleLine': True,
          'prompt': None,
          'required': True,
          'title': '领用工厂',
          'type': 'TEXT',
          'wordCountLimit': {'min': 0, 'max': 100, '__typename':...(len=54),
        },
        {
          '__typename': 'SingleSelectionFieldMeta',
          'candidates': ['设备维修', '设备保养'],
          'colName': 'reason',
          'defaultSelection': None,
          'deletable': False,
          'fieldName': 'reason',
          'fieldRatio': 50.0,
          'formula': None,
          'hidden': False,
          'id': 'spare_part_outbounds_领用目的',
          'isOrigin': True,
          'prompt': None,
          'required': False,
          'title': '领用目的',
          'type': 'SINGLE_SELECTION',
        },
        {
          '__typename': 'DatetimeFieldMeta',
          'colName': 'time',
          'defaultDatetime': None,
          'deletable': False,
          'fieldName': 'time',
          'fieldRatio': 50.0,
          'formula': None,
          'hidden': False,
          'id': 'spare_part_outbounds_领用时间',
          'isOrigin': True,
          'prompt': None,
          'required': True,
          'title': '领用时间',
          'type': 'DATETIME',
        },
      ],
      'displayName': '申领单信息',
      'name': 'spare_part_outbounds',
    },
  },
  'errors': None,
}

2020-09-16 16:35:41,841 - GraphqlClient.py - send_request - DEBUG -http://192.168.1.175:8888/graphql/?updateFormStruct
2020-09-16 16:35:41,841 - GraphqlClient.py - send_request - DEBUG -{'Content-Type': 'application/json', 'authorization': 'Token eyJ0eXAiOiJKV1QiLCJhbGciOiJIUzI1NiJ9.eyJjcmVkZW50aWFscyI6eyJlbXBsb3llZV9pZCI6MSwiaXNfYWRtaW5fIjp0cnVlfSwidXNlciI6eyJpZCI6MSwiY29tcGFueV9pZCI6MSwibmFtZSI6Ilx1N2JhMVx1NzQwNlx1NTQ1OCIsImRlcGFydG1lbnRfaWQiOjEsImNvZGUiOm51bGwsInBob25lIjpudWxsLCJqb2IiOm51bGwsImVtYWlsIjpudWxsLCJhY2NvdW50IjoiYWRtaW4iLCJzdGF0dXMiOiJBQ1RJVkFURUQiLCJyb2xlcyI6bnVsbH0sImV4cCI6MTYwMDMzMTc0MH0.HX_WiJ2g3x41Ardo8yS5Zj3VAEEKBk_ZnhS8zF0OSds'}
2020-09-16 16:35:41,848 - GraphqlClient.py - send_request - DEBUG -{
  'customFields': [
    {
      'colName': 'shelf',
      'defaultText': None,
      'deletable': False,
      'fieldName': 'shelf',
      'fieldRatio': 100.0,
      'formula': None,
      'hidden': False,
      'id': 'spare_part_receipts_入库仓库',
      'isOrigin': True,
      'isSingleLine': True,
      'prompt': None,
      'required': True,
      'title': '入库仓库',
      'type': 'TEXT',
      'wordCountLimit': {
        'max': 100,
        'min': 0,
      },
    },
    {
      'colName': 'factory',
      'defaultText': None,
      'deletable': False,
      'fieldName': 'factory',
      'fieldRatio': 100.0,
      'formula': None,
      'hidden': False,
      'id': 'spare_part_receipts_入库工厂',
      'isOrigin': True,
      'isSingleLine': True,
      'prompt': None,
      'required': True,
      'title': '入库工厂',
      'type': 'TEXT',
      'wordCountLimit': {
        'max': 100,
        'min': 0,
      },
    },
    {
      'colName': 'time',
      'defaultDatetime': None,
      'deletable': True,
      'fieldName': 'time',
      'fieldRatio': 100.0,
      'formula': None,
      'hidden': False,
      'id': 'spare_part_receipts_入库时间',
      'isOrigin': True,
      'prompt': None,
      'required': False,
      'title': '入库时间',
      'type': 'DATETIME',
    },
  ],
  'isPublish': True,
  'name': 'spare_part_receipts',
}

2020-09-16 16:35:41,986 - GraphqlClient.py - send_request - DEBUG -{
  'data': {
    'updateFormStruct': {
      '__typename': 'FormStruct',
      'customFields': [
        {
          '__typename': 'TextFieldMeta',
          'colName': 'shelf',
          'defaultText': None,
          'deletable': False,
          'fieldName': 'shelf',
          'fieldRatio': 100.0,
          'formula': None,
          'hidden': False,
          'id': 'spare_part_receipts_入库仓库',
          'isOrigin': True,
          'isSingleLine': True,
          'prompt': None,
          'required': True,
          'title': '入库仓库',
          'type': 'TEXT',
          'wordCountLimit': {'min': 0, 'max': 100, '__typename':...(len=54),
        },
        {
          '__typename': 'TextFieldMeta',
          'colName': 'factory',
          'defaultText': None,
          'deletable': False,
          'fieldName': 'factory',
          'fieldRatio': 100.0,
          'formula': None,
          'hidden': False,
          'id': 'spare_part_receipts_入库工厂',
          'isOrigin': True,
          'isSingleLine': True,
          'prompt': None,
          'required': True,
          'title': '入库工厂',
          'type': 'TEXT',
          'wordCountLimit': {'min': 0, 'max': 100, '__typename':...(len=54),
        },
        {
          '__typename': 'DatetimeFieldMeta',
          'colName': 'time',
          'defaultDatetime': None,
          'deletable': True,
          'fieldName': 'time',
          'fieldRatio': 100.0,
          'formula': None,
          'hidden': False,
          'id': 'spare_part_receipts_入库时间',
          'isOrigin': True,
          'prompt': None,
          'required': False,
          'title': '入库时间',
          'type': 'DATETIME',
        },
      ],
      'displayName': '入库单信息',
      'name': 'spare_part_receipts',
    },
  },
  'errors': None,
}

2020-09-16 16:35:41,986 - GraphqlClient.py - send_request - DEBUG -http://192.168.1.175:8888/graphql/?updateFormStruct
2020-09-16 16:35:41,986 - GraphqlClient.py - send_request - DEBUG -{'Content-Type': 'application/json', 'authorization': 'Token eyJ0eXAiOiJKV1QiLCJhbGciOiJIUzI1NiJ9.eyJjcmVkZW50aWFscyI6eyJlbXBsb3llZV9pZCI6MSwiaXNfYWRtaW5fIjp0cnVlfSwidXNlciI6eyJpZCI6MSwiY29tcGFueV9pZCI6MSwibmFtZSI6Ilx1N2JhMVx1NzQwNlx1NTQ1OCIsImRlcGFydG1lbnRfaWQiOjEsImNvZGUiOm51bGwsInBob25lIjpudWxsLCJqb2IiOm51bGwsImVtYWlsIjpudWxsLCJhY2NvdW50IjoiYWRtaW4iLCJzdGF0dXMiOiJBQ1RJVkFURUQiLCJyb2xlcyI6bnVsbH0sImV4cCI6MTYwMDMzMTc0MH0.HX_WiJ2g3x41Ardo8yS5Zj3VAEEKBk_ZnhS8zF0OSds'}
2020-09-16 16:35:42,005 - GraphqlClient.py - send_request - DEBUG -{
  'customFields': [
    {
      'colName': 'name',
      'defaultText': None,
      'deletable': False,
      'fieldName': 'name',
      'fieldRatio': 100.0,
      'formula': None,
      'hidden': False,
      'id': 'spare_parts_备件名称',
      'isOrigin': True,
      'isSingleLine': True,
      'prompt': None,
      'required': True,
      'title': '备件名称',
      'type': 'TEXT',
      'wordCountLimit': {
        'max': 100,
        'min': 0,
      },
    },
    {
      'candidates': ['生产设备', '不知道什么设备', '魔法设备'],
      'colName': 'type',
      'defaultSelection': None,
      'deletable': False,
      'fieldName': 'type',
      'fieldRatio': 50.0,
      'formula': None,
      'hidden': False,
      'id': 'spare_parts_备件类型',
      'isOrigin': True,
      'prompt': None,
      'required': True,
      'title': '备件类型',
      'type': 'SINGLE_SELECTION',
    },
    {
      'colName': 'model',
      'defaultText': None,
      'deletable': False,
      'fieldName': 'model',
      'fieldRatio': 50.0,
      'formula': None,
      'hidden': False,
      'id': 'spare_parts_备件型号',
      'isOrigin': True,
      'isSingleLine': True,
      'prompt': None,
      'required': True,
      'title': '备件型号',
      'type': 'TEXT',
      'wordCountLimit': {
        'max': 100,
        'min': 0,
      },
    },
    {
      'colName': 'manufacturer',
      'defaultText': None,
      'deletable': True,
      'fieldName': 'manufacturer',
      'fieldRatio': 50.0,
      'formula': None,
      'hidden': False,
      'id': 'spare_parts_生产厂家',
      'isOrigin': True,
      'isSingleLine': True,
      'prompt': None,
      'required': False,
      'title': '生产厂家',
      'type': 'TEXT',
      'wordCountLimit': {
        'max': 100,
        'min': 0,
      },
    },
    {
      'colName': 'distributor',
      'defaultText': None,
      'deletable': True,
      'fieldName': 'distributor',
      'fieldRatio': 50.0,
      'formula': None,
      'hidden': False,
      'id': 'spare_parts_经销商',
      'isOrigin': True,
      'isSingleLine': True,
      'prompt': None,
      'required': False,
      'title': '经销商',
      'type': 'TEXT',
      'wordCountLimit': {
        'max': 100,
        'min': 0,
      },
    },
    {
      'colName': 'desc',
      'defaultText': None,
      'deletable': True,
      'fieldName': 'desc',
      'fieldRatio': 50.0,
      'formula': None,
      'hidden': False,
      'id': 'spare_parts_备件描述',
      'isOrigin': True,
      'isSingleLine': True,
      'prompt': None,
      'required': False,
      'title': '备件描述',
      'type': 'TEXT',
      'wordCountLimit': {
        'max': 100,
        'min': 0,
      },
    },
    {
      'colName': None,
      'countLimit': 5,
      'deletable': True,
      'fieldName': 'attachments',
      'fieldRatio': 50.0,
      'formula': None,
      'hidden': False,
      'id': 'spare_parts_附件',
      'isOrigin': True,
      'prompt': '上传附件',
      'required': False,
      'sizeLimit': 100,
      'title': '附件',
      'type': 'ATTACHMENT',
    },
    {
      'colName': None,
      'countLimit': 5,
      'deletable': True,
      'fieldName': 'images',
      'fieldRatio': 50.0,
      'formula': None,
      'hidden': False,
      'id': 'spare_parts_图片',
      'isOrigin': True,
      'prompt': '上传图片',
      'required': False,
      'sizeLimit': 100,
      'title': '图片',
      'type': 'IMAGE',
    },
    {
      'colName': 'price',
      'defaultNumber': None,
      'deletable': False,
      'digit': 2,
      'fieldName': 'price',
      'fieldRatio': 50.0,
      'formula': None,
      'hidden': False,
      'id': 'spare_parts_单价',
      'isOrigin': True,
      'prompt': None,
      'required': True,
      'showMoney': False,
      'title': '单价',
      'type': 'NUMBER',
    },
  ],
  'isPublish': True,
  'name': 'spare_parts',
}

2020-09-16 16:35:42,136 - GraphqlClient.py - send_request - DEBUG -{
  'data': {
    'updateFormStruct': {
      '__typename': 'FormStruct',
      'customFields': [
        {
          '__typename': 'TextFieldMeta',
          'colName': 'name',
          'defaultText': None,
          'deletable': False,
          'fieldName': 'name',
          'fieldRatio': 100.0,
          'formula': None,
          'hidden': False,
          'id': 'spare_parts_备件名称',
          'isOrigin': True,
          'isSingleLine': True,
          'prompt': None,
          'required': True,
          'title': '备件名称',
          'type': 'TEXT',
          'wordCountLimit': {'min': 0, 'max': 100, '__typename':...(len=54),
        },
        {
          '__typename': 'SingleSelectionFieldMeta',
          'candidates': ['生产设备', '不知道什么设备', '魔法设备'],
          'colName': 'type',
          'defaultSelection': None,
          'deletable': False,
          'fieldName': 'type',
          'fieldRatio': 50.0,
          'formula': None,
          'hidden': False,
          'id': 'spare_parts_备件类型',
          'isOrigin': True,
          'prompt': None,
          'required': True,
          'title': '备件类型',
          'type': 'SINGLE_SELECTION',
        },
        {
          '__typename': 'TextFieldMeta',
          'colName': 'model',
          'defaultText': None,
          'deletable': False,
          'fieldName': 'model',
          'fieldRatio': 50.0,
          'formula': None,
          'hidden': False,
          'id': 'spare_parts_备件型号',
          'isOrigin': True,
          'isSingleLine': True,
          'prompt': None,
          'required': True,
          'title': '备件型号',
          'type': 'TEXT',
          'wordCountLimit': {'min': 0, 'max': 100, '__typename':...(len=54),
        },
        {
          '__typename': 'TextFieldMeta',
          'colName': 'manufacturer',
          'defaultText': None,
          'deletable': True,
          'fieldName': 'manufacturer',
          'fieldRatio': 50.0,
          'formula': None,
          'hidden': False,
          'id': 'spare_parts_生产厂家',
          'isOrigin': True,
          'isSingleLine': True,
          'prompt': None,
          'required': False,
          'title': '生产厂家',
          'type': 'TEXT',
          'wordCountLimit': {'min': 0, 'max': 100, '__typename':...(len=54),
        },
        {
          '__typename': 'TextFieldMeta',
          'colName': 'distributor',
          'defaultText': None,
          'deletable': True,
          'fieldName': 'distributor',
          'fieldRatio': 50.0,
          'formula': None,
          'hidden': False,
          'id': 'spare_parts_经销商',
          'isOrigin': True,
          'isSingleLine': True,
          'prompt': None,
          'required': False,
          'title': '经销商',
          'type': 'TEXT',
          'wordCountLimit': {'min': 0, 'max': 100, '__typename':...(len=54),
        },
        {
          '__typename': 'TextFieldMeta',
          'colName': 'desc',
          'defaultText': None,
          'deletable': True,
          'fieldName': 'desc',
          'fieldRatio': 50.0,
          'formula': None,
          'hidden': False,
          'id': 'spare_parts_备件描述',
          'isOrigin': True,
          'isSingleLine': True,
          'prompt': None,
          'required': False,
          'title': '备件描述',
          'type': 'TEXT',
          'wordCountLimit': {'min': 0, 'max': 100, '__typename':...(len=54),
        },
        {
          '__typename': 'AttachmentFieldMeta',
          'colName': None,
          'countLimit': 5,
          'deletable': True,
          'fieldName': 'attachments',
          'fieldRatio': 50.0,
          'formula': None,
          'hidden': False,
          'id': 'spare_parts_附件',
          'isOrigin': True,
          'prompt': '上传附件',
          'required': False,
          'sizeLimit': 100,
          'title': '附件',
          'type': 'ATTACHMENT',
        },
        {
          '__typename': 'ImageFieldMeta',
          'colName': None,
          'countLimit': 5,
          'deletable': True,
          'fieldName': 'images',
          'fieldRatio': 50.0,
          'formula': None,
          'hidden': False,
          'id': 'spare_parts_图片',
          'isOrigin': True,
          'prompt': '上传图片',
          'required': False,
          'sizeLimit': 100,
          'title': '图片',
          'type': 'IMAGE',
        },
        {
          '__typename': 'NumberFieldMeta',
          'colName': 'price',
          'defaultNumber': None,
          'deletable': False,
          'digit': 2,
          'fieldName': 'price',
          'fieldRatio': 50.0,
          'formula': None,
          'hidden': False,
          'id': 'spare_parts_单价',
          'isOrigin': True,
          'prompt': None,
          'required': True,
          'showMoney': False,
          'title': '单价',
          'type': 'NUMBER',
        },
      ],
      'displayName': '备件基本档案',
      'name': 'spare_parts',
    },
  },
  'errors': None,
}

2020-09-16 16:35:42,137 - GraphqlClient.py - send_request - DEBUG -http://192.168.1.175:8888/graphql/?updateFormStruct
2020-09-16 16:35:42,137 - GraphqlClient.py - send_request - DEBUG -{'Content-Type': 'application/json', 'authorization': 'Token eyJ0eXAiOiJKV1QiLCJhbGciOiJIUzI1NiJ9.eyJjcmVkZW50aWFscyI6eyJlbXBsb3llZV9pZCI6MSwiaXNfYWRtaW5fIjp0cnVlfSwidXNlciI6eyJpZCI6MSwiY29tcGFueV9pZCI6MSwibmFtZSI6Ilx1N2JhMVx1NzQwNlx1NTQ1OCIsImRlcGFydG1lbnRfaWQiOjEsImNvZGUiOm51bGwsInBob25lIjpudWxsLCJqb2IiOm51bGwsImVtYWlsIjpudWxsLCJhY2NvdW50IjoiYWRtaW4iLCJzdGF0dXMiOiJBQ1RJVkFURUQiLCJyb2xlcyI6bnVsbH0sImV4cCI6MTYwMDMzMTc0MH0.HX_WiJ2g3x41Ardo8yS5Zj3VAEEKBk_ZnhS8zF0OSds'}
2020-09-16 16:35:42,140 - GraphqlClient.py - send_request - DEBUG -{
  'customFields': [
    {
      'colName': 'name',
      'defaultText': None,
      'deletable': False,
      'fieldName': 'name',
      'fieldRatio': 50.0,
      'formula': None,
      'hidden': False,
      'id': 'thing_inspection_rules_巡检方案名称',
      'isOrigin': True,
      'isSingleLine': True,
      'prompt': None,
      'required': True,
      'title': '巡检方案名称',
      'type': 'TEXT',
      'wordCountLimit': {
        'max': 100,
        'min': 0,
      },
    },
  ],
  'isPublish': True,
  'name': 'thing_inspection_rules',
}

2020-09-16 16:35:42,355 - GraphqlClient.py - send_request - DEBUG -{
  'data': {
    'updateFormStruct': {
      '__typename': 'FormStruct',
      'customFields': [
        {
          '__typename': 'TextFieldMeta',
          'colName': 'name',
          'defaultText': None,
          'deletable': False,
          'fieldName': 'name',
          'fieldRatio': 50.0,
          'formula': None,
          'hidden': False,
          'id': 'thing_inspection_rules_巡检方案名称',
          'isOrigin': True,
          'isSingleLine': True,
          'prompt': None,
          'required': True,
          'title': '巡检方案名称',
          'type': 'TEXT',
          'wordCountLimit': {'min': 0, 'max': 100, '__typename':...(len=54),
        },
      ],
      'displayName': '设备巡检方案',
      'name': 'thing_inspection_rules',
    },
  },
  'errors': None,
}

2020-09-16 16:35:42,356 - GraphqlClient.py - send_request - DEBUG -http://192.168.1.175:8888/graphql/?updateFormStruct
2020-09-16 16:35:42,356 - GraphqlClient.py - send_request - DEBUG -{'Content-Type': 'application/json', 'authorization': 'Token eyJ0eXAiOiJKV1QiLCJhbGciOiJIUzI1NiJ9.eyJjcmVkZW50aWFscyI6eyJlbXBsb3llZV9pZCI6MSwiaXNfYWRtaW5fIjp0cnVlfSwidXNlciI6eyJpZCI6MSwiY29tcGFueV9pZCI6MSwibmFtZSI6Ilx1N2JhMVx1NzQwNlx1NTQ1OCIsImRlcGFydG1lbnRfaWQiOjEsImNvZGUiOm51bGwsInBob25lIjpudWxsLCJqb2IiOm51bGwsImVtYWlsIjpudWxsLCJhY2NvdW50IjoiYWRtaW4iLCJzdGF0dXMiOiJBQ1RJVkFURUQiLCJyb2xlcyI6bnVsbH0sImV4cCI6MTYwMDMzMTc0MH0.HX_WiJ2g3x41Ardo8yS5Zj3VAEEKBk_ZnhS8zF0OSds'}
2020-09-16 16:35:42,357 - GraphqlClient.py - send_request - DEBUG -{
  'customFields': [],
  'isPublish': True,
  'name': 'thing_inspections',
}

2020-09-16 16:35:42,653 - GraphqlClient.py - send_request - DEBUG -{
  'data': {
    'updateFormStruct': {
      '__typename': 'FormStruct',
      'customFields': [],
      'displayName': '巡检工单',
      'name': 'thing_inspections',
    },
  },
  'errors': None,
}

2020-09-16 16:35:42,654 - GraphqlClient.py - send_request - DEBUG -http://192.168.1.175:8888/graphql/?updateFormStruct
2020-09-16 16:35:42,654 - GraphqlClient.py - send_request - DEBUG -{'Content-Type': 'application/json', 'authorization': 'Token eyJ0eXAiOiJKV1QiLCJhbGciOiJIUzI1NiJ9.eyJjcmVkZW50aWFscyI6eyJlbXBsb3llZV9pZCI6MSwiaXNfYWRtaW5fIjp0cnVlfSwidXNlciI6eyJpZCI6MSwiY29tcGFueV9pZCI6MSwibmFtZSI6Ilx1N2JhMVx1NzQwNlx1NTQ1OCIsImRlcGFydG1lbnRfaWQiOjEsImNvZGUiOm51bGwsInBob25lIjpudWxsLCJqb2IiOm51bGwsImVtYWlsIjpudWxsLCJhY2NvdW50IjoiYWRtaW4iLCJzdGF0dXMiOiJBQ1RJVkFURUQiLCJyb2xlcyI6bnVsbH0sImV4cCI6MTYwMDMzMTc0MH0.HX_WiJ2g3x41Ardo8yS5Zj3VAEEKBk_ZnhS8zF0OSds'}
2020-09-16 16:35:42,658 - GraphqlClient.py - send_request - DEBUG -{
  'customFields': [
    {
      'colName': 'end_at',
      'defaultDatetime': None,
      'deletable': True,
      'fieldName': 'endAt',
      'fieldRatio': 50.0,
      'formula': None,
      'hidden': False,
      'id': 'thing_inspections_feedback_巡检完成时间',
      'isOrigin': True,
      'prompt': None,
      'required': True,
      'title': '巡检完成时间',
      'type': 'DATETIME',
    },
  ],
  'isPublish': True,
  'name': 'thing_inspections_feedback',
}

2020-09-16 16:35:42,788 - GraphqlClient.py - send_request - DEBUG -{
  'data': {
    'updateFormStruct': {
      '__typename': 'FormStruct',
      'customFields': [
        {
          '__typename': 'DatetimeFieldMeta',
          'colName': 'end_at',
          'defaultDatetime': None,
          'deletable': True,
          'fieldName': 'endAt',
          'fieldRatio': 50.0,
          'formula': None,
          'hidden': False,
          'id': 'thing_inspections_feedback_巡检完成时间',
          'isOrigin': True,
          'prompt': None,
          'required': True,
          'title': '巡检完成时间',
          'type': 'DATETIME',
        },
      ],
      'displayName': '反馈巡检工单',
      'name': 'thing_inspections_feedback',
    },
  },
  'errors': None,
}

2020-09-16 16:35:42,789 - GraphqlClient.py - send_request - DEBUG -http://192.168.1.175:8888/graphql/?updateFormStruct
2020-09-16 16:35:42,789 - GraphqlClient.py - send_request - DEBUG -{'Content-Type': 'application/json', 'authorization': 'Token eyJ0eXAiOiJKV1QiLCJhbGciOiJIUzI1NiJ9.eyJjcmVkZW50aWFscyI6eyJlbXBsb3llZV9pZCI6MSwiaXNfYWRtaW5fIjp0cnVlfSwidXNlciI6eyJpZCI6MSwiY29tcGFueV9pZCI6MSwibmFtZSI6Ilx1N2JhMVx1NzQwNlx1NTQ1OCIsImRlcGFydG1lbnRfaWQiOjEsImNvZGUiOm51bGwsInBob25lIjpudWxsLCJqb2IiOm51bGwsImVtYWlsIjpudWxsLCJhY2NvdW50IjoiYWRtaW4iLCJzdGF0dXMiOiJBQ1RJVkFURUQiLCJyb2xlcyI6bnVsbH0sImV4cCI6MTYwMDMzMTc0MH0.HX_WiJ2g3x41Ardo8yS5Zj3VAEEKBk_ZnhS8zF0OSds'}
2020-09-16 16:35:42,789 - GraphqlClient.py - send_request - DEBUG -{
  'customFields': [],
  'isPublish': True,
  'name': 'thing_maintenance',
}

2020-09-16 16:35:42,962 - GraphqlClient.py - send_request - DEBUG -{
  'data': {
    'updateFormStruct': {
      '__typename': 'FormStruct',
      'customFields': [],
      'displayName': '保养工单',
      'name': 'thing_maintenance',
    },
  },
  'errors': None,
}

2020-09-16 16:35:42,963 - GraphqlClient.py - send_request - DEBUG -http://192.168.1.175:8888/graphql/?updateFormStruct
2020-09-16 16:35:42,963 - GraphqlClient.py - send_request - DEBUG -{'Content-Type': 'application/json', 'authorization': 'Token eyJ0eXAiOiJKV1QiLCJhbGciOiJIUzI1NiJ9.eyJjcmVkZW50aWFscyI6eyJlbXBsb3llZV9pZCI6MSwiaXNfYWRtaW5fIjp0cnVlfSwidXNlciI6eyJpZCI6MSwiY29tcGFueV9pZCI6MSwibmFtZSI6Ilx1N2JhMVx1NzQwNlx1NTQ1OCIsImRlcGFydG1lbnRfaWQiOjEsImNvZGUiOm51bGwsInBob25lIjpudWxsLCJqb2IiOm51bGwsImVtYWlsIjpudWxsLCJhY2NvdW50IjoiYWRtaW4iLCJzdGF0dXMiOiJBQ1RJVkFURUQiLCJyb2xlcyI6bnVsbH0sImV4cCI6MTYwMDMzMTc0MH0.HX_WiJ2g3x41Ardo8yS5Zj3VAEEKBk_ZnhS8zF0OSds'}
2020-09-16 16:35:42,982 - GraphqlClient.py - send_request - DEBUG -{
  'customFields': [
    {
      'colName': 'end_at',
      'defaultDatetime': None,
      'deletable': False,
      'fieldName': 'endAt',
      'fieldRatio': 50.0,
      'formula': None,
      'hidden': False,
      'id': 'thing_maintenance_feedback_结束时间',
      'isOrigin': True,
      'prompt': None,
      'required': False,
      'title': '结束时间',
      'type': 'DATETIME',
    },
    {
      'colName': 'remarks',
      'defaultText': None,
      'deletable': False,
      'fieldName': 'remarks',
      'fieldRatio': 50.0,
      'formula': None,
      'hidden': False,
      'id': 'thing_maintenance_feedback_备注',
      'isOrigin': True,
      'isSingleLine': True,
      'prompt': None,
      'required': False,
      'title': '备注',
      'type': 'TEXT',
      'wordCountLimit': {
        'max': 100,
        'min': 0,
      },
    },
    {
      'colName': 'spare_part_costs',
      'defaultNumber': None,
      'deletable': False,
      'digit': 0,
      'fieldName': 'sparePartCosts',
      'fieldRatio': 50.0,
      'formula': None,
      'hidden': False,
      'id': 'thing_maintenance_feedback_备件费',
      'isOrigin': True,
      'prompt': None,
      'required': False,
      'showMoney': False,
      'title': '备件费',
      'type': 'NUMBER',
    },
    {
      'colName': 'material_costs',
      'defaultNumber': None,
      'deletable': False,
      'digit': 0,
      'fieldName': 'materialCosts',
      'fieldRatio': 50.0,
      'formula': None,
      'hidden': False,
      'id': 'thing_maintenance_feedback_材料费',
      'isOrigin': True,
      'prompt': None,
      'required': False,
      'showMoney': False,
      'title': '材料费',
      'type': 'NUMBER',
    },
    {
      'colName': 'labor_costs',
      'defaultNumber': None,
      'deletable': False,
      'digit': 0,
      'fieldName': 'laborCosts',
      'fieldRatio': 50.0,
      'formula': None,
      'hidden': False,
      'id': 'thing_maintenance_feedback_人工费',
      'isOrigin': True,
      'prompt': None,
      'required': False,
      'showMoney': False,
      'title': '人工费',
      'type': 'NUMBER',
    },
    {
      'colName': 'other_costs',
      'defaultNumber': None,
      'deletable': False,
      'digit': 0,
      'fieldName': 'otherCosts',
      'fieldRatio': 50.0,
      'formula': None,
      'hidden': False,
      'id': 'thing_maintenance_feedback_其他费用',
      'isOrigin': True,
      'prompt': None,
      'required': False,
      'showMoney': False,
      'title': '其他费用',
      'type': 'NUMBER',
    },
    {
      'colName': None,
      'defaultText': None,
      'deletable': False,
      'fieldName': 'result',
      'fieldRatio': 50.0,
      'formula': None,
      'hidden': False,
      'id': 'thing_maintenance_feedback_保养结果',
      'isOrigin': True,
      'isSingleLine': True,
      'prompt': None,
      'required': True,
      'title': '保养结果',
      'type': 'TEXT',
      'wordCountLimit': {
        'max': 1000,
        'min': 1,
      },
    },
    {
      'colName': None,
      'countLimit': 5,
      'deletable': False,
      'fieldName': 'images',
      'fieldRatio': 50.0,
      'formula': None,
      'hidden': False,
      'id': 'thing_maintenance_feedback_保养图片',
      'isOrigin': True,
      'prompt': '保养图片',
      'required': False,
      'sizeLimit': 100,
      'title': '保养图片',
      'type': 'IMAGE',
    },
  ],
  'isPublish': True,
  'name': 'thing_maintenance_feedback',
}

2020-09-16 16:35:43,149 - GraphqlClient.py - send_request - DEBUG -{
  'data': {
    'updateFormStruct': {
      '__typename': 'FormStruct',
      'customFields': [
        {
          '__typename': 'DatetimeFieldMeta',
          'colName': 'end_at',
          'defaultDatetime': None,
          'deletable': False,
          'fieldName': 'endAt',
          'fieldRatio': 50.0,
          'formula': None,
          'hidden': False,
          'id': 'thing_maintenance_feedback_结束时间',
          'isOrigin': True,
          'prompt': None,
          'required': False,
          'title': '结束时间',
          'type': 'DATETIME',
        },
        {
          '__typename': 'TextFieldMeta',
          'colName': 'remarks',
          'defaultText': None,
          'deletable': False,
          'fieldName': 'remarks',
          'fieldRatio': 50.0,
          'formula': None,
          'hidden': False,
          'id': 'thing_maintenance_feedback_备注',
          'isOrigin': True,
          'isSingleLine': True,
          'prompt': None,
          'required': False,
          'title': '备注',
          'type': 'TEXT',
          'wordCountLimit': {'min': 0, 'max': 100, '__typename':...(len=54),
        },
        {
          '__typename': 'NumberFieldMeta',
          'colName': 'spare_part_costs',
          'defaultNumber': None,
          'deletable': False,
          'digit': 0,
          'fieldName': 'sparePartCosts',
          'fieldRatio': 50.0,
          'formula': None,
          'hidden': False,
          'id': 'thing_maintenance_feedback_备件费',
          'isOrigin': True,
          'prompt': None,
          'required': False,
          'showMoney': False,
          'title': '备件费',
          'type': 'NUMBER',
        },
        {
          '__typename': 'NumberFieldMeta',
          'colName': 'material_costs',
          'defaultNumber': None,
          'deletable': False,
          'digit': 0,
          'fieldName': 'materialCosts',
          'fieldRatio': 50.0,
          'formula': None,
          'hidden': False,
          'id': 'thing_maintenance_feedback_材料费',
          'isOrigin': True,
          'prompt': None,
          'required': False,
          'showMoney': False,
          'title': '材料费',
          'type': 'NUMBER',
        },
        {
          '__typename': 'NumberFieldMeta',
          'colName': 'labor_costs',
          'defaultNumber': None,
          'deletable': False,
          'digit': 0,
          'fieldName': 'laborCosts',
          'fieldRatio': 50.0,
          'formula': None,
          'hidden': False,
          'id': 'thing_maintenance_feedback_人工费',
          'isOrigin': True,
          'prompt': None,
          'required': False,
          'showMoney': False,
          'title': '人工费',
          'type': 'NUMBER',
        },
        {
          '__typename': 'NumberFieldMeta',
          'colName': 'other_costs',
          'defaultNumber': None,
          'deletable': False,
          'digit': 0,
          'fieldName': 'otherCosts',
          'fieldRatio': 50.0,
          'formula': None,
          'hidden': False,
          'id': 'thing_maintenance_feedback_其他费用',
          'isOrigin': True,
          'prompt': None,
          'required': False,
          'showMoney': False,
          'title': '其他费用',
          'type': 'NUMBER',
        },
        {
          '__typename': 'TextFieldMeta',
          'colName': None,
          'defaultText': None,
          'deletable': False,
          'fieldName': 'result',
          'fieldRatio': 50.0,
          'formula': None,
          'hidden': False,
          'id': 'thing_maintenance_feedback_保养结果',
          'isOrigin': True,
          'isSingleLine': True,
          'prompt': None,
          'required': True,
          'title': '保养结果',
          'type': 'TEXT',
          'wordCountLimit': {'min': 1, 'max': 1000, '__typename':...(len=55),
        },
        {
          '__typename': 'ImageFieldMeta',
          'colName': None,
          'countLimit': 5,
          'deletable': False,
          'fieldName': 'images',
          'fieldRatio': 50.0,
          'formula': None,
          'hidden': False,
          'id': 'thing_maintenance_feedback_保养图片',
          'isOrigin': True,
          'prompt': '保养图片',
          'required': False,
          'sizeLimit': 100,
          'title': '保养图片',
          'type': 'IMAGE',
        },
      ],
      'displayName': '反馈保养工单',
      'name': 'thing_maintenance_feedback',
    },
  },
  'errors': None,
}

2020-09-16 16:35:43,150 - GraphqlClient.py - send_request - DEBUG -http://192.168.1.175:8888/graphql/?updateFormStruct
2020-09-16 16:35:43,150 - GraphqlClient.py - send_request - DEBUG -{'Content-Type': 'application/json', 'authorization': 'Token eyJ0eXAiOiJKV1QiLCJhbGciOiJIUzI1NiJ9.eyJjcmVkZW50aWFscyI6eyJlbXBsb3llZV9pZCI6MSwiaXNfYWRtaW5fIjp0cnVlfSwidXNlciI6eyJpZCI6MSwiY29tcGFueV9pZCI6MSwibmFtZSI6Ilx1N2JhMVx1NzQwNlx1NTQ1OCIsImRlcGFydG1lbnRfaWQiOjEsImNvZGUiOm51bGwsInBob25lIjpudWxsLCJqb2IiOm51bGwsImVtYWlsIjpudWxsLCJhY2NvdW50IjoiYWRtaW4iLCJzdGF0dXMiOiJBQ1RJVkFURUQiLCJyb2xlcyI6bnVsbH0sImV4cCI6MTYwMDMzMTc0MH0.HX_WiJ2g3x41Ardo8yS5Zj3VAEEKBk_ZnhS8zF0OSds'}
2020-09-16 16:35:43,157 - GraphqlClient.py - send_request - DEBUG -{
  'customFields': [
    {
      'colName': 'name',
      'defaultText': None,
      'deletable': False,
      'fieldName': 'name',
      'fieldRatio': 100.0,
      'formula': None,
      'hidden': False,
      'id': 'thing_maintenance_rules_保养方案名称',
      'isOrigin': True,
      'isSingleLine': True,
      'prompt': None,
      'required': True,
      'title': '保养方案名称',
      'type': 'TEXT',
      'wordCountLimit': {
        'max': 100,
        'min': 0,
      },
    },
    {
      'candidates': ['一级保养', '二级保养', '三级保养'],
      'colName': 'level',
      'defaultSelection': None,
      'deletable': False,
      'fieldName': 'level',
      'fieldRatio': 50.0,
      'formula': None,
      'hidden': False,
      'id': 'thing_maintenance_rules_保养等级',
      'isOrigin': True,
      'prompt': None,
      'required': True,
      'title': '保养等级',
      'type': 'SINGLE_SELECTION',
    },
    {
      'colName': 'frequency',
      'defaultText': None,
      'deletable': True,
      'fieldName': 'frequency',
      'fieldRatio': 50.0,
      'formula': None,
      'hidden': False,
      'id': 'thing_maintenance_rules_保养频次',
      'isOrigin': True,
      'isSingleLine': True,
      'prompt': None,
      'required': False,
      'title': '保养频次',
      'type': 'TEXT',
      'wordCountLimit': {
        'max': 100,
        'min': 0,
      },
    },
  ],
  'isPublish': True,
  'name': 'thing_maintenance_rules',
}

2020-09-16 16:35:43,387 - GraphqlClient.py - send_request - DEBUG -{
  'data': {
    'updateFormStruct': {
      '__typename': 'FormStruct',
      'customFields': [
        {
          '__typename': 'TextFieldMeta',
          'colName': 'name',
          'defaultText': None,
          'deletable': False,
          'fieldName': 'name',
          'fieldRatio': 100.0,
          'formula': None,
          'hidden': False,
          'id': 'thing_maintenance_rules_保养方案名称',
          'isOrigin': True,
          'isSingleLine': True,
          'prompt': None,
          'required': True,
          'title': '保养方案名称',
          'type': 'TEXT',
          'wordCountLimit': {'min': 0, 'max': 100, '__typename':...(len=54),
        },
        {
          '__typename': 'SingleSelectionFieldMeta',
          'candidates': ['一级保养', '二级保养', '三级保养'],
          'colName': 'level',
          'defaultSelection': None,
          'deletable': False,
          'fieldName': 'level',
          'fieldRatio': 50.0,
          'formula': None,
          'hidden': False,
          'id': 'thing_maintenance_rules_保养等级',
          'isOrigin': True,
          'prompt': None,
          'required': True,
          'title': '保养等级',
          'type': 'SINGLE_SELECTION',
        },
        {
          '__typename': 'TextFieldMeta',
          'colName': 'frequency',
          'defaultText': None,
          'deletable': True,
          'fieldName': 'frequency',
          'fieldRatio': 50.0,
          'formula': None,
          'hidden': False,
          'id': 'thing_maintenance_rules_保养频次',
          'isOrigin': True,
          'isSingleLine': True,
          'prompt': None,
          'required': False,
          'title': '保养频次',
          'type': 'TEXT',
          'wordCountLimit': {'min': 0, 'max': 100, '__typename':...(len=54),
        },
      ],
      'displayName': '保养方案',
      'name': 'thing_maintenance_rules',
    },
  },
  'errors': None,
}

2020-09-16 16:35:43,387 - GraphqlClient.py - send_request - DEBUG -http://192.168.1.175:8888/graphql/?updateFormStruct
2020-09-16 16:35:43,387 - GraphqlClient.py - send_request - DEBUG -{'Content-Type': 'application/json', 'authorization': 'Token eyJ0eXAiOiJKV1QiLCJhbGciOiJIUzI1NiJ9.eyJjcmVkZW50aWFscyI6eyJlbXBsb3llZV9pZCI6MSwiaXNfYWRtaW5fIjp0cnVlfSwidXNlciI6eyJpZCI6MSwiY29tcGFueV9pZCI6MSwibmFtZSI6Ilx1N2JhMVx1NzQwNlx1NTQ1OCIsImRlcGFydG1lbnRfaWQiOjEsImNvZGUiOm51bGwsInBob25lIjpudWxsLCJqb2IiOm51bGwsImVtYWlsIjpudWxsLCJhY2NvdW50IjoiYWRtaW4iLCJzdGF0dXMiOiJBQ1RJVkFURUQiLCJyb2xlcyI6bnVsbH0sImV4cCI6MTYwMDMzMTc0MH0.HX_WiJ2g3x41Ardo8yS5Zj3VAEEKBk_ZnhS8zF0OSds'}
2020-09-16 16:35:43,395 - GraphqlClient.py - send_request - DEBUG -{
  'customFields': [
    {
      'colName': 'report_department',
      'defaultText': None,
      'deletable': False,
      'fieldName': 'reportDepartment',
      'fieldRatio': 50.0,
      'formula': None,
      'hidden': False,
      'id': 'thing_repairs_申请部门',
      'isOrigin': True,
      'isSingleLine': True,
      'prompt': None,
      'required': True,
      'title': '申请部门',
      'type': 'TEXT',
      'wordCountLimit': {
        'max': 100,
        'min': 0,
      },
    },
    {
      'colName': 'fault_desc',
      'defaultText': None,
      'deletable': False,
      'fieldName': 'faultDesc',
      'fieldRatio': 100.0,
      'formula': None,
      'hidden': False,
      'id': 'thing_repairs_故障描述',
      'isOrigin': True,
      'isSingleLine': True,
      'prompt': None,
      'required': True,
      'title': '故障描述',
      'type': 'TEXT',
      'wordCountLimit': {
        'max': 100,
        'min': 0,
      },
    },
    {
      'colName': None,
      'countLimit': 5,
      'deletable': False,
      'fieldName': 'faultImages',
      'fieldRatio': 50.0,
      'formula': None,
      'hidden': False,
      'id': 'thing_repairs_故障图片',
      'isOrigin': True,
      'prompt': '故障图片',
      'required': False,
      'sizeLimit': 100,
      'title': '故障图片',
      'type': 'IMAGE',
    },
  ],
  'isPublish': True,
  'name': 'thing_repairs',
}

2020-09-16 16:35:43,611 - GraphqlClient.py - send_request - DEBUG -{
  'data': {
    'updateFormStruct': {
      '__typename': 'FormStruct',
      'customFields': [
        {
          '__typename': 'TextFieldMeta',
          'colName': 'report_department',
          'defaultText': None,
          'deletable': False,
          'fieldName': 'reportDepartment',
          'fieldRatio': 50.0,
          'formula': None,
          'hidden': False,
          'id': 'thing_repairs_申请部门',
          'isOrigin': True,
          'isSingleLine': True,
          'prompt': None,
          'required': True,
          'title': '申请部门',
          'type': 'TEXT',
          'wordCountLimit': {'min': 0, 'max': 100, '__typename':...(len=54),
        },
        {
          '__typename': 'TextFieldMeta',
          'colName': 'fault_desc',
          'defaultText': None,
          'deletable': False,
          'fieldName': 'faultDesc',
          'fieldRatio': 100.0,
          'formula': None,
          'hidden': False,
          'id': 'thing_repairs_故障描述',
          'isOrigin': True,
          'isSingleLine': True,
          'prompt': None,
          'required': True,
          'title': '故障描述',
          'type': 'TEXT',
          'wordCountLimit': {'min': 0, 'max': 100, '__typename':...(len=54),
        },
        {
          '__typename': 'ImageFieldMeta',
          'colName': None,
          'countLimit': 5,
          'deletable': False,
          'fieldName': 'faultImages',
          'fieldRatio': 50.0,
          'formula': None,
          'hidden': False,
          'id': 'thing_repairs_故障图片',
          'isOrigin': True,
          'prompt': '故障图片',
          'required': False,
          'sizeLimit': 100,
          'title': '故障图片',
          'type': 'IMAGE',
        },
      ],
      'displayName': '报修单信息',
      'name': 'thing_repairs',
    },
  },
  'errors': None,
}

2020-09-16 16:35:43,612 - GraphqlClient.py - send_request - DEBUG -http://192.168.1.175:8888/graphql/?updateFormStruct
2020-09-16 16:35:43,612 - GraphqlClient.py - send_request - DEBUG -{'Content-Type': 'application/json', 'authorization': 'Token eyJ0eXAiOiJKV1QiLCJhbGciOiJIUzI1NiJ9.eyJjcmVkZW50aWFscyI6eyJlbXBsb3llZV9pZCI6MSwiaXNfYWRtaW5fIjp0cnVlfSwidXNlciI6eyJpZCI6MSwiY29tcGFueV9pZCI6MSwibmFtZSI6Ilx1N2JhMVx1NzQwNlx1NTQ1OCIsImRlcGFydG1lbnRfaWQiOjEsImNvZGUiOm51bGwsInBob25lIjpudWxsLCJqb2IiOm51bGwsImVtYWlsIjpudWxsLCJhY2NvdW50IjoiYWRtaW4iLCJzdGF0dXMiOiJBQ1RJVkFURUQiLCJyb2xlcyI6bnVsbH0sImV4cCI6MTYwMDMzMTc0MH0.HX_WiJ2g3x41Ardo8yS5Zj3VAEEKBk_ZnhS8zF0OSds'}
2020-09-16 16:35:43,626 - GraphqlClient.py - send_request - DEBUG -{
  'customFields': [
    {
      'colName': 'finished_at',
      'defaultDatetime': None,
      'deletable': False,
      'fieldName': 'finishedAt',
      'fieldRatio': 50.0,
      'formula': None,
      'hidden': False,
      'id': 'thing_repairs_feedback_维修完成时间',
      'isOrigin': True,
      'prompt': None,
      'required': True,
      'title': '维修完成时间',
      'type': 'DATETIME',
    },
    {
      'colName': 'spare_part_costs',
      'defaultNumber': None,
      'deletable': True,
      'digit': 0,
      'fieldName': 'sparePartCosts',
      'fieldRatio': 50.0,
      'formula': None,
      'hidden': False,
      'id': 'thing_repairs_feedback_备件费',
      'isOrigin': True,
      'prompt': None,
      'required': False,
      'showMoney': True,
      'title': '备件费',
      'type': 'NUMBER',
    },
    {
      'colName': None,
      'defaultDesc': None,
      'deletable': True,
      'fieldName': None,
      'fieldRatio': 100.0,
      'formula': None,
      'hidden': False,
      'id': 'thing_repairs_feedback_维修费用',
      'isOrigin': True,
      'prompt': None,
      'required': False,
      'title': '维修费用',
      'type': 'DESCRIPTION',
    },
    {
      'colName': 'material_costs',
      'defaultNumber': None,
      'deletable': True,
      'digit': 0,
      'fieldName': 'materialCosts',
      'fieldRatio': 50.0,
      'formula': None,
      'hidden': False,
      'id': 'thing_repairs_feedback_材料费',
      'isOrigin': True,
      'prompt': None,
      'required': False,
      'showMoney': True,
      'title': '材料费',
      'type': 'NUMBER',
    },
    {
      'colName': 'labor_costs',
      'defaultNumber': None,
      'deletable': True,
      'digit': 0,
      'fieldName': 'laborCosts',
      'fieldRatio': 50.0,
      'formula': None,
      'hidden': False,
      'id': 'thing_repairs_feedback_人工费',
      'isOrigin': True,
      'prompt': None,
      'required': True,
      'showMoney': True,
      'title': '人工费',
      'type': 'NUMBER',
    },
    {
      'colName': 'other_costs',
      'defaultNumber': None,
      'deletable': True,
      'digit': 0,
      'fieldName': 'otherCosts',
      'fieldRatio': 50.0,
      'formula': None,
      'hidden': False,
      'id': 'thing_repairs_feedback_其他费用',
      'isOrigin': True,
      'prompt': None,
      'required': False,
      'showMoney': True,
      'title': '其他费用',
      'type': 'NUMBER',
    },
    {
      'colName': None,
      'defaultText': None,
      'deletable': False,
      'fieldName': 'result',
      'fieldRatio': 50.0,
      'formula': None,
      'hidden': False,
      'id': 'thing_repairs_feedback_维修结果',
      'isOrigin': True,
      'isSingleLine': True,
      'prompt': None,
      'required': True,
      'title': '维修结果',
      'type': 'TEXT',
      'wordCountLimit': {
        'max': 1000,
        'min': 1,
      },
    },
  ],
  'isPublish': True,
  'name': 'thing_repairs_feedback',
}

2020-09-16 16:35:43,907 - GraphqlClient.py - send_request - DEBUG -{
  'data': {
    'updateFormStruct': {
      '__typename': 'FormStruct',
      'customFields': [
        {
          '__typename': 'DatetimeFieldMeta',
          'colName': 'finished_at',
          'defaultDatetime': None,
          'deletable': False,
          'fieldName': 'finishedAt',
          'fieldRatio': 50.0,
          'formula': None,
          'hidden': False,
          'id': 'thing_repairs_feedback_维修完成时间',
          'isOrigin': True,
          'prompt': None,
          'required': True,
          'title': '维修完成时间',
          'type': 'DATETIME',
        },
        {
          '__typename': 'NumberFieldMeta',
          'colName': 'spare_part_costs',
          'defaultNumber': None,
          'deletable': True,
          'digit': 0,
          'fieldName': 'sparePartCosts',
          'fieldRatio': 50.0,
          'formula': None,
          'hidden': False,
          'id': 'thing_repairs_feedback_备件费',
          'isOrigin': True,
          'prompt': None,
          'required': False,
          'showMoney': True,
          'title': '备件费',
          'type': 'NUMBER',
        },
        {
          '__typename': 'DescriptionFieldMeta',
          'colName': None,
          'defaultDesc': None,
          'deletable': True,
          'fieldName': None,
          'fieldRatio': 100.0,
          'formula': None,
          'hidden': False,
          'id': 'thing_repairs_feedback_维修费用',
          'isOrigin': True,
          'prompt': None,
          'required': False,
          'title': '维修费用',
          'type': 'DESCRIPTION',
        },
        {
          '__typename': 'NumberFieldMeta',
          'colName': 'material_costs',
          'defaultNumber': None,
          'deletable': True,
          'digit': 0,
          'fieldName': 'materialCosts',
          'fieldRatio': 50.0,
          'formula': None,
          'hidden': False,
          'id': 'thing_repairs_feedback_材料费',
          'isOrigin': True,
          'prompt': None,
          'required': False,
          'showMoney': True,
          'title': '材料费',
          'type': 'NUMBER',
        },
        {
          '__typename': 'NumberFieldMeta',
          'colName': 'labor_costs',
          'defaultNumber': None,
          'deletable': True,
          'digit': 0,
          'fieldName': 'laborCosts',
          'fieldRatio': 50.0,
          'formula': None,
          'hidden': False,
          'id': 'thing_repairs_feedback_人工费',
          'isOrigin': True,
          'prompt': None,
          'required': True,
          'showMoney': True,
          'title': '人工费',
          'type': 'NUMBER',
        },
        {
          '__typename': 'NumberFieldMeta',
          'colName': 'other_costs',
          'defaultNumber': None,
          'deletable': True,
          'digit': 0,
          'fieldName': 'otherCosts',
          'fieldRatio': 50.0,
          'formula': None,
          'hidden': False,
          'id': 'thing_repairs_feedback_其他费用',
          'isOrigin': True,
          'prompt': None,
          'required': False,
          'showMoney': True,
          'title': '其他费用',
          'type': 'NUMBER',
        },
        {
          '__typename': 'TextFieldMeta',
          'colName': None,
          'defaultText': None,
          'deletable': False,
          'fieldName': 'result',
          'fieldRatio': 50.0,
          'formula': None,
          'hidden': False,
          'id': 'thing_repairs_feedback_维修结果',
          'isOrigin': True,
          'isSingleLine': True,
          'prompt': None,
          'required': True,
          'title': '维修结果',
          'type': 'TEXT',
          'wordCountLimit': {'min': 1, 'max': 1000, '__typename':...(len=55),
        },
      ],
      'displayName': '报修单反馈信息',
      'name': 'thing_repairs_feedback',
    },
  },
  'errors': None,
}

2020-09-16 16:35:43,908 - GraphqlClient.py - send_request - DEBUG -http://192.168.1.175:8888/graphql/?updateFormStruct
2020-09-16 16:35:43,908 - GraphqlClient.py - send_request - DEBUG -{'Content-Type': 'application/json', 'authorization': 'Token eyJ0eXAiOiJKV1QiLCJhbGciOiJIUzI1NiJ9.eyJjcmVkZW50aWFscyI6eyJlbXBsb3llZV9pZCI6MSwiaXNfYWRtaW5fIjp0cnVlfSwidXNlciI6eyJpZCI6MSwiY29tcGFueV9pZCI6MSwibmFtZSI6Ilx1N2JhMVx1NzQwNlx1NTQ1OCIsImRlcGFydG1lbnRfaWQiOjEsImNvZGUiOm51bGwsInBob25lIjpudWxsLCJqb2IiOm51bGwsImVtYWlsIjpudWxsLCJhY2NvdW50IjoiYWRtaW4iLCJzdGF0dXMiOiJBQ1RJVkFURUQiLCJyb2xlcyI6bnVsbH0sImV4cCI6MTYwMDMzMTc0MH0.HX_WiJ2g3x41Ardo8yS5Zj3VAEEKBk_ZnhS8zF0OSds'}
2020-09-16 16:35:43,951 - GraphqlClient.py - send_request - DEBUG -{
  'customFields': [
    {
      'colName': 'name',
      'defaultText': None,
      'deletable': False,
      'fieldName': 'name',
      'fieldRatio': 50.0,
      'formula': None,
      'hidden': False,
      'id': 'things_设备名称',
      'isOrigin': True,
      'isSingleLine': True,
      'prompt': None,
      'required': True,
      'title': '设备名称',
      'type': 'TEXT',
      'wordCountLimit': {
        'max': 100,
        'min': 0,
      },
    },
    {
      'colName': 'code',
      'defaultText': None,
      'deletable': False,
      'fieldName': 'code',
      'fieldRatio': 50.0,
      'formula': None,
      'hidden': False,
      'id': 'things_设备编码',
      'isOrigin': True,
      'isSingleLine': True,
      'prompt': None,
      'required': True,
      'title': '设备编码',
      'type': 'TEXT',
      'wordCountLimit': {
        'max': 100,
        'min': 0,
      },
    },
    {
      'colName': 'location',
      'defaultText': None,
      'deletable': True,
      'fieldName': 'location',
      'fieldRatio': 100.0,
      'formula': None,
      'hidden': False,
      'id': 'things_设备位置',
      'isOrigin': True,
      'isSingleLine': True,
      'prompt': None,
      'required': False,
      'title': '设备位置',
      'type': 'TEXT',
      'wordCountLimit': {
        'max': 100,
        'min': 0,
      },
    },
    {
      'colName': 'model',
      'defaultText': None,
      'deletable': False,
      'fieldName': 'model',
      'fieldRatio': 50.0,
      'formula': None,
      'hidden': False,
      'id': 'things_设备型号',
      'isOrigin': True,
      'isSingleLine': True,
      'prompt': None,
      'required': True,
      'title': '设备型号',
      'type': 'TEXT',
      'wordCountLimit': {
        'max': 100,
        'min': 0,
      },
    },
    {
      'colName': 'contact',
      'defaultContact': None,
      'deletable': True,
      'fieldName': 'contact',
      'fieldRatio': 50.0,
      'formula': None,
      'hidden': False,
      'id': 'things_负责人',
      'isOrigin': True,
      'prompt': None,
      'required': False,
      'title': '负责人',
      'type': 'CONTACT',
    },
    {
      'colName': 'phone',
      'defaultText': None,
      'deletable': True,
      'fieldName': 'phone',
      'fieldRatio': 50.0,
      'formula': None,
      'hidden': False,
      'id': 'things_手机号码',
      'isOrigin': True,
      'isSingleLine': True,
      'prompt': None,
      'required': False,
      'title': '手机号码',
      'type': 'TEXT',
      'wordCountLimit': {
        'max': 100,
        'min': 0,
      },
    },
    {
      'colName': 'manufacturer',
      'defaultText': None,
      'deletable': True,
      'fieldName': 'manufacturer',
      'fieldRatio': 50.0,
      'formula': None,
      'hidden': False,
      'id': 'things_生产厂家',
      'isOrigin': True,
      'isSingleLine': True,
      'prompt': None,
      'required': False,
      'title': '生产厂家',
      'type': 'TEXT',
      'wordCountLimit': {
        'max': 100,
        'min': 0,
      },
    },
    {
      'colName': 'distributor',
      'defaultText': None,
      'deletable': True,
      'fieldName': 'distributor',
      'fieldRatio': 50.0,
      'formula': None,
      'hidden': False,
      'id': 'things_经销商',
      'isOrigin': True,
      'isSingleLine': True,
      'prompt': None,
      'required': False,
      'title': '经销商',
      'type': 'TEXT',
      'wordCountLimit': {
        'max': 100,
        'min': 0,
      },
    },
    {
      'colName': 'purchased_at',
      'defaultDatetime': None,
      'deletable': True,
      'fieldName': 'purchasedAt',
      'fieldRatio': 50.0,
      'formula': None,
      'hidden': False,
      'id': 'things_采购日期',
      'isOrigin': True,
      'prompt': None,
      'required': False,
      'title': '采购日期',
      'type': 'DATETIME',
    },
    {
      'colName': 'activated_at',
      'defaultDatetime': None,
      'deletable': True,
      'fieldName': 'activatedAt',
      'fieldRatio': 50.0,
      'formula': None,
      'hidden': False,
      'id': 'things_启用日期',
      'isOrigin': True,
      'prompt': None,
      'required': False,
      'title': '启用日期',
      'type': 'DATETIME',
    },
    {
      'colName': 'purchased_price',
      'defaultNumber': None,
      'deletable': True,
      'digit': 0,
      'fieldName': 'purchasedPrice',
      'fieldRatio': 50.0,
      'formula': None,
      'hidden': False,
      'id': 'things_采购价格',
      'isOrigin': True,
      'prompt': None,
      'required': False,
      'showMoney': True,
      'title': '采购价格',
      'type': 'NUMBER',
    },
    {
      'colName': 'years_of_use',
      'defaultNumber': None,
      'deletable': True,
      'digit': 0,
      'fieldName': 'yearsOfUse',
      'fieldRatio': 50.0,
      'formula': None,
      'hidden': False,
      'id': 'things_使用年限',
      'isOrigin': True,
      'prompt': None,
      'required': False,
      'showMoney': False,
      'title': '使用年限',
      'type': 'NUMBER',
    },
    {
      'colName': 'depreciation_rate',
      'defaultNumber': None,
      'deletable': True,
      'digit': 0,
      'fieldName': 'depreciationRate',
      'fieldRatio': 50.0,
      'formula': None,
      'hidden': False,
      'id': 'things_折旧率',
      'isOrigin': True,
      'prompt': None,
      'required': False,
      'showMoney': False,
      'title': '折旧率',
      'type': 'NUMBER',
    },
    {
      'colName': None,
      'countLimit': 5,
      'deletable': True,
      'fieldName': 'attachments',
      'fieldRatio': 50.0,
      'formula': None,
      'hidden': False,
      'id': 'things_关联附件',
      'isOrigin': True,
      'prompt': None,
      'required': False,
      'sizeLimit': 100,
      'title': '关联附件',
      'type': 'ATTACHMENT',
    },
    {
      'colName': None,
      'countLimit': 5,
      'deletable': True,
      'fieldName': 'images',
      'fieldRatio': 50.0,
      'formula': None,
      'hidden': False,
      'id': 'things_设备图片',
      'isOrigin': True,
      'prompt': None,
      'required': False,
      'sizeLimit': 100,
      'title': '设备图片',
      'type': 'IMAGE',
    },
    {
      'colName': 'desc',
      'defaultText': None,
      'deletable': True,
      'fieldName': 'desc',
      'fieldRatio': 100.0,
      'formula': None,
      'hidden': False,
      'id': 'things_设备描述',
      'isOrigin': True,
      'isSingleLine': True,
      'prompt': None,
      'required': False,
      'title': '设备描述',
      'type': 'TEXT',
      'wordCountLimit': {
        'max': 100,
        'min': 0,
      },
    },
    {
      'candidates': ['1'],
      'colName': 'category',
      'defaultSelection': None,
      'deletable': False,
      'fieldName': 'category',
      'fieldRatio': 50.0,
      'formula': None,
      'hidden': False,
      'id': 'things_设备类别',
      'isOrigin': True,
      'prompt': None,
      'required': True,
      'title': '设备类别',
      'type': 'SINGLE_SELECTION',
    },
    {
      'candidates': ['1'],
      'colName': 'brand',
      'defaultSelection': None,
      'deletable': False,
      'fieldName': 'brand',
      'fieldRatio': 50.0,
      'formula': None,
      'hidden': False,
      'id': 'things_品牌',
      'isOrigin': True,
      'prompt': None,
      'required': True,
      'title': '品牌',
      'type': 'SINGLE_SELECTION',
    },
    {
      'candidates': ['1'],
      'colName': 'factory',
      'defaultSelection': None,
      'deletable': False,
      'fieldName': 'factory',
      'fieldRatio': 50.0,
      'formula': None,
      'hidden': False,
      'id': 'things_使用工厂',
      'isOrigin': True,
      'prompt': None,
      'required': True,
      'title': '使用工厂',
      'type': 'SINGLE_SELECTION',
    },
    {
      'candidates': ['1'],
      'colName': 'purpose',
      'defaultSelection': None,
      'deletable': False,
      'fieldName': 'purpose',
      'fieldRatio': 50.0,
      'formula': None,
      'hidden': False,
      'id': 'things_用途',
      'isOrigin': True,
      'prompt': None,
      'required': True,
      'title': '用途',
      'type': 'SINGLE_SELECTION',
    },
    {
      'candidates': ['1'],
      'colName': 'status',
      'defaultSelection': None,
      'deletable': False,
      'fieldName': 'status',
      'fieldRatio': 50.0,
      'formula': None,
      'hidden': False,
      'id': 'things_设备状态',
      'isOrigin': True,
      'prompt': None,
      'required': True,
      'title': '设备状态',
      'type': 'SINGLE_SELECTION',
    },
  ],
  'isPublish': True,
  'name': 'things',
}

2020-09-16 16:35:44,166 - GraphqlClient.py - send_request - DEBUG -{
  'data': {
    'updateFormStruct': {
      '__typename': 'FormStruct',
      'customFields': [
        {
          '__typename': 'TextFieldMeta',
          'colName': 'name',
          'defaultText': None,
          'deletable': False,
          'fieldName': 'name',
          'fieldRatio': 50.0,
          'formula': None,
          'hidden': False,
          'id': 'things_设备名称',
          'isOrigin': True,
          'isSingleLine': True,
          'prompt': None,
          'required': True,
          'title': '设备名称',
          'type': 'TEXT',
          'wordCountLimit': {'min': 0, 'max': 100, '__typename':...(len=54),
        },
        {
          '__typename': 'TextFieldMeta',
          'colName': 'code',
          'defaultText': None,
          'deletable': False,
          'fieldName': 'code',
          'fieldRatio': 50.0,
          'formula': None,
          'hidden': False,
          'id': 'things_设备编码',
          'isOrigin': True,
          'isSingleLine': True,
          'prompt': None,
          'required': True,
          'title': '设备编码',
          'type': 'TEXT',
          'wordCountLimit': {'min': 0, 'max': 100, '__typename':...(len=54),
        },
        {
          '__typename': 'TextFieldMeta',
          'colName': 'location',
          'defaultText': None,
          'deletable': True,
          'fieldName': 'location',
          'fieldRatio': 100.0,
          'formula': None,
          'hidden': False,
          'id': 'things_设备位置',
          'isOrigin': True,
          'isSingleLine': True,
          'prompt': None,
          'required': False,
          'title': '设备位置',
          'type': 'TEXT',
          'wordCountLimit': {'min': 0, 'max': 100, '__typename':...(len=54),
        },
        {
          '__typename': 'TextFieldMeta',
          'colName': 'model',
          'defaultText': None,
          'deletable': False,
          'fieldName': 'model',
          'fieldRatio': 50.0,
          'formula': None,
          'hidden': False,
          'id': 'things_设备型号',
          'isOrigin': True,
          'isSingleLine': True,
          'prompt': None,
          'required': True,
          'title': '设备型号',
          'type': 'TEXT',
          'wordCountLimit': {'min': 0, 'max': 100, '__typename':...(len=54),
        },
        {
          '__typename': 'ContactFieldMeta',
          'colName': 'contact',
          'defaultContact': None,
          'deletable': True,
          'fieldName': 'contact',
          'fieldRatio': 50.0,
          'formula': None,
          'hidden': False,
          'id': 'things_负责人',
          'isOrigin': True,
          'prompt': None,
          'required': False,
          'title': '负责人',
          'type': 'CONTACT',
        },
        {
          '__typename': 'TextFieldMeta',
          'colName': 'phone',
          'defaultText': None,
          'deletable': True,
          'fieldName': 'phone',
          'fieldRatio': 50.0,
          'formula': None,
          'hidden': False,
          'id': 'things_手机号码',
          'isOrigin': True,
          'isSingleLine': True,
          'prompt': None,
          'required': False,
          'title': '手机号码',
          'type': 'TEXT',
          'wordCountLimit': {'min': 0, 'max': 100, '__typename':...(len=54),
        },
        {
          '__typename': 'TextFieldMeta',
          'colName': 'manufacturer',
          'defaultText': None,
          'deletable': True,
          'fieldName': 'manufacturer',
          'fieldRatio': 50.0,
          'formula': None,
          'hidden': False,
          'id': 'things_生产厂家',
          'isOrigin': True,
          'isSingleLine': True,
          'prompt': None,
          'required': False,
          'title': '生产厂家',
          'type': 'TEXT',
          'wordCountLimit': {'min': 0, 'max': 100, '__typename':...(len=54),
        },
        {
          '__typename': 'TextFieldMeta',
          'colName': 'distributor',
          'defaultText': None,
          'deletable': True,
          'fieldName': 'distributor',
          'fieldRatio': 50.0,
          'formula': None,
          'hidden': False,
          'id': 'things_经销商',
          'isOrigin': True,
          'isSingleLine': True,
          'prompt': None,
          'required': False,
          'title': '经销商',
          'type': 'TEXT',
          'wordCountLimit': {'min': 0, 'max': 100, '__typename':...(len=54),
        },
        {
          '__typename': 'DatetimeFieldMeta',
          'colName': 'purchased_at',
          'defaultDatetime': None,
          'deletable': True,
          'fieldName': 'purchasedAt',
          'fieldRatio': 50.0,
          'formula': None,
          'hidden': False,
          'id': 'things_采购日期',
          'isOrigin': True,
          'prompt': None,
          'required': False,
          'title': '采购日期',
          'type': 'DATETIME',
        },
        {
          '__typename': 'DatetimeFieldMeta',
          'colName': 'activated_at',
          'defaultDatetime': None,
          'deletable': True,
          'fieldName': 'activatedAt',
          'fieldRatio': 50.0,
          'formula': None,
          'hidden': False,
          'id': 'things_启用日期',
          'isOrigin': True,
          'prompt': None,
          'required': False,
          'title': '启用日期',
          'type': 'DATETIME',
        },
        {
          '__typename': 'NumberFieldMeta',
          'colName': 'purchased_price',
          'defaultNumber': None,
          'deletable': True,
          'digit': 0,
          'fieldName': 'purchasedPrice',
          'fieldRatio': 50.0,
          'formula': None,
          'hidden': False,
          'id': 'things_采购价格',
          'isOrigin': True,
          'prompt': None,
          'required': False,
          'showMoney': True,
          'title': '采购价格',
          'type': 'NUMBER',
        },
        {
          '__typename': 'NumberFieldMeta',
          'colName': 'years_of_use',
          'defaultNumber': None,
          'deletable': True,
          'digit': 0,
          'fieldName': 'yearsOfUse',
          'fieldRatio': 50.0,
          'formula': None,
          'hidden': False,
          'id': 'things_使用年限',
          'isOrigin': True,
          'prompt': None,
          'required': False,
          'showMoney': False,
          'title': '使用年限',
          'type': 'NUMBER',
        },
        {
          '__typename': 'NumberFieldMeta',
          'colName': 'depreciation_rate',
          'defaultNumber': None,
          'deletable': True,
          'digit': 0,
          'fieldName': 'depreciationRate',
          'fieldRatio': 50.0,
          'formula': None,
          'hidden': False,
          'id': 'things_折旧率',
          'isOrigin': True,
          'prompt': None,
          'required': False,
          'showMoney': False,
          'title': '折旧率',
          'type': 'NUMBER',
        },
        {
          '__typename': 'AttachmentFieldMeta',
          'colName': None,
          'countLimit': 5,
          'deletable': True,
          'fieldName': 'attachments',
          'fieldRatio': 50.0,
          'formula': None,
          'hidden': False,
          'id': 'things_关联附件',
          'isOrigin': True,
          'prompt': None,
          'required': False,
          'sizeLimit': 100,
          'title': '关联附件',
          'type': 'ATTACHMENT',
        },
        {
          '__typename': 'ImageFieldMeta',
          'colName': None,
          'countLimit': 5,
          'deletable': True,
          'fieldName': 'images',
          'fieldRatio': 50.0,
          'formula': None,
          'hidden': False,
          'id': 'things_设备图片',
          'isOrigin': True,
          'prompt': None,
          'required': False,
          'sizeLimit': 100,
          'title': '设备图片',
          'type': 'IMAGE',
        },
        {
          '__typename': 'TextFieldMeta',
          'colName': 'desc',
          'defaultText': None,
          'deletable': True,
          'fieldName': 'desc',
          'fieldRatio': 100.0,
          'formula': None,
          'hidden': False,
          'id': 'things_设备描述',
          'isOrigin': True,
          'isSingleLine': True,
          'prompt': None,
          'required': False,
          'title': '设备描述',
          'type': 'TEXT',
          'wordCountLimit': {'min': 0, 'max': 100, '__typename':...(len=54),
        },
        {
          '__typename': 'SingleSelectionFieldMeta',
          'candidates': ['1'],
          'colName': 'category',
          'defaultSelection': None,
          'deletable': False,
          'fieldName': 'category',
          'fieldRatio': 50.0,
          'formula': None,
          'hidden': False,
          'id': 'things_设备类别',
          'isOrigin': True,
          'prompt': None,
          'required': True,
          'title': '设备类别',
          'type': 'SINGLE_SELECTION',
        },
        {
          '__typename': 'SingleSelectionFieldMeta',
          'candidates': ['1'],
          'colName': 'brand',
          'defaultSelection': None,
          'deletable': False,
          'fieldName': 'brand',
          'fieldRatio': 50.0,
          'formula': None,
          'hidden': False,
          'id': 'things_品牌',
          'isOrigin': True,
          'prompt': None,
          'required': True,
          'title': '品牌',
          'type': 'SINGLE_SELECTION',
        },
        {
          '__typename': 'SingleSelectionFieldMeta',
          'candidates': ['1'],
          'colName': 'factory',
          'defaultSelection': None,
          'deletable': False,
          'fieldName': 'factory',
          'fieldRatio': 50.0,
          'formula': None,
          'hidden': False,
          'id': 'things_使用工厂',
          'isOrigin': True,
          'prompt': None,
          'required': True,
          'title': '使用工厂',
          'type': 'SINGLE_SELECTION',
        },
        {
          '__typename': 'SingleSelectionFieldMeta',
          'candidates': ['1'],
          'colName': 'purpose',
          'defaultSelection': None,
          'deletable': False,
          'fieldName': 'purpose',
          'fieldRatio': 50.0,
          'formula': None,
          'hidden': False,
          'id': 'things_用途',
          'isOrigin': True,
          'prompt': None,
          'required': True,
          'title': '用途',
          'type': 'SINGLE_SELECTION',
        },
        {
          '__typename': 'SingleSelectionFieldMeta',
          'candidates': ['1'],
          'colName': 'status',
          'defaultSelection': None,
          'deletable': False,
          'fieldName': 'status',
          'fieldRatio': 50.0,
          'formula': None,
          'hidden': False,
          'id': 'things_设备状态',
          'isOrigin': True,
          'prompt': None,
          'required': True,
          'title': '设备状态',
          'type': 'SINGLE_SELECTION',
        },
      ],
      'displayName': '设备信息',
      'name': 'things',
    },
  },
  'errors': None,
}

