2020-09-17 17:11:21,536 - GraphqlClient.py - send_request - DEBUG -http://192.168.1.175:8888/graphql/?login
2020-09-17 17:11:21,537 - GraphqlClient.py - send_request - DEBUG -{'Content-Type': 'application/json'}
2020-09-17 17:11:21,553 - GraphqlClient.py - send_request - DEBUG -{
  'input': {
    'account': 'admin',
    'password': 'admin',
  },
}

2020-09-17 17:11:21,999 - GraphqlClient.py - send_request - DEBUG -{
  'data': {
    'login': {
      '__typename': 'AuthInfo',
      'employee': {
        '__typename': 'Employee',
        'account': 'admin',
        'code': None,
        'department': {
          '__typename': 'Department',
          'headcount': 38,
          'id': '1',
          'name': '喜临门家具股份有限公司',
          'parentPath': [],
          'subsidiaries': [],
        },
        'email': None,
        'id': '1',
        'job': None,
        'name': '管理员',
        'phone': None,
        'roles': [
          {'id': '1', 'name': '负责人', 'permissions':...(len=170),
        ],
        'status': 'ACTIVATED',
      },
      'token': 'eyJ0eXAiOiJKV1QiLCJhbGciOiJIUzI1NiJ9.eyJjcmVkZW50aWFscyI6eyJlbXB
                sb3llZV9pZCI6MSwiaXNfYWRtaW5fIjp0cnVlfSwidXNlciI6eyJpZCI6MSwiY29
                ...(5 hidden lines)',
    },
  },
  'errors': None,
}

2020-09-17 17:11:22,002 - GraphqlClient.py - send_request - DEBUG -http://192.168.1.175:8888/graphql/?formStructs
2020-09-17 17:11:22,003 - GraphqlClient.py - send_request - DEBUG -{'Content-Type': 'application/json', 'authorization': 'Token eyJ0eXAiOiJKV1QiLCJhbGciOiJIUzI1NiJ9.eyJjcmVkZW50aWFscyI6eyJlbXBsb3llZV9pZCI6MSwiaXNfYWRtaW5fIjp0cnVlfSwidXNlciI6eyJpZCI6MSwiY29tcGFueV9pZCI6MSwibmFtZSI6Ilx1N2JhMVx1NzQwNlx1NTQ1OCIsImRlcGFydG1lbnRfaWQiOjEsImNvZGUiOm51bGwsInBob25lIjpudWxsLCJqb2IiOm51bGwsImVtYWlsIjpudWxsLCJhY2NvdW50IjoiYWRtaW4iLCJzdGF0dXMiOiJBQ1RJVkFURUQiLCJyb2xlcyI6bnVsbH0sImV4cCI6MTYwMDQyMDI4MX0._ZCjhe-GSAepyz5UG1id1E9ipg3WXuePPhr3hAxnl2s'}
2020-09-17 17:11:22,003 - GraphqlClient.py - send_request - DEBUG -{
  'isDraft': False,
}

2020-09-17 17:11:22,166 - GraphqlClient.py - send_request - DEBUG -{
  'data': {
    'formStructs': [
      {
        '__typename': 'FormStruct',
        'customFields': [
          {'id': 'spare_part_outbounds_领用仓库',...(len=392),
          {'id': 'spare_part_outbounds_领用工厂',...(len=396),
          {'id': 'spare_part_outbounds_领用时间',...(len=306),
        ],
        'displayName': '申领单信息',
        'name': 'spare_part_outbounds',
      },
      {
        '__typename': 'FormStruct',
        'customFields': [
          {'id': 'spare_part_receipts_入库仓库',...(len=392),
          {'id': 'spare_part_receipts_入库工厂',...(len=396),
          {'id': 'spare_part_receipts_入库时间',...(len=306),
        ],
        'displayName': '入库单信息',
        'name': 'spare_part_receipts',
      },
      {
        '__typename': 'FormStruct',
        'customFields': [
          {'id': 'spare_parts_备件名称', 'type':...(len=382),
          {'id': 'spare_parts_备件类型', 'type':...(len=341),
          {'id': 'spare_parts_备件型号', 'type':...(len=383),
          {'id': 'spare_parts_生产厂家', 'type':...(len=397),
          {'id': 'spare_parts_经销商', 'type':...(len=391),
          {'id': 'spare_parts_备件描述', 'type':...(len=381),
          {'id': 'spare_parts_附件', 'type':...(len=314),
          {'id': 'spare_parts_图片', 'type':...(len=300),
          {'id': 'spare_parts_单价', 'type':...(len=318),
          {'id':...(len=339),
          {'id':...(len=339),
          {'id':...(len=339),
          {'id':...(len=337),
          {'id':...(len=452),
          {'id':...(len=492),
        ],
        'displayName': '备件基本档案',
        'name': 'spare_parts',
      },
      {
        '__typename': 'FormStruct',
        'customFields': [
          {'id': 'thing_inspection_rules_巡检方案名...(len=400),
        ],
        'displayName': '设备巡检方案',
        'name': 'thing_inspection_rules',
      },
      {
        '__typename': 'FormStruct',
        'customFields': [],
        'displayName': '巡检工单',
        'name': 'thing_inspections',
      },
      {
        '__typename': 'FormStruct',
        'customFields': [
          {'id': 'thing_inspections_feedback_巡检完...(len=322),
        ],
        'displayName': '反馈巡检工单',
        'name': 'thing_inspections_feedback',
      },
      {
        '__typename': 'FormStruct',
        'customFields': [],
        'displayName': '保养工单',
        'name': 'thing_maintenance',
      },
      {
        '__typename': 'FormStruct',
        'customFields': [
          {'id': 'thing_maintenance_feedback_结束时...(len=315),
          {'id': 'thing_maintenance_feedback_备注',...(len=395),
          {'id': 'thing_maintenance_feedback_备件费...(len=357),
          {'id': 'thing_maintenance_feedback_材料费...(len=354),
          {'id': 'thing_maintenance_feedback_人工费...(len=348),
          {'id': 'thing_maintenance_feedback_其他费...(len=352),
          {'id': 'thing_maintenance_feedback_保养结...(len=397),
          {'id': 'thing_maintenance_feedback_保养图...(len=323),
        ],
        'displayName': '反馈保养工单',
        'name': 'thing_maintenance_feedback',
      },
      {
        '__typename': 'FormStruct',
        'customFields': [
          {'id': 'thing_maintenance_rules_保养方案...(len=402),
          {'id': 'thing_maintenance_rules_保养等级...(len=379),
          {'id': 'thing_maintenance_rules_保养频次...(len=403),
        ],
        'displayName': '保养方案',
        'name': 'thing_maintenance_rules',
      },
      {
        '__typename': 'FormStruct',
        'customFields': [
          {'id': 'thing_repairs_申请部门', 'type':...(len=408),
          {'id': 'thing_repairs_故障描述', 'type':...(len=395),
          {'id': 'thing_repairs_故障图片', 'type':...(len=315),
        ],
        'displayName': '报修单信息',
        'name': 'thing_repairs',
      },
      {
        '__typename': 'FormStruct',
        'customFields': [
          {'id': 'thing_repairs_feedback_维修完成时...(len=329),
          {'id': 'thing_repairs_feedback_备件费',...(len=351),
          {'id': 'thing_repairs_feedback_维修费用',...(len=307),
          {'id': 'thing_repairs_feedback_材料费',...(len=348),
          {'id': 'thing_repairs_feedback_人工费',...(len=341),
          {'id': 'thing_repairs_feedback_其他费用',...(len=346),
          {'id': 'thing_repairs_feedback_维修结果',...(len=393),
        ],
        'displayName': '报修单反馈信息',
        'name': 'thing_repairs_feedback',
      },
      {
        '__typename': 'FormStruct',
        'customFields': [
          {'id': 'things_设备名称', 'type': 'TEXT',...(len=376),
          {'id': 'things_设备编码', 'type': 'TEXT',...(len=376),
          {'id': 'things_设备位置', 'type': 'TEXT',...(len=385),
          {'id': 'things_设备型号', 'type': 'TEXT',...(len=378),
          {'id': 'things_负责人', 'type':...(len=291),
          {'id': 'things_手机号码', 'type': 'TEXT',...(len=378),
          {'id': 'things_生产厂家', 'type': 'TEXT',...(len=392),
          {'id': 'things_经销商', 'type': 'TEXT',...(len=386),
          {'id': 'things_采购日期', 'type':...(len=307),
          {'id': 'things_启用日期', 'type':...(len=307),
          {'id': 'things_关联附件', 'type':...(len=311),
          {'id': 'things_设备图片', 'type':...(len=296),
          {'id': 'things_设备描述', 'type': 'TEXT',...(len=377),
          {'id': 'things_设备类别', 'type':...(len=344),
          {'id': 'things_品牌', 'type':...(len=328),
          {'id': 'things_使用工厂', 'type':...(len=340),
          {'id': 'things_用途', 'type':...(len=330),
          {'id': 'things_设备状态', 'type':...(len=338),
          {'id': 'things_采购价格(固定资产原值)',...(len=367),
          {'id': 'things_预计使用年限', 'type':...(len=341),
          {'id': 'things_已使用年数', 'type':...(len=332),
          {'id': 'things_预计净产值率', 'type':...(len=359),
          {'id': 'things_年折旧率', 'type':...(len=347),
        ],
        'displayName': '设备信息',
        'name': 'things',
      },
    ],
  },
  'errors': None,
}

2020-09-17 17:11:22,185 - GraphqlClient.py - send_request - DEBUG -http://192.168.1.175:8888/graphql/?login
2020-09-17 17:11:22,185 - GraphqlClient.py - send_request - DEBUG -{'Content-Type': 'application/json'}
2020-09-17 17:11:22,186 - GraphqlClient.py - send_request - DEBUG -{
  'input': {
    'account': 'admin',
    'password': 'admin',
  },
}

2020-09-17 17:11:23,868 - GraphqlClient.py - send_request - DEBUG -{
  'data': {
    'login': {
      '__typename': 'AuthInfo',
      'employee': {
        '__typename': 'Employee',
        'account': 'admin',
        'code': None,
        'department': {
          '__typename': 'Department',
          'headcount': 38,
          'id': '1',
          'name': '喜临门家具股份有限公司',
          'parentPath': [],
          'subsidiaries': [],
        },
        'email': None,
        'id': '1',
        'job': None,
        'name': '管理员',
        'phone': None,
        'roles': [
          {'id': '1', 'name': '负责人', 'permissions':...(len=170),
        ],
        'status': 'ACTIVATED',
      },
      'token': 'eyJ0eXAiOiJKV1QiLCJhbGciOiJIUzI1NiJ9.eyJjcmVkZW50aWFscyI6eyJlbXB
                sb3llZV9pZCI6MSwiaXNfYWRtaW5fIjp0cnVlfSwidXNlciI6eyJpZCI6MSwiY29
                ...(5 hidden lines)',
    },
  },
  'errors': None,
}

2020-09-17 17:11:23,880 - GraphqlClient.py - send_request - DEBUG -http://192.168.1.175:8888/graphql/?login
2020-09-17 17:11:23,880 - GraphqlClient.py - send_request - DEBUG -{'Content-Type': 'application/json'}
2020-09-17 17:11:23,881 - GraphqlClient.py - send_request - DEBUG -{
  'input': {
    'account': 'admin',
    'password': 'admin',
  },
}

2020-09-17 17:11:26,060 - GraphqlClient.py - send_request - DEBUG -{
  'data': {
    'login': {
      '__typename': 'AuthInfo',
      'employee': {
        '__typename': 'Employee',
        'account': 'admin',
        'code': None,
        'department': {
          '__typename': 'Department',
          'headcount': 38,
          'id': '1',
          'name': '喜临门家具股份有限公司',
          'parentPath': [],
          'subsidiaries': [],
        },
        'email': None,
        'id': '1',
        'job': None,
        'name': '管理员',
        'phone': None,
        'roles': [
          {'id': '1', 'name': '负责人', 'permissions':...(len=170),
        ],
        'status': 'ACTIVATED',
      },
      'token': 'eyJ0eXAiOiJKV1QiLCJhbGciOiJIUzI1NiJ9.eyJjcmVkZW50aWFscyI6eyJlbXB
                sb3llZV9pZCI6MSwiaXNfYWRtaW5fIjp0cnVlfSwidXNlciI6eyJpZCI6MSwiY29
                ...(5 hidden lines)',
    },
  },
  'errors': None,
}

2020-09-17 17:11:26,072 - GraphqlClient.py - send_request - DEBUG -http://192.168.1.175:8888/graphql/?login
2020-09-17 17:11:26,072 - GraphqlClient.py - send_request - DEBUG -{'Content-Type': 'application/json'}
2020-09-17 17:11:26,073 - GraphqlClient.py - send_request - DEBUG -{
  'input': {
    'account': 'admin',
    'password': 'admin',
  },
}

2020-09-17 17:11:27,121 - GraphqlClient.py - send_request - DEBUG -{
  'data': {
    'login': {
      '__typename': 'AuthInfo',
      'employee': {
        '__typename': 'Employee',
        'account': 'admin',
        'code': None,
        'department': {
          '__typename': 'Department',
          'headcount': 38,
          'id': '1',
          'name': '喜临门家具股份有限公司',
          'parentPath': [],
          'subsidiaries': [],
        },
        'email': None,
        'id': '1',
        'job': None,
        'name': '管理员',
        'phone': None,
        'roles': [
          {'id': '1', 'name': '负责人', 'permissions':...(len=170),
        ],
        'status': 'ACTIVATED',
      },
      'token': 'eyJ0eXAiOiJKV1QiLCJhbGciOiJIUzI1NiJ9.eyJjcmVkZW50aWFscyI6eyJlbXB
                sb3llZV9pZCI6MSwiaXNfYWRtaW5fIjp0cnVlfSwidXNlciI6eyJpZCI6MSwiY29
                ...(5 hidden lines)',
    },
  },
  'errors': None,
}

2020-09-17 17:11:27,309 - GraphqlClient.py - send_request - DEBUG -http://192.168.1.175:8888/graphql/?permissionTable
2020-09-17 17:11:27,309 - GraphqlClient.py - send_request - DEBUG -{'Content-Type': 'application/json', 'authorization': 'Token eyJ0eXAiOiJKV1QiLCJhbGciOiJIUzI1NiJ9.eyJjcmVkZW50aWFscyI6eyJlbXBsb3llZV9pZCI6MSwiaXNfYWRtaW5fIjp0cnVlfSwidXNlciI6eyJpZCI6MSwiY29tcGFueV9pZCI6MSwibmFtZSI6Ilx1N2JhMVx1NzQwNlx1NTQ1OCIsImRlcGFydG1lbnRfaWQiOjEsImNvZGUiOm51bGwsInBob25lIjpudWxsLCJqb2IiOm51bGwsImVtYWlsIjpudWxsLCJhY2NvdW50IjoiYWRtaW4iLCJzdGF0dXMiOiJBQ1RJVkFURUQiLCJyb2xlcyI6bnVsbH0sImV4cCI6MTYwMDQyMDI4Nn0.HfhngHdS04I9XNlzYjqdo2kTkAwUNNqQf7dw7J1z4aU'}
2020-09-17 17:11:27,310 - GraphqlClient.py - send_request - DEBUG -{
}

2020-09-17 17:11:27,407 - GraphqlClient.py - send_request - DEBUG -{
  'data': {
    'permissionTable': {
      '__typename': 'PermissionTable',
      'admin': {
        '__typename': 'Permission',
        'description': '所有数据权限，可管理全部信息',
        'id': '1',
        'scopes': [],
      },
      'modules': [
        {
          '__typename': 'PermissionModule',
          'name': 'SCADA',
          'permissions': [{'id': '27', 'scopes': [], 'description':...(len=88),
        },
        {
          '__typename': 'PermissionModule',
          'name': '主设备管理',
          'permissions': [{'id': '2', 'scopes': ['/query/thing',...(len=397),
        },
        {
          '__typename': 'PermissionModule',
          'name': '保养',
          'permissions': [{'id': '16', 'scopes':...(len=952),
        },
        {
          '__typename': 'PermissionModule',
          'name': '备件管理',
          'permissions': [{'id': '28', 'scopes': ['/mutation/updat...(len=1298),
        },
        {
          '__typename': 'PermissionModule',
          'name': '巡检',
          'permissions': [{'id': '12', 'scopes':...(len=864),
        },
        {
          '__typename': 'PermissionModule',
          'name': '概览（报表）',
          'permissions': [{'id': '26', 'scopes':...(len=181),
        },
        {
          '__typename': 'PermissionModule',
          'name': '维修',
          'permissions': [{'id': '10', 'scopes':...(len=544),
        },
        {
          '__typename': 'PermissionModule',
          'name': '设置',
          'permissions': [{'id': '20', 'scopes':...(len=884),
        },
      ],
    },
  },
  'errors': None,
}

2020-09-17 17:11:27,409 - GraphqlClient.py - send_request - DEBUG -http://192.168.1.175:8888/graphql/?createRole
2020-09-17 17:11:27,409 - GraphqlClient.py - send_request - DEBUG -{'Content-Type': 'application/json', 'authorization': 'Token eyJ0eXAiOiJKV1QiLCJhbGciOiJIUzI1NiJ9.eyJjcmVkZW50aWFscyI6eyJlbXBsb3llZV9pZCI6MSwiaXNfYWRtaW5fIjp0cnVlfSwidXNlciI6eyJpZCI6MSwiY29tcGFueV9pZCI6MSwibmFtZSI6Ilx1N2JhMVx1NzQwNlx1NTQ1OCIsImRlcGFydG1lbnRfaWQiOjEsImNvZGUiOm51bGwsInBob25lIjpudWxsLCJqb2IiOm51bGwsImVtYWlsIjpudWxsLCJhY2NvdW50IjoiYWRtaW4iLCJzdGF0dXMiOiJBQ1RJVkFURUQiLCJyb2xlcyI6bnVsbH0sImV4cCI6MTYwMDQyMDI4Nn0.HfhngHdS04I9XNlzYjqdo2kTkAwUNNqQf7dw7J1z4aU'}
2020-09-17 17:11:27,411 - GraphqlClient.py - send_request - DEBUG -{
  'input': {
    'name': 'SCADA',
    'permissions': [
      {
        'id': '27',
      },
    ],
  },
}

2020-09-17 17:11:27,489 - GraphqlClient.py - send_request - DEBUG -{
  'data': {
    'createRole': {
      '__typename': 'Role',
      'id': '154',
      'name': 'SCADA',
      'permissions': [
        {
          '__typename': 'Permission',
          'description': '使用SCADA入口',
          'id': '27',
          'scopes': [],
        },
      ],
    },
  },
  'errors': None,
}

2020-09-17 17:11:27,491 - GraphqlClient.py - send_request - DEBUG -http://192.168.1.175:8888/graphql/?createEmployee
2020-09-17 17:11:27,492 - GraphqlClient.py - send_request - DEBUG -{'Content-Type': 'application/json', 'authorization': 'Token eyJ0eXAiOiJKV1QiLCJhbGciOiJIUzI1NiJ9.eyJjcmVkZW50aWFscyI6eyJlbXBsb3llZV9pZCI6MSwiaXNfYWRtaW5fIjp0cnVlfSwidXNlciI6eyJpZCI6MSwiY29tcGFueV9pZCI6MSwibmFtZSI6Ilx1N2JhMVx1NzQwNlx1NTQ1OCIsImRlcGFydG1lbnRfaWQiOjEsImNvZGUiOm51bGwsInBob25lIjpudWxsLCJqb2IiOm51bGwsImVtYWlsIjpudWxsLCJhY2NvdW50IjoiYWRtaW4iLCJzdGF0dXMiOiJBQ1RJVkFURUQiLCJyb2xlcyI6bnVsbH0sImV4cCI6MTYwMDQyMDI4Nn0.HfhngHdS04I9XNlzYjqdo2kTkAwUNNqQf7dw7J1z4aU'}
2020-09-17 17:11:27,496 - GraphqlClient.py - send_request - DEBUG -{
  'input': {
    'account': 'admin1',
    'code': 'ftjua',
    'department': {
      'id': 1,
    },
    'name': 'SCADA',
    'password': '123456',
    'phone': '123456',
    'roles': [
      {
        'id': '154',
      },
    ],
    'status': 'ACTIVATED',
  },
}

2020-09-17 17:11:27,732 - GraphqlClient.py - send_request - DEBUG -{
  'data': {
    'createEmployee': {
      '__typename': 'Employee',
      'account': 'admin1',
      'code': 'ftjua',
      'department': {
        '__typename': 'Department',
        'headcount': 39,
        'id': '1',
        'name': '喜临门家具股份有限公司',
        'parentPath': [],
        'subsidiaries': [],
      },
      'email': None,
      'id': '121',
      'job': None,
      'name': 'SCADA',
      'phone': '123456',
      'roles': [
        {
          '__typename': 'Role',
          'id': '154',
          'name': 'SCADA',
          'permissions': [{'id': '27', 'scopes': [], 'description':...(len=88),
        },
      ],
      'status': 'ACTIVATED',
    },
  },
  'errors': None,
}

2020-09-17 17:11:27,732 - GraphqlClient.py - send_request - DEBUG -http://192.168.1.175:8888/graphql/?createRole
2020-09-17 17:11:27,733 - GraphqlClient.py - send_request - DEBUG -{'Content-Type': 'application/json', 'authorization': 'Token eyJ0eXAiOiJKV1QiLCJhbGciOiJIUzI1NiJ9.eyJjcmVkZW50aWFscyI6eyJlbXBsb3llZV9pZCI6MSwiaXNfYWRtaW5fIjp0cnVlfSwidXNlciI6eyJpZCI6MSwiY29tcGFueV9pZCI6MSwibmFtZSI6Ilx1N2JhMVx1NzQwNlx1NTQ1OCIsImRlcGFydG1lbnRfaWQiOjEsImNvZGUiOm51bGwsInBob25lIjpudWxsLCJqb2IiOm51bGwsImVtYWlsIjpudWxsLCJhY2NvdW50IjoiYWRtaW4iLCJzdGF0dXMiOiJBQ1RJVkFURUQiLCJyb2xlcyI6bnVsbH0sImV4cCI6MTYwMDQyMDI4Nn0.HfhngHdS04I9XNlzYjqdo2kTkAwUNNqQf7dw7J1z4aU'}
2020-09-17 17:11:27,734 - GraphqlClient.py - send_request - DEBUG -{
  'input': {
    'name': '主设备管理',
    'permissions': [
      {
        'id': '2',
      },
      {
        'id': '3',
      },
    ],
  },
}

2020-09-17 17:11:27,817 - GraphqlClient.py - send_request - DEBUG -{
  'data': {
    'createRole': {
      '__typename': 'Role',
      'id': '155',
      'name': '主设备管理',
      'permissions': [
        {
          '__typename': 'Permission',
          'description': '查看主设备列表、详情',
          'id': '2',
          'scopes': ['/query/thing', '/query/things', '/query/thingByQrCode'],
        },
        {
          '__typename': 'Permission',
          'description': '编辑、导入、导出主设备详情',
          'id': '3',
          'scopes': ['/mutation/createThing',...(len=150),
        },
      ],
    },
  },
  'errors': None,
}

2020-09-17 17:11:27,818 - GraphqlClient.py - send_request - DEBUG -http://192.168.1.175:8888/graphql/?createEmployee
2020-09-17 17:11:27,818 - GraphqlClient.py - send_request - DEBUG -{'Content-Type': 'application/json', 'authorization': 'Token eyJ0eXAiOiJKV1QiLCJhbGciOiJIUzI1NiJ9.eyJjcmVkZW50aWFscyI6eyJlbXBsb3llZV9pZCI6MSwiaXNfYWRtaW5fIjp0cnVlfSwidXNlciI6eyJpZCI6MSwiY29tcGFueV9pZCI6MSwibmFtZSI6Ilx1N2JhMVx1NzQwNlx1NTQ1OCIsImRlcGFydG1lbnRfaWQiOjEsImNvZGUiOm51bGwsInBob25lIjpudWxsLCJqb2IiOm51bGwsImVtYWlsIjpudWxsLCJhY2NvdW50IjoiYWRtaW4iLCJzdGF0dXMiOiJBQ1RJVkFURUQiLCJyb2xlcyI6bnVsbH0sImV4cCI6MTYwMDQyMDI4Nn0.HfhngHdS04I9XNlzYjqdo2kTkAwUNNqQf7dw7J1z4aU'}
2020-09-17 17:11:27,821 - GraphqlClient.py - send_request - DEBUG -{
  'input': {
    'account': 'admin2',
    'code': 'qfohn',
    'department': {
      'id': 1,
    },
    'name': '主设备管理',
    'password': '123456',
    'phone': '123456',
    'roles': [
      {
        'id': '155',
      },
    ],
    'status': 'ACTIVATED',
  },
}

2020-09-17 17:11:28,254 - GraphqlClient.py - send_request - DEBUG -{
  'data': {
    'createEmployee': {
      '__typename': 'Employee',
      'account': 'admin2',
      'code': 'qfohn',
      'department': {
        '__typename': 'Department',
        'headcount': 40,
        'id': '1',
        'name': '喜临门家具股份有限公司',
        'parentPath': [],
        'subsidiaries': [],
      },
      'email': None,
      'id': '122',
      'job': None,
      'name': '主设备管理',
      'phone': '123456',
      'roles': [
        {
          '__typename': 'Role',
          'id': '155',
          'name': '主设备管理',
          'permissions': [{'id': '2', 'scopes': ['/query/thing',...(len=397),
        },
      ],
      'status': 'ACTIVATED',
    },
  },
  'errors': None,
}

2020-09-17 17:11:28,255 - GraphqlClient.py - send_request - DEBUG -http://192.168.1.175:8888/graphql/?createRole
2020-09-17 17:11:28,255 - GraphqlClient.py - send_request - DEBUG -{'Content-Type': 'application/json', 'authorization': 'Token eyJ0eXAiOiJKV1QiLCJhbGciOiJIUzI1NiJ9.eyJjcmVkZW50aWFscyI6eyJlbXBsb3llZV9pZCI6MSwiaXNfYWRtaW5fIjp0cnVlfSwidXNlciI6eyJpZCI6MSwiY29tcGFueV9pZCI6MSwibmFtZSI6Ilx1N2JhMVx1NzQwNlx1NTQ1OCIsImRlcGFydG1lbnRfaWQiOjEsImNvZGUiOm51bGwsInBob25lIjpudWxsLCJqb2IiOm51bGwsImVtYWlsIjpudWxsLCJhY2NvdW50IjoiYWRtaW4iLCJzdGF0dXMiOiJBQ1RJVkFURUQiLCJyb2xlcyI6bnVsbH0sImV4cCI6MTYwMDQyMDI4Nn0.HfhngHdS04I9XNlzYjqdo2kTkAwUNNqQf7dw7J1z4aU'}
2020-09-17 17:11:28,257 - GraphqlClient.py - send_request - DEBUG -{
  'input': {
    'name': '保养',
    'permissions': [
      {
        'id': '16',
      },
      {
        'id': '17',
      },
      {
        'id': '18',
      },
      {
        'id': '19',
      },
    ],
  },
}

2020-09-17 17:11:28,320 - GraphqlClient.py - send_request - DEBUG -{
  'data': {
    'createRole': {
      '__typename': 'Role',
      'id': '156',
      'name': '保养',
      'permissions': [
        {
          '__typename': 'Permission',
          'description': '查看保养方案',
          'id': '16',
          'scopes': ['/query/thingMaintenanceRule',...(len=63),
        },
        {
          '__typename': 'Permission',
          'description': '编辑保养方案',
          'id': '17',
          'scopes': ['/mutation/createThingMaintenanceRule',...(len=121),
        },
        {
          '__typename': 'Permission',
          'description': '查看、发起、审核保养单',
          'id': '18',
          'scopes': ['/query/thingMaintenance',...(len=203),
        },
        {
          '__typename': 'Permission',
          'description': '查看、发起、反馈保养单',
          'id': '19',
          'scopes': ['/query/thingMaintenance',...(len=205),
        },
      ],
    },
  },
  'errors': None,
}

2020-09-17 17:11:28,321 - GraphqlClient.py - send_request - DEBUG -http://192.168.1.175:8888/graphql/?createEmployee
2020-09-17 17:11:28,321 - GraphqlClient.py - send_request - DEBUG -{'Content-Type': 'application/json', 'authorization': 'Token eyJ0eXAiOiJKV1QiLCJhbGciOiJIUzI1NiJ9.eyJjcmVkZW50aWFscyI6eyJlbXBsb3llZV9pZCI6MSwiaXNfYWRtaW5fIjp0cnVlfSwidXNlciI6eyJpZCI6MSwiY29tcGFueV9pZCI6MSwibmFtZSI6Ilx1N2JhMVx1NzQwNlx1NTQ1OCIsImRlcGFydG1lbnRfaWQiOjEsImNvZGUiOm51bGwsInBob25lIjpudWxsLCJqb2IiOm51bGwsImVtYWlsIjpudWxsLCJhY2NvdW50IjoiYWRtaW4iLCJzdGF0dXMiOiJBQ1RJVkFURUQiLCJyb2xlcyI6bnVsbH0sImV4cCI6MTYwMDQyMDI4Nn0.HfhngHdS04I9XNlzYjqdo2kTkAwUNNqQf7dw7J1z4aU'}
2020-09-17 17:11:28,323 - GraphqlClient.py - send_request - DEBUG -{
  'input': {
    'account': 'admin3',
    'code': 'bxbto',
    'department': {
      'id': 1,
    },
    'name': '保养',
    'password': '123456',
    'phone': '123456',
    'roles': [
      {
        'id': '156',
      },
    ],
    'status': 'ACTIVATED',
  },
}

2020-09-17 17:11:28,552 - GraphqlClient.py - send_request - DEBUG -{
  'data': {
    'createEmployee': {
      '__typename': 'Employee',
      'account': 'admin3',
      'code': 'bxbto',
      'department': {
        '__typename': 'Department',
        'headcount': 41,
        'id': '1',
        'name': '喜临门家具股份有限公司',
        'parentPath': [],
        'subsidiaries': [],
      },
      'email': None,
      'id': '123',
      'job': None,
      'name': '保养',
      'phone': '123456',
      'roles': [
        {
          '__typename': 'Role',
          'id': '156',
          'name': '保养',
          'permissions': [{'id': '16', 'scopes':...(len=952),
        },
      ],
      'status': 'ACTIVATED',
    },
  },
  'errors': None,
}

2020-09-17 17:11:28,552 - GraphqlClient.py - send_request - DEBUG -http://192.168.1.175:8888/graphql/?createRole
2020-09-17 17:11:28,552 - GraphqlClient.py - send_request - DEBUG -{'Content-Type': 'application/json', 'authorization': 'Token eyJ0eXAiOiJKV1QiLCJhbGciOiJIUzI1NiJ9.eyJjcmVkZW50aWFscyI6eyJlbXBsb3llZV9pZCI6MSwiaXNfYWRtaW5fIjp0cnVlfSwidXNlciI6eyJpZCI6MSwiY29tcGFueV9pZCI6MSwibmFtZSI6Ilx1N2JhMVx1NzQwNlx1NTQ1OCIsImRlcGFydG1lbnRfaWQiOjEsImNvZGUiOm51bGwsInBob25lIjpudWxsLCJqb2IiOm51bGwsImVtYWlsIjpudWxsLCJhY2NvdW50IjoiYWRtaW4iLCJzdGF0dXMiOiJBQ1RJVkFURUQiLCJyb2xlcyI6bnVsbH0sImV4cCI6MTYwMDQyMDI4Nn0.HfhngHdS04I9XNlzYjqdo2kTkAwUNNqQf7dw7J1z4aU'}
2020-09-17 17:11:28,555 - GraphqlClient.py - send_request - DEBUG -{
  'input': {
    'name': '备件管理',
    'permissions': [
      {
        'id': '28',
      },
      {
        'id': '4',
      },
      {
        'id': '5',
      },
      {
        'id': '6',
      },
      {
        'id': '7',
      },
      {
        'id': '8',
      },
      {
        'id': '9',
      },
    ],
  },
}

2020-09-17 17:11:28,628 - GraphqlClient.py - send_request - DEBUG -{
  'data': {
    'createRole': {
      '__typename': 'Role',
      'id': '157',
      'name': '备件管理',
      'permissions': [
        {
          '__typename': 'Permission',
          'description': '查看备件列表、详情',
          'id': '4',
          'scopes': ['/query/sparePart', '/query/spareParts'],
        },
        {
          '__typename': 'Permission',
          'description': '编辑、导入、导出备件详情',
          'id': '5',
          'scopes': ['/mutation/createSparePart',...(len=174),
        },
        {
          '__typename': 'Permission',
          'description': '查看备件库存、入库记录、申领记录',
          'id': '6',
          'scopes': ['/query/sparePartStocks',...(len=263),
        },
        {
          '__typename': 'Permission',
          'description': '编辑仓库信息',
          'id': '7',
          'scopes': [],
        },
        {
          '__typename': 'Permission',
          'description': '发起备件入库',
          'id': '8',
          'scopes': ['/mutation/createSparePartReceipt',...(len=72),
        },
        {
          '__typename': 'Permission',
          'description': '发起备件申领',
          'id': '9',
          'scopes': ['/mutation/createSparePartOutbound',...(len=74),
        },
        {
          '__typename': 'Permission',
          'description': '审核备件申领单',
          'id': '28',
          'scopes': ['/mutation/updateSparePartOutboundStatus'],
        },
      ],
    },
  },
  'errors': None,
}

2020-09-17 17:11:28,629 - GraphqlClient.py - send_request - DEBUG -http://192.168.1.175:8888/graphql/?createEmployee
2020-09-17 17:11:28,629 - GraphqlClient.py - send_request - DEBUG -{'Content-Type': 'application/json', 'authorization': 'Token eyJ0eXAiOiJKV1QiLCJhbGciOiJIUzI1NiJ9.eyJjcmVkZW50aWFscyI6eyJlbXBsb3llZV9pZCI6MSwiaXNfYWRtaW5fIjp0cnVlfSwidXNlciI6eyJpZCI6MSwiY29tcGFueV9pZCI6MSwibmFtZSI6Ilx1N2JhMVx1NzQwNlx1NTQ1OCIsImRlcGFydG1lbnRfaWQiOjEsImNvZGUiOm51bGwsInBob25lIjpudWxsLCJqb2IiOm51bGwsImVtYWlsIjpudWxsLCJhY2NvdW50IjoiYWRtaW4iLCJzdGF0dXMiOiJBQ1RJVkFURUQiLCJyb2xlcyI6bnVsbH0sImV4cCI6MTYwMDQyMDI4Nn0.HfhngHdS04I9XNlzYjqdo2kTkAwUNNqQf7dw7J1z4aU'}
2020-09-17 17:11:28,631 - GraphqlClient.py - send_request - DEBUG -{
  'input': {
    'account': 'admin4',
    'code': 'obhne',
    'department': {
      'id': 1,
    },
    'name': '备件管理',
    'password': '123456',
    'phone': '123456',
    'roles': [
      {
        'id': '157',
      },
    ],
    'status': 'ACTIVATED',
  },
}

2020-09-17 17:11:30,142 - GraphqlClient.py - send_request - DEBUG -{
  'data': {
    'createEmployee': {
      '__typename': 'Employee',
      'account': 'admin4',
      'code': 'obhne',
      'department': {
        '__typename': 'Department',
        'headcount': 42,
        'id': '1',
        'name': '喜临门家具股份有限公司',
        'parentPath': [],
        'subsidiaries': [],
      },
      'email': None,
      'id': '124',
      'job': None,
      'name': '备件管理',
      'phone': '123456',
      'roles': [
        {
          '__typename': 'Role',
          'id': '157',
          'name': '备件管理',
          'permissions': [{'id': '4', 'scopes':...(len=1298),
        },
      ],
      'status': 'ACTIVATED',
    },
  },
  'errors': None,
}

2020-09-17 17:11:30,142 - GraphqlClient.py - send_request - DEBUG -http://192.168.1.175:8888/graphql/?createRole
2020-09-17 17:11:30,143 - GraphqlClient.py - send_request - DEBUG -{'Content-Type': 'application/json', 'authorization': 'Token eyJ0eXAiOiJKV1QiLCJhbGciOiJIUzI1NiJ9.eyJjcmVkZW50aWFscyI6eyJlbXBsb3llZV9pZCI6MSwiaXNfYWRtaW5fIjp0cnVlfSwidXNlciI6eyJpZCI6MSwiY29tcGFueV9pZCI6MSwibmFtZSI6Ilx1N2JhMVx1NzQwNlx1NTQ1OCIsImRlcGFydG1lbnRfaWQiOjEsImNvZGUiOm51bGwsInBob25lIjpudWxsLCJqb2IiOm51bGwsImVtYWlsIjpudWxsLCJhY2NvdW50IjoiYWRtaW4iLCJzdGF0dXMiOiJBQ1RJVkFURUQiLCJyb2xlcyI6bnVsbH0sImV4cCI6MTYwMDQyMDI4Nn0.HfhngHdS04I9XNlzYjqdo2kTkAwUNNqQf7dw7J1z4aU'}
2020-09-17 17:11:30,144 - GraphqlClient.py - send_request - DEBUG -{
  'input': {
    'name': '巡检',
    'permissions': [
      {
        'id': '12',
      },
      {
        'id': '13',
      },
      {
        'id': '14',
      },
      {
        'id': '15',
      },
    ],
  },
}

2020-09-17 17:11:30,333 - GraphqlClient.py - send_request - DEBUG -{
  'data': {
    'createRole': {
      '__typename': 'Role',
      'id': '158',
      'name': '巡检',
      'permissions': [
        {
          '__typename': 'Permission',
          'description': '查看巡检方案',
          'id': '12',
          'scopes': ['/query/thingInspectionRule',...(len=61),
        },
        {
          '__typename': 'Permission',
          'description': '编辑巡检方案',
          'id': '13',
          'scopes': ['/mutation/createThingInspectionRule',...(len=113),
        },
        {
          '__typename': 'Permission',
          'description': '查看、发起、审核巡检单',
          'id': '14',
          'scopes': ['/mutation/createThingInspection',...(len=164),
        },
        {
          '__typename': 'Permission',
          'description': '查看、发起、反馈巡检单',
          'id': '15',
          'scopes': ['/mutation/createThingInspection',...(len=166),
        },
      ],
    },
  },
  'errors': None,
}

2020-09-17 17:11:30,334 - GraphqlClient.py - send_request - DEBUG -http://192.168.1.175:8888/graphql/?createEmployee
2020-09-17 17:11:30,334 - GraphqlClient.py - send_request - DEBUG -{'Content-Type': 'application/json', 'authorization': 'Token eyJ0eXAiOiJKV1QiLCJhbGciOiJIUzI1NiJ9.eyJjcmVkZW50aWFscyI6eyJlbXBsb3llZV9pZCI6MSwiaXNfYWRtaW5fIjp0cnVlfSwidXNlciI6eyJpZCI6MSwiY29tcGFueV9pZCI6MSwibmFtZSI6Ilx1N2JhMVx1NzQwNlx1NTQ1OCIsImRlcGFydG1lbnRfaWQiOjEsImNvZGUiOm51bGwsInBob25lIjpudWxsLCJqb2IiOm51bGwsImVtYWlsIjpudWxsLCJhY2NvdW50IjoiYWRtaW4iLCJzdGF0dXMiOiJBQ1RJVkFURUQiLCJyb2xlcyI6bnVsbH0sImV4cCI6MTYwMDQyMDI4Nn0.HfhngHdS04I9XNlzYjqdo2kTkAwUNNqQf7dw7J1z4aU'}
2020-09-17 17:11:30,336 - GraphqlClient.py - send_request - DEBUG -{
  'input': {
    'account': 'admin5',
    'code': 'kymig',
    'department': {
      'id': 1,
    },
    'name': '巡检',
    'password': '123456',
    'phone': '123456',
    'roles': [
      {
        'id': '158',
      },
    ],
    'status': 'ACTIVATED',
  },
}

2020-09-17 17:11:31,540 - GraphqlClient.py - send_request - DEBUG -{
  'data': {
    'createEmployee': {
      '__typename': 'Employee',
      'account': 'admin5',
      'code': 'kymig',
      'department': {
        '__typename': 'Department',
        'headcount': 43,
        'id': '1',
        'name': '喜临门家具股份有限公司',
        'parentPath': [],
        'subsidiaries': [],
      },
      'email': None,
      'id': '125',
      'job': None,
      'name': '巡检',
      'phone': '123456',
      'roles': [
        {
          '__typename': 'Role',
          'id': '158',
          'name': '巡检',
          'permissions': [{'id': '12', 'scopes':...(len=864),
        },
      ],
      'status': 'ACTIVATED',
    },
  },
  'errors': None,
}

2020-09-17 17:11:31,541 - GraphqlClient.py - send_request - DEBUG -http://192.168.1.175:8888/graphql/?createRole
2020-09-17 17:11:31,541 - GraphqlClient.py - send_request - DEBUG -{'Content-Type': 'application/json', 'authorization': 'Token eyJ0eXAiOiJKV1QiLCJhbGciOiJIUzI1NiJ9.eyJjcmVkZW50aWFscyI6eyJlbXBsb3llZV9pZCI6MSwiaXNfYWRtaW5fIjp0cnVlfSwidXNlciI6eyJpZCI6MSwiY29tcGFueV9pZCI6MSwibmFtZSI6Ilx1N2JhMVx1NzQwNlx1NTQ1OCIsImRlcGFydG1lbnRfaWQiOjEsImNvZGUiOm51bGwsInBob25lIjpudWxsLCJqb2IiOm51bGwsImVtYWlsIjpudWxsLCJhY2NvdW50IjoiYWRtaW4iLCJzdGF0dXMiOiJBQ1RJVkFURUQiLCJyb2xlcyI6bnVsbH0sImV4cCI6MTYwMDQyMDI4Nn0.HfhngHdS04I9XNlzYjqdo2kTkAwUNNqQf7dw7J1z4aU'}
2020-09-17 17:11:31,542 - GraphqlClient.py - send_request - DEBUG -{
  'input': {
    'name': '概览（报表）',
    'permissions': [
      {
        'id': '26',
      },
    ],
  },
}

2020-09-17 17:11:31,633 - GraphqlClient.py - send_request - DEBUG -{
  'data': {
    'createRole': {
      '__typename': 'Role',
      'id': '159',
      'name': '概览（报表）',
      'permissions': [
        {
          '__typename': 'Permission',
          'description': '查看所有报表',
          'id': '26',
          'scopes': ['/query/thingOverview', '/query/thingSummary',...(len=96),
        },
      ],
    },
  },
  'errors': None,
}

2020-09-17 17:11:31,633 - GraphqlClient.py - send_request - DEBUG -http://192.168.1.175:8888/graphql/?createEmployee
2020-09-17 17:11:31,634 - GraphqlClient.py - send_request - DEBUG -{'Content-Type': 'application/json', 'authorization': 'Token eyJ0eXAiOiJKV1QiLCJhbGciOiJIUzI1NiJ9.eyJjcmVkZW50aWFscyI6eyJlbXBsb3llZV9pZCI6MSwiaXNfYWRtaW5fIjp0cnVlfSwidXNlciI6eyJpZCI6MSwiY29tcGFueV9pZCI6MSwibmFtZSI6Ilx1N2JhMVx1NzQwNlx1NTQ1OCIsImRlcGFydG1lbnRfaWQiOjEsImNvZGUiOm51bGwsInBob25lIjpudWxsLCJqb2IiOm51bGwsImVtYWlsIjpudWxsLCJhY2NvdW50IjoiYWRtaW4iLCJzdGF0dXMiOiJBQ1RJVkFURUQiLCJyb2xlcyI6bnVsbH0sImV4cCI6MTYwMDQyMDI4Nn0.HfhngHdS04I9XNlzYjqdo2kTkAwUNNqQf7dw7J1z4aU'}
2020-09-17 17:11:31,637 - GraphqlClient.py - send_request - DEBUG -{
  'input': {
    'account': 'admin6',
    'code': 'vlgaw',
    'department': {
      'id': 1,
    },
    'name': '概览（报表）',
    'password': '123456',
    'phone': '123456',
    'roles': [
      {
        'id': '159',
      },
    ],
    'status': 'ACTIVATED',
  },
}

2020-09-17 17:11:33,030 - GraphqlClient.py - send_request - DEBUG -{
  'data': {
    'createEmployee': {
      '__typename': 'Employee',
      'account': 'admin6',
      'code': 'vlgaw',
      'department': {
        '__typename': 'Department',
        'headcount': 44,
        'id': '1',
        'name': '喜临门家具股份有限公司',
        'parentPath': [],
        'subsidiaries': [],
      },
      'email': None,
      'id': '126',
      'job': None,
      'name': '概览（报表）',
      'phone': '123456',
      'roles': [
        {
          '__typename': 'Role',
          'id': '159',
          'name': '概览（报表）',
          'permissions': [{'id': '26', 'scopes':...(len=181),
        },
      ],
      'status': 'ACTIVATED',
    },
  },
  'errors': None,
}

2020-09-17 17:11:33,030 - GraphqlClient.py - send_request - DEBUG -http://192.168.1.175:8888/graphql/?createRole
2020-09-17 17:11:33,030 - GraphqlClient.py - send_request - DEBUG -{'Content-Type': 'application/json', 'authorization': 'Token eyJ0eXAiOiJKV1QiLCJhbGciOiJIUzI1NiJ9.eyJjcmVkZW50aWFscyI6eyJlbXBsb3llZV9pZCI6MSwiaXNfYWRtaW5fIjp0cnVlfSwidXNlciI6eyJpZCI6MSwiY29tcGFueV9pZCI6MSwibmFtZSI6Ilx1N2JhMVx1NzQwNlx1NTQ1OCIsImRlcGFydG1lbnRfaWQiOjEsImNvZGUiOm51bGwsInBob25lIjpudWxsLCJqb2IiOm51bGwsImVtYWlsIjpudWxsLCJhY2NvdW50IjoiYWRtaW4iLCJzdGF0dXMiOiJBQ1RJVkFURUQiLCJyb2xlcyI6bnVsbH0sImV4cCI6MTYwMDQyMDI4Nn0.HfhngHdS04I9XNlzYjqdo2kTkAwUNNqQf7dw7J1z4aU'}
2020-09-17 17:11:33,032 - GraphqlClient.py - send_request - DEBUG -{
  'input': {
    'name': '维修',
    'permissions': [
      {
        'id': '10',
      },
      {
        'id': '11',
      },
    ],
  },
}

2020-09-17 17:11:33,135 - GraphqlClient.py - send_request - DEBUG -{
  'data': {
    'createRole': {
      '__typename': 'Role',
      'id': '160',
      'name': '维修',
      'permissions': [
        {
          '__typename': 'Permission',
          'description': '查看、发起、审核维修单',
          'id': '10',
          'scopes': ['/query/thingRepairs', '/query/thingRepair',...(len=176),
        },
        {
          '__typename': 'Permission',
          'description': '查看、发起、反馈维修单',
          'id': '11',
          'scopes': ['/query/thingRepairs', '/query/thingRepair',...(len=178),
        },
      ],
    },
  },
  'errors': None,
}

2020-09-17 17:11:33,135 - GraphqlClient.py - send_request - DEBUG -http://192.168.1.175:8888/graphql/?createEmployee
2020-09-17 17:11:33,135 - GraphqlClient.py - send_request - DEBUG -{'Content-Type': 'application/json', 'authorization': 'Token eyJ0eXAiOiJKV1QiLCJhbGciOiJIUzI1NiJ9.eyJjcmVkZW50aWFscyI6eyJlbXBsb3llZV9pZCI6MSwiaXNfYWRtaW5fIjp0cnVlfSwidXNlciI6eyJpZCI6MSwiY29tcGFueV9pZCI6MSwibmFtZSI6Ilx1N2JhMVx1NzQwNlx1NTQ1OCIsImRlcGFydG1lbnRfaWQiOjEsImNvZGUiOm51bGwsInBob25lIjpudWxsLCJqb2IiOm51bGwsImVtYWlsIjpudWxsLCJhY2NvdW50IjoiYWRtaW4iLCJzdGF0dXMiOiJBQ1RJVkFURUQiLCJyb2xlcyI6bnVsbH0sImV4cCI6MTYwMDQyMDI4Nn0.HfhngHdS04I9XNlzYjqdo2kTkAwUNNqQf7dw7J1z4aU'}
2020-09-17 17:11:33,138 - GraphqlClient.py - send_request - DEBUG -{
  'input': {
    'account': 'admin7',
    'code': 'hrmna',
    'department': {
      'id': 1,
    },
    'name': '维修',
    'password': '123456',
    'phone': '123456',
    'roles': [
      {
        'id': '160',
      },
    ],
    'status': 'ACTIVATED',
  },
}

2020-09-17 17:11:34,367 - GraphqlClient.py - send_request - DEBUG -{
  'data': {
    'createEmployee': {
      '__typename': 'Employee',
      'account': 'admin7',
      'code': 'hrmna',
      'department': {
        '__typename': 'Department',
        'headcount': 45,
        'id': '1',
        'name': '喜临门家具股份有限公司',
        'parentPath': [],
        'subsidiaries': [],
      },
      'email': None,
      'id': '127',
      'job': None,
      'name': '维修',
      'phone': '123456',
      'roles': [
        {
          '__typename': 'Role',
          'id': '160',
          'name': '维修',
          'permissions': [{'id': '10', 'scopes':...(len=544),
        },
      ],
      'status': 'ACTIVATED',
    },
  },
  'errors': None,
}

2020-09-17 17:11:34,368 - GraphqlClient.py - send_request - DEBUG -http://192.168.1.175:8888/graphql/?createRole
2020-09-17 17:11:34,368 - GraphqlClient.py - send_request - DEBUG -{'Content-Type': 'application/json', 'authorization': 'Token eyJ0eXAiOiJKV1QiLCJhbGciOiJIUzI1NiJ9.eyJjcmVkZW50aWFscyI6eyJlbXBsb3llZV9pZCI6MSwiaXNfYWRtaW5fIjp0cnVlfSwidXNlciI6eyJpZCI6MSwiY29tcGFueV9pZCI6MSwibmFtZSI6Ilx1N2JhMVx1NzQwNlx1NTQ1OCIsImRlcGFydG1lbnRfaWQiOjEsImNvZGUiOm51bGwsInBob25lIjpudWxsLCJqb2IiOm51bGwsImVtYWlsIjpudWxsLCJhY2NvdW50IjoiYWRtaW4iLCJzdGF0dXMiOiJBQ1RJVkFURUQiLCJyb2xlcyI6bnVsbH0sImV4cCI6MTYwMDQyMDI4Nn0.HfhngHdS04I9XNlzYjqdo2kTkAwUNNqQf7dw7J1z4aU'}
2020-09-17 17:11:34,370 - GraphqlClient.py - send_request - DEBUG -{
  'input': {
    'name': '设置',
    'permissions': [
      {
        'id': '20',
      },
      {
        'id': '21',
      },
      {
        'id': '22',
      },
      {
        'id': '23',
      },
      {
        'id': '24',
      },
      {
        'id': '25',
      },
    ],
  },
}

2020-09-17 17:11:35,849 - GraphqlClient.py - send_request - DEBUG -{
  'data': {
    'createRole': {
      '__typename': 'Role',
      'id': '161',
      'name': '设置',
      'permissions': [
        {
          '__typename': 'Permission',
          'description': '自定义表单',
          'id': '20',
          'scopes': ['/mutation/updateFormStruct'],
        },
        {
          '__typename': 'Permission',
          'description': '查看隐藏字段',
          'id': '21',
          'scopes': [],
        },
        {
          '__typename': 'Permission',
          'description': '查看组织架构及人员',
          'id': '22',
          'scopes': ['/query/departments', '/query/employees'],
        },
        {
          '__typename': 'Permission',
          'description': '编辑组织架构及人员',
          'id': '23',
          'scopes': ['/mutation/createDepartment',...(len=220),
        },
        {
          '__typename': 'Permission',
          'description': '查看角色权限',
          'id': '24',
          'scopes': ['/query/permissionTable', '/query/roles'],
        },
        {
          '__typename': 'Permission',
          'description': '编辑角色权限',
          'id': '25',
          'scopes': ['/mutation/updateEmployee'],
        },
      ],
    },
  },
  'errors': None,
}

2020-09-17 17:11:35,850 - GraphqlClient.py - send_request - DEBUG -http://192.168.1.175:8888/graphql/?createEmployee
2020-09-17 17:11:35,850 - GraphqlClient.py - send_request - DEBUG -{'Content-Type': 'application/json', 'authorization': 'Token eyJ0eXAiOiJKV1QiLCJhbGciOiJIUzI1NiJ9.eyJjcmVkZW50aWFscyI6eyJlbXBsb3llZV9pZCI6MSwiaXNfYWRtaW5fIjp0cnVlfSwidXNlciI6eyJpZCI6MSwiY29tcGFueV9pZCI6MSwibmFtZSI6Ilx1N2JhMVx1NzQwNlx1NTQ1OCIsImRlcGFydG1lbnRfaWQiOjEsImNvZGUiOm51bGwsInBob25lIjpudWxsLCJqb2IiOm51bGwsImVtYWlsIjpudWxsLCJhY2NvdW50IjoiYWRtaW4iLCJzdGF0dXMiOiJBQ1RJVkFURUQiLCJyb2xlcyI6bnVsbH0sImV4cCI6MTYwMDQyMDI4Nn0.HfhngHdS04I9XNlzYjqdo2kTkAwUNNqQf7dw7J1z4aU'}
2020-09-17 17:11:35,852 - GraphqlClient.py - send_request - DEBUG -{
  'input': {
    'account': 'admin8',
    'code': 'eoana',
    'department': {
      'id': 1,
    },
    'name': '设置',
    'password': '123456',
    'phone': '123456',
    'roles': [
      {
        'id': '161',
      },
    ],
    'status': 'ACTIVATED',
  },
}

2020-09-17 17:11:36,144 - GraphqlClient.py - send_request - DEBUG -{
  'data': {
    'createEmployee': {
      '__typename': 'Employee',
      'account': 'admin8',
      'code': 'eoana',
      'department': {
        '__typename': 'Department',
        'headcount': 46,
        'id': '1',
        'name': '喜临门家具股份有限公司',
        'parentPath': [],
        'subsidiaries': [],
      },
      'email': None,
      'id': '128',
      'job': None,
      'name': '设置',
      'phone': '123456',
      'roles': [
        {
          '__typename': 'Role',
          'id': '161',
          'name': '设置',
          'permissions': [{'id': '20', 'scopes':...(len=884),
        },
      ],
      'status': 'ACTIVATED',
    },
  },
  'errors': None,
}

2020-09-17 17:11:36,634 - GraphqlClient.py - send_request - DEBUG -http://192.168.1.175:8888/graphql/?permissionTable
2020-09-17 17:11:36,634 - GraphqlClient.py - send_request - DEBUG -{'Content-Type': 'application/json', 'authorization': 'Token eyJ0eXAiOiJKV1QiLCJhbGciOiJIUzI1NiJ9.eyJjcmVkZW50aWFscyI6eyJlbXBsb3llZV9pZCI6MSwiaXNfYWRtaW5fIjp0cnVlfSwidXNlciI6eyJpZCI6MSwiY29tcGFueV9pZCI6MSwibmFtZSI6Ilx1N2JhMVx1NzQwNlx1NTQ1OCIsImRlcGFydG1lbnRfaWQiOjEsImNvZGUiOm51bGwsInBob25lIjpudWxsLCJqb2IiOm51bGwsImVtYWlsIjpudWxsLCJhY2NvdW50IjoiYWRtaW4iLCJzdGF0dXMiOiJBQ1RJVkFURUQiLCJyb2xlcyI6bnVsbH0sImV4cCI6MTYwMDQyMDI4Nn0.HfhngHdS04I9XNlzYjqdo2kTkAwUNNqQf7dw7J1z4aU'}
2020-09-17 17:11:36,634 - GraphqlClient.py - send_request - DEBUG -{
}

2020-09-17 17:11:36,745 - GraphqlClient.py - send_request - DEBUG -{
  'data': {
    'permissionTable': {
      '__typename': 'PermissionTable',
      'admin': {
        '__typename': 'Permission',
        'description': '所有数据权限，可管理全部信息',
        'id': '1',
        'scopes': [],
      },
      'modules': [
        {
          '__typename': 'PermissionModule',
          'name': 'SCADA',
          'permissions': [{'id': '27', 'scopes': [], 'description':...(len=88),
        },
        {
          '__typename': 'PermissionModule',
          'name': '主设备管理',
          'permissions': [{'id': '2', 'scopes': ['/query/thing',...(len=397),
        },
        {
          '__typename': 'PermissionModule',
          'name': '保养',
          'permissions': [{'id': '16', 'scopes':...(len=952),
        },
        {
          '__typename': 'PermissionModule',
          'name': '备件管理',
          'permissions': [{'id': '28', 'scopes': ['/mutation/updat...(len=1298),
        },
        {
          '__typename': 'PermissionModule',
          'name': '巡检',
          'permissions': [{'id': '12', 'scopes':...(len=864),
        },
        {
          '__typename': 'PermissionModule',
          'name': '概览（报表）',
          'permissions': [{'id': '26', 'scopes':...(len=181),
        },
        {
          '__typename': 'PermissionModule',
          'name': '维修',
          'permissions': [{'id': '10', 'scopes':...(len=544),
        },
        {
          '__typename': 'PermissionModule',
          'name': '设置',
          'permissions': [{'id': '20', 'scopes':...(len=884),
        },
      ],
    },
  },
  'errors': None,
}

2020-09-17 17:11:36,745 - GraphqlClient.py - send_request - DEBUG -http://192.168.1.175:8888/graphql/?createRole
2020-09-17 17:11:36,745 - GraphqlClient.py - send_request - DEBUG -{'Content-Type': 'application/json', 'authorization': 'Token eyJ0eXAiOiJKV1QiLCJhbGciOiJIUzI1NiJ9.eyJjcmVkZW50aWFscyI6eyJlbXBsb3llZV9pZCI6MSwiaXNfYWRtaW5fIjp0cnVlfSwidXNlciI6eyJpZCI6MSwiY29tcGFueV9pZCI6MSwibmFtZSI6Ilx1N2JhMVx1NzQwNlx1NTQ1OCIsImRlcGFydG1lbnRfaWQiOjEsImNvZGUiOm51bGwsInBob25lIjpudWxsLCJqb2IiOm51bGwsImVtYWlsIjpudWxsLCJhY2NvdW50IjoiYWRtaW4iLCJzdGF0dXMiOiJBQ1RJVkFURUQiLCJyb2xlcyI6bnVsbH0sImV4cCI6MTYwMDQyMDI4Nn0.HfhngHdS04I9XNlzYjqdo2kTkAwUNNqQf7dw7J1z4aU'}
2020-09-17 17:11:36,746 - GraphqlClient.py - send_request - DEBUG -{
  'input': {
    'name': 'SCADA',
    'permissions': [
      {
        'id': '27',
      },
    ],
  },
}

2020-09-17 17:11:36,841 - GraphqlClient.py - send_request - DEBUG -{
  'data': {
    'createRole': {
      '__typename': 'Role',
      'id': '162',
      'name': 'SCADA',
      'permissions': [
        {
          '__typename': 'Permission',
          'description': '使用SCADA入口',
          'id': '27',
          'scopes': [],
        },
      ],
    },
  },
  'errors': None,
}

2020-09-17 17:11:36,841 - GraphqlClient.py - send_request - DEBUG -http://192.168.1.175:8888/graphql/?createEmployee
2020-09-17 17:11:36,841 - GraphqlClient.py - send_request - DEBUG -{'Content-Type': 'application/json', 'authorization': 'Token eyJ0eXAiOiJKV1QiLCJhbGciOiJIUzI1NiJ9.eyJjcmVkZW50aWFscyI6eyJlbXBsb3llZV9pZCI6MSwiaXNfYWRtaW5fIjp0cnVlfSwidXNlciI6eyJpZCI6MSwiY29tcGFueV9pZCI6MSwibmFtZSI6Ilx1N2JhMVx1NzQwNlx1NTQ1OCIsImRlcGFydG1lbnRfaWQiOjEsImNvZGUiOm51bGwsInBob25lIjpudWxsLCJqb2IiOm51bGwsImVtYWlsIjpudWxsLCJhY2NvdW50IjoiYWRtaW4iLCJzdGF0dXMiOiJBQ1RJVkFURUQiLCJyb2xlcyI6bnVsbH0sImV4cCI6MTYwMDQyMDI4Nn0.HfhngHdS04I9XNlzYjqdo2kTkAwUNNqQf7dw7J1z4aU'}
2020-09-17 17:11:36,845 - GraphqlClient.py - send_request - DEBUG -{
  'input': {
    'account': 'admin1',
    'code': 'xurze',
    'department': {
      'id': 1,
    },
    'name': 'SCADA',
    'password': '123456',
    'phone': '123456',
    'roles': [
      {
        'id': '162',
      },
    ],
    'status': 'ACTIVATED',
  },
}

2020-09-17 17:11:37,151 - GraphqlClient.py - send_request - DEBUG -{
  'data': None,
  'errors': [
    {
      'locations': [
        {
          'column': 5,
          'line': 2,
        },
      ],
      'message': 'duplicate key value violates unique constraint
                  "uq_employees__account__company_id"\nDETAIL:  Key (account,
                  ...(1 hidden line)',
      'path': ['createEmployee'],
    },
  ],
}

2020-09-17 17:11:37,152 - test_permissions.py - TestPermission - DEBUG -'bool' object is not subscriptable
2020-09-17 17:11:37,152 - GraphqlClient.py - send_request - DEBUG -http://192.168.1.175:8888/graphql/?createRole
2020-09-17 17:11:37,152 - GraphqlClient.py - send_request - DEBUG -{'Content-Type': 'application/json', 'authorization': 'Token eyJ0eXAiOiJKV1QiLCJhbGciOiJIUzI1NiJ9.eyJjcmVkZW50aWFscyI6eyJlbXBsb3llZV9pZCI6MSwiaXNfYWRtaW5fIjp0cnVlfSwidXNlciI6eyJpZCI6MSwiY29tcGFueV9pZCI6MSwibmFtZSI6Ilx1N2JhMVx1NzQwNlx1NTQ1OCIsImRlcGFydG1lbnRfaWQiOjEsImNvZGUiOm51bGwsInBob25lIjpudWxsLCJqb2IiOm51bGwsImVtYWlsIjpudWxsLCJhY2NvdW50IjoiYWRtaW4iLCJzdGF0dXMiOiJBQ1RJVkFURUQiLCJyb2xlcyI6bnVsbH0sImV4cCI6MTYwMDQyMDI4Nn0.HfhngHdS04I9XNlzYjqdo2kTkAwUNNqQf7dw7J1z4aU'}
2020-09-17 17:11:37,154 - GraphqlClient.py - send_request - DEBUG -{
  'input': {
    'name': '主设备管理',
    'permissions': [
      {
        'id': '2',
      },
      {
        'id': '3',
      },
    ],
  },
}

2020-09-17 17:11:37,309 - GraphqlClient.py - send_request - DEBUG -{
  'data': {
    'createRole': {
      '__typename': 'Role',
      'id': '163',
      'name': '主设备管理',
      'permissions': [
        {
          '__typename': 'Permission',
          'description': '查看主设备列表、详情',
          'id': '2',
          'scopes': ['/query/thing', '/query/things', '/query/thingByQrCode'],
        },
        {
          '__typename': 'Permission',
          'description': '编辑、导入、导出主设备详情',
          'id': '3',
          'scopes': ['/mutation/createThing',...(len=150),
        },
      ],
    },
  },
  'errors': None,
}

2020-09-17 17:11:37,310 - GraphqlClient.py - send_request - DEBUG -http://192.168.1.175:8888/graphql/?createEmployee
2020-09-17 17:11:37,310 - GraphqlClient.py - send_request - DEBUG -{'Content-Type': 'application/json', 'authorization': 'Token eyJ0eXAiOiJKV1QiLCJhbGciOiJIUzI1NiJ9.eyJjcmVkZW50aWFscyI6eyJlbXBsb3llZV9pZCI6MSwiaXNfYWRtaW5fIjp0cnVlfSwidXNlciI6eyJpZCI6MSwiY29tcGFueV9pZCI6MSwibmFtZSI6Ilx1N2JhMVx1NzQwNlx1NTQ1OCIsImRlcGFydG1lbnRfaWQiOjEsImNvZGUiOm51bGwsInBob25lIjpudWxsLCJqb2IiOm51bGwsImVtYWlsIjpudWxsLCJhY2NvdW50IjoiYWRtaW4iLCJzdGF0dXMiOiJBQ1RJVkFURUQiLCJyb2xlcyI6bnVsbH0sImV4cCI6MTYwMDQyMDI4Nn0.HfhngHdS04I9XNlzYjqdo2kTkAwUNNqQf7dw7J1z4aU'}
2020-09-17 17:11:37,313 - GraphqlClient.py - send_request - DEBUG -{
  'input': {
    'account': 'admin2',
    'code': 'drjef',
    'department': {
      'id': 1,
    },
    'name': '主设备管理',
    'password': '123456',
    'phone': '123456',
    'roles': [
      {
        'id': '163',
      },
    ],
    'status': 'ACTIVATED',
  },
}

2020-09-17 17:11:37,578 - GraphqlClient.py - send_request - DEBUG -{
  'data': None,
  'errors': [
    {
      'locations': [
        {
          'column': 5,
          'line': 2,
        },
      ],
      'message': 'duplicate key value violates unique constraint
                  "uq_employees__account__company_id"\nDETAIL:  Key (account,
                  ...(1 hidden line)',
      'path': ['createEmployee'],
    },
  ],
}

2020-09-17 17:11:37,579 - test_permissions.py - TestPermission - DEBUG -'bool' object is not subscriptable
2020-09-17 17:11:37,579 - GraphqlClient.py - send_request - DEBUG -http://192.168.1.175:8888/graphql/?createRole
2020-09-17 17:11:37,579 - GraphqlClient.py - send_request - DEBUG -{'Content-Type': 'application/json', 'authorization': 'Token eyJ0eXAiOiJKV1QiLCJhbGciOiJIUzI1NiJ9.eyJjcmVkZW50aWFscyI6eyJlbXBsb3llZV9pZCI6MSwiaXNfYWRtaW5fIjp0cnVlfSwidXNlciI6eyJpZCI6MSwiY29tcGFueV9pZCI6MSwibmFtZSI6Ilx1N2JhMVx1NzQwNlx1NTQ1OCIsImRlcGFydG1lbnRfaWQiOjEsImNvZGUiOm51bGwsInBob25lIjpudWxsLCJqb2IiOm51bGwsImVtYWlsIjpudWxsLCJhY2NvdW50IjoiYWRtaW4iLCJzdGF0dXMiOiJBQ1RJVkFURUQiLCJyb2xlcyI6bnVsbH0sImV4cCI6MTYwMDQyMDI4Nn0.HfhngHdS04I9XNlzYjqdo2kTkAwUNNqQf7dw7J1z4aU'}
2020-09-17 17:11:37,581 - GraphqlClient.py - send_request - DEBUG -{
  'input': {
    'name': '保养',
    'permissions': [
      {
        'id': '16',
      },
      {
        'id': '17',
      },
      {
        'id': '18',
      },
      {
        'id': '19',
      },
    ],
  },
}

2020-09-17 17:11:37,893 - GraphqlClient.py - send_request - DEBUG -{
  'data': {
    'createRole': {
      '__typename': 'Role',
      'id': '164',
      'name': '保养',
      'permissions': [
        {
          '__typename': 'Permission',
          'description': '查看保养方案',
          'id': '16',
          'scopes': ['/query/thingMaintenanceRule',...(len=63),
        },
        {
          '__typename': 'Permission',
          'description': '编辑保养方案',
          'id': '17',
          'scopes': ['/mutation/createThingMaintenanceRule',...(len=121),
        },
        {
          '__typename': 'Permission',
          'description': '查看、发起、审核保养单',
          'id': '18',
          'scopes': ['/query/thingMaintenance',...(len=203),
        },
        {
          '__typename': 'Permission',
          'description': '查看、发起、反馈保养单',
          'id': '19',
          'scopes': ['/query/thingMaintenance',...(len=205),
        },
      ],
    },
  },
  'errors': None,
}

2020-09-17 17:11:37,893 - GraphqlClient.py - send_request - DEBUG -http://192.168.1.175:8888/graphql/?createEmployee
2020-09-17 17:11:37,894 - GraphqlClient.py - send_request - DEBUG -{'Content-Type': 'application/json', 'authorization': 'Token eyJ0eXAiOiJKV1QiLCJhbGciOiJIUzI1NiJ9.eyJjcmVkZW50aWFscyI6eyJlbXBsb3llZV9pZCI6MSwiaXNfYWRtaW5fIjp0cnVlfSwidXNlciI6eyJpZCI6MSwiY29tcGFueV9pZCI6MSwibmFtZSI6Ilx1N2JhMVx1NzQwNlx1NTQ1OCIsImRlcGFydG1lbnRfaWQiOjEsImNvZGUiOm51bGwsInBob25lIjpudWxsLCJqb2IiOm51bGwsImVtYWlsIjpudWxsLCJhY2NvdW50IjoiYWRtaW4iLCJzdGF0dXMiOiJBQ1RJVkFURUQiLCJyb2xlcyI6bnVsbH0sImV4cCI6MTYwMDQyMDI4Nn0.HfhngHdS04I9XNlzYjqdo2kTkAwUNNqQf7dw7J1z4aU'}
2020-09-17 17:11:37,896 - GraphqlClient.py - send_request - DEBUG -{
  'input': {
    'account': 'admin3',
    'code': 'bhoew',
    'department': {
      'id': 1,
    },
    'name': '保养',
    'password': '123456',
    'phone': '123456',
    'roles': [
      {
        'id': '164',
      },
    ],
    'status': 'ACTIVATED',
  },
}

2020-09-17 17:11:38,179 - GraphqlClient.py - send_request - DEBUG -{
  'data': None,
  'errors': [
    {
      'locations': [
        {
          'column': 5,
          'line': 2,
        },
      ],
      'message': 'duplicate key value violates unique constraint
                  "uq_employees__account__company_id"\nDETAIL:  Key (account,
                  ...(1 hidden line)',
      'path': ['createEmployee'],
    },
  ],
}

2020-09-17 17:11:38,179 - test_permissions.py - TestPermission - DEBUG -'bool' object is not subscriptable
2020-09-17 17:11:38,179 - GraphqlClient.py - send_request - DEBUG -http://192.168.1.175:8888/graphql/?createRole
2020-09-17 17:11:38,179 - GraphqlClient.py - send_request - DEBUG -{'Content-Type': 'application/json', 'authorization': 'Token eyJ0eXAiOiJKV1QiLCJhbGciOiJIUzI1NiJ9.eyJjcmVkZW50aWFscyI6eyJlbXBsb3llZV9pZCI6MSwiaXNfYWRtaW5fIjp0cnVlfSwidXNlciI6eyJpZCI6MSwiY29tcGFueV9pZCI6MSwibmFtZSI6Ilx1N2JhMVx1NzQwNlx1NTQ1OCIsImRlcGFydG1lbnRfaWQiOjEsImNvZGUiOm51bGwsInBob25lIjpudWxsLCJqb2IiOm51bGwsImVtYWlsIjpudWxsLCJhY2NvdW50IjoiYWRtaW4iLCJzdGF0dXMiOiJBQ1RJVkFURUQiLCJyb2xlcyI6bnVsbH0sImV4cCI6MTYwMDQyMDI4Nn0.HfhngHdS04I9XNlzYjqdo2kTkAwUNNqQf7dw7J1z4aU'}
2020-09-17 17:11:38,183 - GraphqlClient.py - send_request - DEBUG -{
  'input': {
    'name': '备件管理',
    'permissions': [
      {
        'id': '28',
      },
      {
        'id': '4',
      },
      {
        'id': '5',
      },
      {
        'id': '6',
      },
      {
        'id': '7',
      },
      {
        'id': '8',
      },
      {
        'id': '9',
      },
    ],
  },
}

2020-09-17 17:11:38,288 - GraphqlClient.py - send_request - DEBUG -{
  'data': {
    'createRole': {
      '__typename': 'Role',
      'id': '165',
      'name': '备件管理',
      'permissions': [
        {
          '__typename': 'Permission',
          'description': '查看备件列表、详情',
          'id': '4',
          'scopes': ['/query/sparePart', '/query/spareParts'],
        },
        {
          '__typename': 'Permission',
          'description': '编辑、导入、导出备件详情',
          'id': '5',
          'scopes': ['/mutation/createSparePart',...(len=174),
        },
        {
          '__typename': 'Permission',
          'description': '查看备件库存、入库记录、申领记录',
          'id': '6',
          'scopes': ['/query/sparePartStocks',...(len=263),
        },
        {
          '__typename': 'Permission',
          'description': '编辑仓库信息',
          'id': '7',
          'scopes': [],
        },
        {
          '__typename': 'Permission',
          'description': '发起备件入库',
          'id': '8',
          'scopes': ['/mutation/createSparePartReceipt',...(len=72),
        },
        {
          '__typename': 'Permission',
          'description': '发起备件申领',
          'id': '9',
          'scopes': ['/mutation/createSparePartOutbound',...(len=74),
        },
        {
          '__typename': 'Permission',
          'description': '审核备件申领单',
          'id': '28',
          'scopes': ['/mutation/updateSparePartOutboundStatus'],
        },
      ],
    },
  },
  'errors': None,
}

2020-09-17 17:11:38,288 - GraphqlClient.py - send_request - DEBUG -http://192.168.1.175:8888/graphql/?createEmployee
2020-09-17 17:11:38,288 - GraphqlClient.py - send_request - DEBUG -{'Content-Type': 'application/json', 'authorization': 'Token eyJ0eXAiOiJKV1QiLCJhbGciOiJIUzI1NiJ9.eyJjcmVkZW50aWFscyI6eyJlbXBsb3llZV9pZCI6MSwiaXNfYWRtaW5fIjp0cnVlfSwidXNlciI6eyJpZCI6MSwiY29tcGFueV9pZCI6MSwibmFtZSI6Ilx1N2JhMVx1NzQwNlx1NTQ1OCIsImRlcGFydG1lbnRfaWQiOjEsImNvZGUiOm51bGwsInBob25lIjpudWxsLCJqb2IiOm51bGwsImVtYWlsIjpudWxsLCJhY2NvdW50IjoiYWRtaW4iLCJzdGF0dXMiOiJBQ1RJVkFURUQiLCJyb2xlcyI6bnVsbH0sImV4cCI6MTYwMDQyMDI4Nn0.HfhngHdS04I9XNlzYjqdo2kTkAwUNNqQf7dw7J1z4aU'}
2020-09-17 17:11:38,291 - GraphqlClient.py - send_request - DEBUG -{
  'input': {
    'account': 'admin4',
    'code': 'qrozi',
    'department': {
      'id': 1,
    },
    'name': '备件管理',
    'password': '123456',
    'phone': '123456',
    'roles': [
      {
        'id': '165',
      },
    ],
    'status': 'ACTIVATED',
  },
}

2020-09-17 17:11:38,595 - GraphqlClient.py - send_request - DEBUG -{
  'data': None,
  'errors': [
    {
      'locations': [
        {
          'column': 5,
          'line': 2,
        },
      ],
      'message': 'duplicate key value violates unique constraint
                  "uq_employees__account__company_id"\nDETAIL:  Key (account,
                  ...(1 hidden line)',
      'path': ['createEmployee'],
    },
  ],
}

2020-09-17 17:11:38,596 - test_permissions.py - TestPermission - DEBUG -'bool' object is not subscriptable
2020-09-17 17:11:38,596 - GraphqlClient.py - send_request - DEBUG -http://192.168.1.175:8888/graphql/?createRole
2020-09-17 17:11:38,596 - GraphqlClient.py - send_request - DEBUG -{'Content-Type': 'application/json', 'authorization': 'Token eyJ0eXAiOiJKV1QiLCJhbGciOiJIUzI1NiJ9.eyJjcmVkZW50aWFscyI6eyJlbXBsb3llZV9pZCI6MSwiaXNfYWRtaW5fIjp0cnVlfSwidXNlciI6eyJpZCI6MSwiY29tcGFueV9pZCI6MSwibmFtZSI6Ilx1N2JhMVx1NzQwNlx1NTQ1OCIsImRlcGFydG1lbnRfaWQiOjEsImNvZGUiOm51bGwsInBob25lIjpudWxsLCJqb2IiOm51bGwsImVtYWlsIjpudWxsLCJhY2NvdW50IjoiYWRtaW4iLCJzdGF0dXMiOiJBQ1RJVkFURUQiLCJyb2xlcyI6bnVsbH0sImV4cCI6MTYwMDQyMDI4Nn0.HfhngHdS04I9XNlzYjqdo2kTkAwUNNqQf7dw7J1z4aU'}
2020-09-17 17:11:38,600 - GraphqlClient.py - send_request - DEBUG -{
  'input': {
    'name': '巡检',
    'permissions': [
      {
        'id': '12',
      },
      {
        'id': '13',
      },
      {
        'id': '14',
      },
      {
        'id': '15',
      },
    ],
  },
}

2020-09-17 17:11:38,805 - GraphqlClient.py - send_request - DEBUG -{
  'data': {
    'createRole': {
      '__typename': 'Role',
      'id': '166',
      'name': '巡检',
      'permissions': [
        {
          '__typename': 'Permission',
          'description': '查看巡检方案',
          'id': '12',
          'scopes': ['/query/thingInspectionRule',...(len=61),
        },
        {
          '__typename': 'Permission',
          'description': '编辑巡检方案',
          'id': '13',
          'scopes': ['/mutation/createThingInspectionRule',...(len=113),
        },
        {
          '__typename': 'Permission',
          'description': '查看、发起、审核巡检单',
          'id': '14',
          'scopes': ['/mutation/createThingInspection',...(len=164),
        },
        {
          '__typename': 'Permission',
          'description': '查看、发起、反馈巡检单',
          'id': '15',
          'scopes': ['/mutation/createThingInspection',...(len=166),
        },
      ],
    },
  },
  'errors': None,
}

2020-09-17 17:11:38,806 - GraphqlClient.py - send_request - DEBUG -http://192.168.1.175:8888/graphql/?createEmployee
2020-09-17 17:11:38,806 - GraphqlClient.py - send_request - DEBUG -{'Content-Type': 'application/json', 'authorization': 'Token eyJ0eXAiOiJKV1QiLCJhbGciOiJIUzI1NiJ9.eyJjcmVkZW50aWFscyI6eyJlbXBsb3llZV9pZCI6MSwiaXNfYWRtaW5fIjp0cnVlfSwidXNlciI6eyJpZCI6MSwiY29tcGFueV9pZCI6MSwibmFtZSI6Ilx1N2JhMVx1NzQwNlx1NTQ1OCIsImRlcGFydG1lbnRfaWQiOjEsImNvZGUiOm51bGwsInBob25lIjpudWxsLCJqb2IiOm51bGwsImVtYWlsIjpudWxsLCJhY2NvdW50IjoiYWRtaW4iLCJzdGF0dXMiOiJBQ1RJVkFURUQiLCJyb2xlcyI6bnVsbH0sImV4cCI6MTYwMDQyMDI4Nn0.HfhngHdS04I9XNlzYjqdo2kTkAwUNNqQf7dw7J1z4aU'}
2020-09-17 17:11:38,809 - GraphqlClient.py - send_request - DEBUG -{
  'input': {
    'account': 'admin5',
    'code': 'ewnlq',
    'department': {
      'id': 1,
    },
    'name': '巡检',
    'password': '123456',
    'phone': '123456',
    'roles': [
      {
        'id': '166',
      },
    ],
    'status': 'ACTIVATED',
  },
}

2020-09-17 17:11:38,996 - GraphqlClient.py - send_request - DEBUG -{
  'data': None,
  'errors': [
    {
      'locations': [
        {
          'column': 5,
          'line': 2,
        },
      ],
      'message': 'duplicate key value violates unique constraint
                  "uq_employees__account__company_id"\nDETAIL:  Key (account,
                  ...(1 hidden line)',
      'path': ['createEmployee'],
    },
  ],
}

2020-09-17 17:11:38,996 - test_permissions.py - TestPermission - DEBUG -'bool' object is not subscriptable
2020-09-17 17:11:38,996 - GraphqlClient.py - send_request - DEBUG -http://192.168.1.175:8888/graphql/?createRole
2020-09-17 17:11:38,996 - GraphqlClient.py - send_request - DEBUG -{'Content-Type': 'application/json', 'authorization': 'Token eyJ0eXAiOiJKV1QiLCJhbGciOiJIUzI1NiJ9.eyJjcmVkZW50aWFscyI6eyJlbXBsb3llZV9pZCI6MSwiaXNfYWRtaW5fIjp0cnVlfSwidXNlciI6eyJpZCI6MSwiY29tcGFueV9pZCI6MSwibmFtZSI6Ilx1N2JhMVx1NzQwNlx1NTQ1OCIsImRlcGFydG1lbnRfaWQiOjEsImNvZGUiOm51bGwsInBob25lIjpudWxsLCJqb2IiOm51bGwsImVtYWlsIjpudWxsLCJhY2NvdW50IjoiYWRtaW4iLCJzdGF0dXMiOiJBQ1RJVkFURUQiLCJyb2xlcyI6bnVsbH0sImV4cCI6MTYwMDQyMDI4Nn0.HfhngHdS04I9XNlzYjqdo2kTkAwUNNqQf7dw7J1z4aU'}
2020-09-17 17:11:38,998 - GraphqlClient.py - send_request - DEBUG -{
  'input': {
    'name': '概览（报表）',
    'permissions': [
      {
        'id': '26',
      },
    ],
  },
}

2020-09-17 17:11:39,052 - GraphqlClient.py - send_request - DEBUG -{
  'data': {
    'createRole': {
      '__typename': 'Role',
      'id': '167',
      'name': '概览（报表）',
      'permissions': [
        {
          '__typename': 'Permission',
          'description': '查看所有报表',
          'id': '26',
          'scopes': ['/query/thingOverview', '/query/thingSummary',...(len=96),
        },
      ],
    },
  },
  'errors': None,
}

2020-09-17 17:11:39,052 - GraphqlClient.py - send_request - DEBUG -http://192.168.1.175:8888/graphql/?createEmployee
2020-09-17 17:11:39,052 - GraphqlClient.py - send_request - DEBUG -{'Content-Type': 'application/json', 'authorization': 'Token eyJ0eXAiOiJKV1QiLCJhbGciOiJIUzI1NiJ9.eyJjcmVkZW50aWFscyI6eyJlbXBsb3llZV9pZCI6MSwiaXNfYWRtaW5fIjp0cnVlfSwidXNlciI6eyJpZCI6MSwiY29tcGFueV9pZCI6MSwibmFtZSI6Ilx1N2JhMVx1NzQwNlx1NTQ1OCIsImRlcGFydG1lbnRfaWQiOjEsImNvZGUiOm51bGwsInBob25lIjpudWxsLCJqb2IiOm51bGwsImVtYWlsIjpudWxsLCJhY2NvdW50IjoiYWRtaW4iLCJzdGF0dXMiOiJBQ1RJVkFURUQiLCJyb2xlcyI6bnVsbH0sImV4cCI6MTYwMDQyMDI4Nn0.HfhngHdS04I9XNlzYjqdo2kTkAwUNNqQf7dw7J1z4aU'}
2020-09-17 17:11:39,056 - GraphqlClient.py - send_request - DEBUG -{
  'input': {
    'account': 'admin6',
    'code': 'bptse',
    'department': {
      'id': 1,
    },
    'name': '概览（报表）',
    'password': '123456',
    'phone': '123456',
    'roles': [
      {
        'id': '167',
      },
    ],
    'status': 'ACTIVATED',
  },
}

2020-09-17 17:11:39,323 - GraphqlClient.py - send_request - DEBUG -{
  'data': None,
  'errors': [
    {
      'locations': [
        {
          'column': 5,
          'line': 2,
        },
      ],
      'message': 'duplicate key value violates unique constraint
                  "uq_employees__account__company_id"\nDETAIL:  Key (account,
                  ...(1 hidden line)',
      'path': ['createEmployee'],
    },
  ],
}

2020-09-17 17:11:39,324 - test_permissions.py - TestPermission - DEBUG -'bool' object is not subscriptable
2020-09-17 17:11:39,324 - GraphqlClient.py - send_request - DEBUG -http://192.168.1.175:8888/graphql/?createRole
2020-09-17 17:11:39,324 - GraphqlClient.py - send_request - DEBUG -{'Content-Type': 'application/json', 'authorization': 'Token eyJ0eXAiOiJKV1QiLCJhbGciOiJIUzI1NiJ9.eyJjcmVkZW50aWFscyI6eyJlbXBsb3llZV9pZCI6MSwiaXNfYWRtaW5fIjp0cnVlfSwidXNlciI6eyJpZCI6MSwiY29tcGFueV9pZCI6MSwibmFtZSI6Ilx1N2JhMVx1NzQwNlx1NTQ1OCIsImRlcGFydG1lbnRfaWQiOjEsImNvZGUiOm51bGwsInBob25lIjpudWxsLCJqb2IiOm51bGwsImVtYWlsIjpudWxsLCJhY2NvdW50IjoiYWRtaW4iLCJzdGF0dXMiOiJBQ1RJVkFURUQiLCJyb2xlcyI6bnVsbH0sImV4cCI6MTYwMDQyMDI4Nn0.HfhngHdS04I9XNlzYjqdo2kTkAwUNNqQf7dw7J1z4aU'}
2020-09-17 17:11:39,326 - GraphqlClient.py - send_request - DEBUG -{
  'input': {
    'name': '维修',
    'permissions': [
      {
        'id': '10',
      },
      {
        'id': '11',
      },
    ],
  },
}

2020-09-17 17:11:39,681 - GraphqlClient.py - send_request - DEBUG -{
  'data': {
    'createRole': {
      '__typename': 'Role',
      'id': '168',
      'name': '维修',
      'permissions': [
        {
          '__typename': 'Permission',
          'description': '查看、发起、审核维修单',
          'id': '10',
          'scopes': ['/query/thingRepairs', '/query/thingRepair',...(len=176),
        },
        {
          '__typename': 'Permission',
          'description': '查看、发起、反馈维修单',
          'id': '11',
          'scopes': ['/query/thingRepairs', '/query/thingRepair',...(len=178),
        },
      ],
    },
  },
  'errors': None,
}

2020-09-17 17:11:39,682 - GraphqlClient.py - send_request - DEBUG -http://192.168.1.175:8888/graphql/?createEmployee
2020-09-17 17:11:39,682 - GraphqlClient.py - send_request - DEBUG -{'Content-Type': 'application/json', 'authorization': 'Token eyJ0eXAiOiJKV1QiLCJhbGciOiJIUzI1NiJ9.eyJjcmVkZW50aWFscyI6eyJlbXBsb3llZV9pZCI6MSwiaXNfYWRtaW5fIjp0cnVlfSwidXNlciI6eyJpZCI6MSwiY29tcGFueV9pZCI6MSwibmFtZSI6Ilx1N2JhMVx1NzQwNlx1NTQ1OCIsImRlcGFydG1lbnRfaWQiOjEsImNvZGUiOm51bGwsInBob25lIjpudWxsLCJqb2IiOm51bGwsImVtYWlsIjpudWxsLCJhY2NvdW50IjoiYWRtaW4iLCJzdGF0dXMiOiJBQ1RJVkFURUQiLCJyb2xlcyI6bnVsbH0sImV4cCI6MTYwMDQyMDI4Nn0.HfhngHdS04I9XNlzYjqdo2kTkAwUNNqQf7dw7J1z4aU'}
2020-09-17 17:11:39,685 - GraphqlClient.py - send_request - DEBUG -{
  'input': {
    'account': 'admin7',
    'code': 'aqrnh',
    'department': {
      'id': 1,
    },
    'name': '维修',
    'password': '123456',
    'phone': '123456',
    'roles': [
      {
        'id': '168',
      },
    ],
    'status': 'ACTIVATED',
  },
}

2020-09-17 17:11:39,812 - GraphqlClient.py - send_request - DEBUG -{
  'data': None,
  'errors': [
    {
      'locations': [
        {
          'column': 5,
          'line': 2,
        },
      ],
      'message': 'duplicate key value violates unique constraint
                  "uq_employees__account__company_id"\nDETAIL:  Key (account,
                  ...(1 hidden line)',
      'path': ['createEmployee'],
    },
  ],
}

2020-09-17 17:11:39,812 - test_permissions.py - TestPermission - DEBUG -'bool' object is not subscriptable
2020-09-17 17:11:39,812 - GraphqlClient.py - send_request - DEBUG -http://192.168.1.175:8888/graphql/?createRole
2020-09-17 17:11:39,812 - GraphqlClient.py - send_request - DEBUG -{'Content-Type': 'application/json', 'authorization': 'Token eyJ0eXAiOiJKV1QiLCJhbGciOiJIUzI1NiJ9.eyJjcmVkZW50aWFscyI6eyJlbXBsb3llZV9pZCI6MSwiaXNfYWRtaW5fIjp0cnVlfSwidXNlciI6eyJpZCI6MSwiY29tcGFueV9pZCI6MSwibmFtZSI6Ilx1N2JhMVx1NzQwNlx1NTQ1OCIsImRlcGFydG1lbnRfaWQiOjEsImNvZGUiOm51bGwsInBob25lIjpudWxsLCJqb2IiOm51bGwsImVtYWlsIjpudWxsLCJhY2NvdW50IjoiYWRtaW4iLCJzdGF0dXMiOiJBQ1RJVkFURUQiLCJyb2xlcyI6bnVsbH0sImV4cCI6MTYwMDQyMDI4Nn0.HfhngHdS04I9XNlzYjqdo2kTkAwUNNqQf7dw7J1z4aU'}
2020-09-17 17:11:39,816 - GraphqlClient.py - send_request - DEBUG -{
  'input': {
    'name': '设置',
    'permissions': [
      {
        'id': '20',
      },
      {
        'id': '21',
      },
      {
        'id': '22',
      },
      {
        'id': '23',
      },
      {
        'id': '24',
      },
      {
        'id': '25',
      },
    ],
  },
}

2020-09-17 17:11:39,878 - GraphqlClient.py - send_request - DEBUG -{
  'data': {
    'createRole': {
      '__typename': 'Role',
      'id': '169',
      'name': '设置',
      'permissions': [
        {
          '__typename': 'Permission',
          'description': '自定义表单',
          'id': '20',
          'scopes': ['/mutation/updateFormStruct'],
        },
        {
          '__typename': 'Permission',
          'description': '查看隐藏字段',
          'id': '21',
          'scopes': [],
        },
        {
          '__typename': 'Permission',
          'description': '查看组织架构及人员',
          'id': '22',
          'scopes': ['/query/departments', '/query/employees'],
        },
        {
          '__typename': 'Permission',
          'description': '编辑组织架构及人员',
          'id': '23',
          'scopes': ['/mutation/createDepartment',...(len=220),
        },
        {
          '__typename': 'Permission',
          'description': '查看角色权限',
          'id': '24',
          'scopes': ['/query/permissionTable', '/query/roles'],
        },
        {
          '__typename': 'Permission',
          'description': '编辑角色权限',
          'id': '25',
          'scopes': ['/mutation/updateEmployee'],
        },
      ],
    },
  },
  'errors': None,
}

2020-09-17 17:11:39,879 - GraphqlClient.py - send_request - DEBUG -http://192.168.1.175:8888/graphql/?createEmployee
2020-09-17 17:11:39,879 - GraphqlClient.py - send_request - DEBUG -{'Content-Type': 'application/json', 'authorization': 'Token eyJ0eXAiOiJKV1QiLCJhbGciOiJIUzI1NiJ9.eyJjcmVkZW50aWFscyI6eyJlbXBsb3llZV9pZCI6MSwiaXNfYWRtaW5fIjp0cnVlfSwidXNlciI6eyJpZCI6MSwiY29tcGFueV9pZCI6MSwibmFtZSI6Ilx1N2JhMVx1NzQwNlx1NTQ1OCIsImRlcGFydG1lbnRfaWQiOjEsImNvZGUiOm51bGwsInBob25lIjpudWxsLCJqb2IiOm51bGwsImVtYWlsIjpudWxsLCJhY2NvdW50IjoiYWRtaW4iLCJzdGF0dXMiOiJBQ1RJVkFURUQiLCJyb2xlcyI6bnVsbH0sImV4cCI6MTYwMDQyMDI4Nn0.HfhngHdS04I9XNlzYjqdo2kTkAwUNNqQf7dw7J1z4aU'}
2020-09-17 17:11:39,881 - GraphqlClient.py - send_request - DEBUG -{
  'input': {
    'account': 'admin8',
    'code': 'vnnop',
    'department': {
      'id': 1,
    },
    'name': '设置',
    'password': '123456',
    'phone': '123456',
    'roles': [
      {
        'id': '169',
      },
    ],
    'status': 'ACTIVATED',
  },
}

2020-09-17 17:11:40,138 - GraphqlClient.py - send_request - DEBUG -{
  'data': None,
  'errors': [
    {
      'locations': [
        {
          'column': 5,
          'line': 2,
        },
      ],
      'message': 'duplicate key value violates unique constraint
                  "uq_employees__account__company_id"\nDETAIL:  Key (account,
                  ...(1 hidden line)',
      'path': ['createEmployee'],
    },
  ],
}

2020-09-17 17:11:40,139 - test_permissions.py - TestPermission - DEBUG -'bool' object is not subscriptable
2020-09-17 17:11:40,214 - test_permissions.py - test - DEBUG -[]
