2020-09-16 16:29:30,256 - GraphqlClient.py - send_request - DEBUG -http://192.168.1.175:8888/graphql/?login
2020-09-16 16:29:30,256 - GraphqlClient.py - send_request - DEBUG -{'Content-Type': 'application/json'}
2020-09-16 16:29:30,272 - GraphqlClient.py - send_request - DEBUG -{
  'input': {
    'account': 'admin',
    'password': 'admin',
  },
}

2020-09-16 16:29:30,668 - GraphqlClient.py - send_request - DEBUG -{
  'data': {
    'login': {
      '__typename': 'AuthInfo',
      'employee': {
        '__typename': 'Employee',
        'account': 'admin',
        'code': None,
        'department': {
          '__typename': 'Department',
          'headcount': 9,
          'id': '1',
          'name': '喜临门家具股份有限公司',
          'parentPath': [],
          'subsidiaries': [],
        },
        'email': None,
        'id': '1',
        'job': None,
        'name': '管理员',
        'phone': None,
        'roles': [
          {'id': '1', 'name': '负责人', 'permissions':...(len=170),
        ],
        'status': 'ACTIVATED',
      },
      'token': 'eyJ0eXAiOiJKV1QiLCJhbGciOiJIUzI1NiJ9.eyJjcmVkZW50aWFscyI6eyJlbXB
                sb3llZV9pZCI6MSwiaXNfYWRtaW5fIjp0cnVlfSwidXNlciI6eyJpZCI6MSwiY29
                ...(5 hidden lines)',
    },
  },
  'errors': None,
}

2020-09-16 16:29:30,670 - GraphqlClient.py - send_request - DEBUG -http://192.168.1.175:8888/graphql/?formStructs
2020-09-16 16:29:30,670 - GraphqlClient.py - send_request - DEBUG -{'Content-Type': 'application/json', 'authorization': 'Token eyJ0eXAiOiJKV1QiLCJhbGciOiJIUzI1NiJ9.eyJjcmVkZW50aWFscyI6eyJlbXBsb3llZV9pZCI6MSwiaXNfYWRtaW5fIjp0cnVlfSwidXNlciI6eyJpZCI6MSwiY29tcGFueV9pZCI6MSwibmFtZSI6Ilx1N2JhMVx1NzQwNlx1NTQ1OCIsImRlcGFydG1lbnRfaWQiOjEsImNvZGUiOm51bGwsInBob25lIjpudWxsLCJqb2IiOm51bGwsImVtYWlsIjpudWxsLCJhY2NvdW50IjoiYWRtaW4iLCJzdGF0dXMiOiJBQ1RJVkFURUQiLCJyb2xlcyI6bnVsbH0sImV4cCI6MTYwMDMzMTM3MH0.XaYtNYdWWrENtQvEtMEZhLoQdsmGd4UwWzZKIitmHS8'}
2020-09-16 16:29:30,670 - GraphqlClient.py - send_request - DEBUG -{
  'isDraft': False,
}

2020-09-16 16:29:31,172 - GraphqlClient.py - send_request - DEBUG -{
  'data': {
    'formStructs': [
      {
        '__typename': 'FormStruct',
        'customFields': [
          {'id': 'spare_part_outbounds_领用仓库',...(len=392),
          {'id': 'spare_part_outbounds_领用工厂',...(len=396),
          {'id': 'spare_part_outbounds_领用目的',...(len=367),
          {'id': 'spare_part_outbounds_领用时间',...(len=306),
          {'id':...(len=340),
          {'id':...(len=340),
          {'id':...(len=303),
          {'id':...(len=310),
          {'id':...(len=312),
          {'id':...(len=312),
          {'id':...(len=309),
          {'id':...(len=353),
          {'id':...(len=344),
          {'id':...(len=342),
          {'id':...(len=344),
          {'id':...(len=331),
          {'id':...(len=326),
          {'id':...(len=398),
        ],
        'displayName': '申领单信息',
        'name': 'spare_part_outbounds',
      },
      {
        '__typename': 'FormStruct',
        'customFields': [
          {'id': 'spare_part_receipts_入库仓库',...(len=392),
          {'id': 'spare_part_receipts_入库工厂',...(len=396),
          {'id': 'spare_part_receipts_入库时间',...(len=306),
          {'id':...(len=340),
          {'id':...(len=340),
          {'id':...(len=303),
          {'id':...(len=310),
          {'id':...(len=312),
          {'id':...(len=312),
          {'id':...(len=309),
          {'id':...(len=353),
          {'id':...(len=344),
          {'id':...(len=342),
          {'id':...(len=344),
          {'id':...(len=331),
          {'id':...(len=326),
          {'id':...(len=398),
        ],
        'displayName': '入库单信息',
        'name': 'spare_part_receipts',
      },
      {
        '__typename': 'FormStruct',
        'customFields': [
          {'id': 'spare_parts_备件名称', 'type':...(len=382),
          {'id': 'spare_parts_备件类型', 'type':...(len=371),
          {'id': 'spare_parts_备件型号', 'type':...(len=383),
          {'id': 'spare_parts_生产厂家', 'type':...(len=397),
          {'id': 'spare_parts_经销商', 'type':...(len=391),
          {'id': 'spare_parts_备件描述', 'type':...(len=381),
          {'id': 'spare_parts_附件', 'type':...(len=314),
          {'id': 'spare_parts_图片', 'type':...(len=299),
          {'id': 'spare_parts_单价', 'type':...(len=317),
          {'id':...(len=340),
          {'id':...(len=340),
          {'id':...(len=303),
          {'id':...(len=310),
          {'id':...(len=312),
          {'id':...(len=312),
          {'id':...(len=309),
          {'id':...(len=353),
          {'id':...(len=344),
          {'id':...(len=342),
          {'id':...(len=344),
          {'id':...(len=331),
          {'id':...(len=326),
          {'id':...(len=398),
        ],
        'displayName': '备件基本档案',
        'name': 'spare_parts',
      },
      {
        '__typename': 'FormStruct',
        'customFields': [
          {'id': 'thing_inspection_rules_巡检方案名...(len=400),
          {'id':...(len=340),
          {'id':...(len=340),
          {'id':...(len=303),
          {'id':...(len=310),
          {'id':...(len=312),
          {'id':...(len=312),
          {'id':...(len=309),
          {'id':...(len=353),
          {'id':...(len=344),
          {'id':...(len=342),
          {'id':...(len=344),
          {'id':...(len=331),
          {'id':...(len=326),
          {'id':...(len=398),
        ],
        'displayName': '设备巡检方案',
        'name': 'thing_inspection_rules',
      },
      {
        '__typename': 'FormStruct',
        'customFields': [
          {'id':...(len=340),
          {'id':...(len=340),
          {'id':...(len=303),
          {'id':...(len=310),
          {'id':...(len=312),
          {'id':...(len=312),
          {'id':...(len=309),
          {'id':...(len=353),
          {'id':...(len=344),
          {'id':...(len=342),
          {'id':...(len=344),
          {'id':...(len=331),
          {'id':...(len=326),
          {'id':...(len=398),
        ],
        'displayName': '巡检工单',
        'name': 'thing_inspections',
      },
      {
        '__typename': 'FormStruct',
        'customFields': [
          {'id': 'thing_inspections_feedback_巡检完...(len=322),
          {'id':...(len=340),
          {'id':...(len=340),
          {'id':...(len=303),
          {'id':...(len=310),
          {'id':...(len=312),
          {'id':...(len=312),
          {'id':...(len=309),
          {'id':...(len=353),
          {'id':...(len=344),
          {'id':...(len=342),
          {'id':...(len=344),
          {'id':...(len=331),
          {'id':...(len=326),
          {'id':...(len=398),
        ],
        'displayName': '反馈巡检工单',
        'name': 'thing_inspections_feedback',
      },
      {
        '__typename': 'FormStruct',
        'customFields': [
          {'id':...(len=340),
          {'id':...(len=340),
          {'id':...(len=303),
          {'id':...(len=310),
          {'id':...(len=312),
          {'id':...(len=312),
          {'id':...(len=309),
          {'id':...(len=353),
          {'id':...(len=344),
          {'id':...(len=342),
          {'id':...(len=344),
          {'id':...(len=331),
          {'id':...(len=326),
          {'id':...(len=398),
        ],
        'displayName': '保养工单',
        'name': 'thing_maintenance',
      },
      {
        '__typename': 'FormStruct',
        'customFields': [
          {'id': 'thing_maintenance_feedback_结束时...(len=316),
          {'id': 'thing_maintenance_feedback_备注',...(len=395),
          {'id': 'thing_maintenance_feedback_备件费...(len=357),
          {'id': 'thing_maintenance_feedback_材料费...(len=354),
          {'id': 'thing_maintenance_feedback_人工费...(len=348),
          {'id': 'thing_maintenance_feedback_其他费...(len=352),
          {'id': 'thing_maintenance_feedback_保养结...(len=397),
          {'id': 'thing_maintenance_feedback_保养图...(len=323),
          {'id':...(len=340),
          {'id':...(len=340),
          {'id':...(len=303),
          {'id':...(len=310),
          {'id':...(len=312),
          {'id':...(len=312),
          {'id':...(len=309),
          {'id':...(len=353),
          {'id':...(len=344),
          {'id':...(len=342),
          {'id':...(len=344),
          {'id':...(len=331),
          {'id':...(len=326),
          {'id':...(len=398),
        ],
        'displayName': '反馈保养工单',
        'name': 'thing_maintenance_feedback',
      },
      {
        '__typename': 'FormStruct',
        'customFields': [
          {'id': 'thing_maintenance_rules_保养方案...(len=402),
          {'id': 'thing_maintenance_rules_保养等级...(len=379),
          {'id': 'thing_maintenance_rules_保养频次...(len=403),
          {'id':...(len=340),
          {'id':...(len=340),
          {'id':...(len=303),
          {'id':...(len=310),
          {'id':...(len=312),
          {'id':...(len=312),
          {'id':...(len=309),
          {'id':...(len=353),
          {'id':...(len=344),
          {'id':...(len=342),
          {'id':...(len=344),
          {'id':...(len=331),
          {'id':...(len=326),
          {'id':...(len=398),
        ],
        'displayName': '保养方案',
        'name': 'thing_maintenance_rules',
      },
      {
        '__typename': 'FormStruct',
        'customFields': [
          {'id': 'thing_repairs_申请部门', 'type':...(len=408),
          {'id': 'thing_repairs_故障描述', 'type':...(len=395),
          {'id': 'thing_repairs_故障图片', 'type':...(len=315),
          {'id':...(len=340),
          {'id':...(len=340),
          {'id':...(len=303),
          {'id':...(len=310),
          {'id':...(len=312),
          {'id':...(len=312),
          {'id':...(len=309),
          {'id':...(len=353),
          {'id':...(len=344),
          {'id':...(len=342),
          {'id':...(len=344),
          {'id':...(len=331),
          {'id':...(len=326),
          {'id':...(len=398),
        ],
        'displayName': '报修单信息',
        'name': 'thing_repairs',
      },
      {
        '__typename': 'FormStruct',
        'customFields': [
          {'id': 'thing_repairs_feedback_维修完成时...(len=329),
          {'id': 'thing_repairs_feedback_备件费',...(len=351),
          {'id': 'thing_repairs_feedback_维修费用',...(len=307),
          {'id': 'thing_repairs_feedback_材料费',...(len=348),
          {'id': 'thing_repairs_feedback_人工费',...(len=341),
          {'id': 'thing_repairs_feedback_其他费用',...(len=346),
          {'id': 'thing_repairs_feedback_维修结果',...(len=393),
          {'id':...(len=340),
          {'id':...(len=340),
          {'id':...(len=303),
          {'id':...(len=310),
          {'id':...(len=312),
          {'id':...(len=312),
          {'id':...(len=309),
          {'id':...(len=353),
          {'id':...(len=344),
          {'id':...(len=342),
          {'id':...(len=344),
          {'id':...(len=331),
          {'id':...(len=326),
          {'id':...(len=398),
        ],
        'displayName': '报修单反馈信息',
        'name': 'thing_repairs_feedback',
      },
      {
        '__typename': 'FormStruct',
        'customFields': [
          {'id': 'things_设备名称', 'type': 'TEXT',...(len=376),
          {'id': 'things_设备编码', 'type': 'TEXT',...(len=376),
          {'id': 'things_设备位置', 'type': 'TEXT',...(len=385),
          {'id': 'things_设备型号', 'type': 'TEXT',...(len=378),
          {'id': 'things_负责人', 'type':...(len=291),
          {'id': 'things_手机号码', 'type': 'TEXT',...(len=378),
          {'id': 'things_生产厂家', 'type': 'TEXT',...(len=392),
          {'id': 'things_经销商', 'type': 'TEXT',...(len=386),
          {'id': 'things_采购日期', 'type':...(len=307),
          {'id': 'things_启用日期', 'type':...(len=307),
          {'id': 'things_采购价格', 'type':...(len=338),
          {'id': 'things_使用年限', 'type':...(len=332),
          {'id': 'things_折旧率', 'type': 'NUMBER',...(len=339),
          {'id': 'things_关联附件', 'type':...(len=311),
          {'id': 'things_设备图片', 'type':...(len=296),
          {'id': 'things_设备描述', 'type': 'TEXT',...(len=377),
          {'id': 'things_设备类别', 'type':...(len=337),
          {'id': 'things_品牌', 'type':...(len=323),
          {'id': 'things_使用工厂', 'type':...(len=335),
          {'id': 'things_用途', 'type':...(len=327),
          {'id': 'things_设备状态', 'type':...(len=333),
          {'id':...(len=340),
          {'id':...(len=340),
          {'id':...(len=303),
          {'id':...(len=310),
          {'id':...(len=312),
          {'id':...(len=312),
          {'id':...(len=309),
          {'id':...(len=353),
          {'id':...(len=344),
          {'id':...(len=342),
          {'id':...(len=344),
          {'id':...(len=331),
          {'id':...(len=326),
          {'id':...(len=398),
          {'id':...(len=336),
        ],
        'displayName': '设备信息',
        'name': 'things',
      },
    ],
  },
  'errors': None,
}

2020-09-16 16:29:31,192 - GraphqlClient.py - send_request - DEBUG -http://192.168.1.175:8888/graphql/?login
2020-09-16 16:29:31,192 - GraphqlClient.py - send_request - DEBUG -{'Content-Type': 'application/json'}
2020-09-16 16:29:31,193 - GraphqlClient.py - send_request - DEBUG -{
  'input': {
    'account': 'admin',
    'password': 'admin',
  },
}

2020-09-16 16:29:31,368 - GraphqlClient.py - send_request - DEBUG -{
  'data': {
    'login': {
      '__typename': 'AuthInfo',
      'employee': {
        '__typename': 'Employee',
        'account': 'admin',
        'code': None,
        'department': {
          '__typename': 'Department',
          'headcount': 9,
          'id': '1',
          'name': '喜临门家具股份有限公司',
          'parentPath': [],
          'subsidiaries': [],
        },
        'email': None,
        'id': '1',
        'job': None,
        'name': '管理员',
        'phone': None,
        'roles': [
          {'id': '1', 'name': '负责人', 'permissions':...(len=170),
        ],
        'status': 'ACTIVATED',
      },
      'token': 'eyJ0eXAiOiJKV1QiLCJhbGciOiJIUzI1NiJ9.eyJjcmVkZW50aWFscyI6eyJlbXB
                sb3llZV9pZCI6MSwiaXNfYWRtaW5fIjp0cnVlfSwidXNlciI6eyJpZCI6MSwiY29
                ...(5 hidden lines)',
    },
  },
  'errors': None,
}

2020-09-16 16:29:31,380 - GraphqlClient.py - send_request - DEBUG -http://192.168.1.175:8888/graphql/?login
2020-09-16 16:29:31,380 - GraphqlClient.py - send_request - DEBUG -{'Content-Type': 'application/json'}
2020-09-16 16:29:31,381 - GraphqlClient.py - send_request - DEBUG -{
  'input': {
    'account': 'admin',
    'password': 'admin',
  },
}

2020-09-16 16:29:31,611 - GraphqlClient.py - send_request - DEBUG -{
  'data': {
    'login': {
      '__typename': 'AuthInfo',
      'employee': {
        '__typename': 'Employee',
        'account': 'admin',
        'code': None,
        'department': {
          '__typename': 'Department',
          'headcount': 9,
          'id': '1',
          'name': '喜临门家具股份有限公司',
          'parentPath': [],
          'subsidiaries': [],
        },
        'email': None,
        'id': '1',
        'job': None,
        'name': '管理员',
        'phone': None,
        'roles': [
          {'id': '1', 'name': '负责人', 'permissions':...(len=170),
        ],
        'status': 'ACTIVATED',
      },
      'token': 'eyJ0eXAiOiJKV1QiLCJhbGciOiJIUzI1NiJ9.eyJjcmVkZW50aWFscyI6eyJlbXB
                sb3llZV9pZCI6MSwiaXNfYWRtaW5fIjp0cnVlfSwidXNlciI6eyJpZCI6MSwiY29
                ...(5 hidden lines)',
    },
  },
  'errors': None,
}

2020-09-16 16:29:31,622 - GraphqlClient.py - send_request - DEBUG -http://192.168.1.175:8888/graphql/?login
2020-09-16 16:29:31,622 - GraphqlClient.py - send_request - DEBUG -{'Content-Type': 'application/json'}
2020-09-16 16:29:31,623 - GraphqlClient.py - send_request - DEBUG -{
  'input': {
    'account': 'admin',
    'password': 'admin',
  },
}

2020-09-16 16:29:31,996 - GraphqlClient.py - send_request - DEBUG -{
  'data': {
    'login': {
      '__typename': 'AuthInfo',
      'employee': {
        '__typename': 'Employee',
        'account': 'admin',
        'code': None,
        'department': {
          '__typename': 'Department',
          'headcount': 9,
          'id': '1',
          'name': '喜临门家具股份有限公司',
          'parentPath': [],
          'subsidiaries': [],
        },
        'email': None,
        'id': '1',
        'job': None,
        'name': '管理员',
        'phone': None,
        'roles': [
          {'id': '1', 'name': '负责人', 'permissions':...(len=170),
        ],
        'status': 'ACTIVATED',
      },
      'token': 'eyJ0eXAiOiJKV1QiLCJhbGciOiJIUzI1NiJ9.eyJjcmVkZW50aWFscyI6eyJlbXB
                sb3llZV9pZCI6MSwiaXNfYWRtaW5fIjp0cnVlfSwidXNlciI6eyJpZCI6MSwiY29
                ...(5 hidden lines)',
    },
  },
  'errors': None,
}

