2020-09-17 18:22:28,747 - GraphqlClient.py - send_request - DEBUG -http://192.168.1.175:8888/graphql/?login
2020-09-17 18:22:28,747 - GraphqlClient.py - send_request - DEBUG -{'Content-Type': 'application/json'}
2020-09-17 18:22:28,761 - GraphqlClient.py - send_request - DEBUG -{
  'input': {
    'account': 'admin',
    'password': 'admin',
  },
}

2020-09-17 18:22:29,165 - GraphqlClient.py - send_request - DEBUG -{
  'data': {
    'login': {
      '__typename': 'AuthInfo',
      'employee': {
        '__typename': 'Employee',
        'account': 'admin',
        'code': None,
        'department': {
          '__typename': 'Department',
          'headcount': 46,
          'id': '1',
          'name': '喜临门家具股份有限公司',
          'parentPath': [],
          'subsidiaries': [],
        },
        'email': None,
        'id': '1',
        'job': None,
        'name': '管理员',
        'phone': None,
        'roles': [
          {'id': '1', 'name': '负责人', 'permissions':...(len=170),
        ],
        'status': 'ACTIVATED',
      },
      'token': 'eyJ0eXAiOiJKV1QiLCJhbGciOiJIUzI1NiJ9.eyJjcmVkZW50aWFscyI6eyJlbXB
                sb3llZV9pZCI6MSwiaXNfYWRtaW5fIjp0cnVlfSwidXNlciI6eyJpZCI6MSwiY29
                ...(5 hidden lines)',
    },
  },
  'errors': None,
}

2020-09-17 18:22:29,168 - GraphqlClient.py - send_request - DEBUG -http://192.168.1.175:8888/graphql/?formStructs
2020-09-17 18:22:29,168 - GraphqlClient.py - send_request - DEBUG -{'Content-Type': 'application/json', 'authorization': 'Token eyJ0eXAiOiJKV1QiLCJhbGciOiJIUzI1NiJ9.eyJjcmVkZW50aWFscyI6eyJlbXBsb3llZV9pZCI6MSwiaXNfYWRtaW5fIjp0cnVlfSwidXNlciI6eyJpZCI6MSwiY29tcGFueV9pZCI6MSwibmFtZSI6Ilx1N2JhMVx1NzQwNlx1NTQ1OCIsImRlcGFydG1lbnRfaWQiOjEsImNvZGUiOm51bGwsInBob25lIjpudWxsLCJqb2IiOm51bGwsImVtYWlsIjpudWxsLCJhY2NvdW50IjoiYWRtaW4iLCJzdGF0dXMiOiJBQ1RJVkFURUQiLCJyb2xlcyI6bnVsbH0sImV4cCI6MTYwMDQyNDU0OH0.lbgs509NbBjtABtz8_aK1Az2u7jKEV-4HRdxV3-0yyM'}
2020-09-17 18:22:29,169 - GraphqlClient.py - send_request - DEBUG -{
  'isDraft': False,
}

2020-09-17 18:22:29,906 - GraphqlClient.py - send_request - DEBUG -{
  'data': {
    'formStructs': [
      {
        '__typename': 'FormStruct',
        'customFields': [
          {'id': 'spare_part_outbounds_领用仓库',...(len=392),
          {'id': 'spare_part_outbounds_领用工厂',...(len=396),
          {'id': 'spare_part_outbounds_领用时间',...(len=306),
          {'id':...(len=340),
          {'id':...(len=340),
          {'id':...(len=303),
          {'id':...(len=310),
          {'id':...(len=312),
          {'id':...(len=312),
          {'id':...(len=309),
          {'id':...(len=353),
          {'id':...(len=344),
          {'id':...(len=345),
          {'id':...(len=347),
          {'id':...(len=334),
          {'id':...(len=326),
          {'id':...(len=398),
        ],
        'displayName': '申领单信息',
        'name': 'spare_part_outbounds',
      },
      {
        '__typename': 'FormStruct',
        'customFields': [
          {'id': 'spare_part_receipts_入库仓库',...(len=392),
          {'id': 'spare_part_receipts_入库工厂',...(len=396),
          {'id': 'spare_part_receipts_入库时间',...(len=306),
          {'id':...(len=340),
          {'id':...(len=340),
          {'id':...(len=303),
          {'id':...(len=310),
          {'id':...(len=312),
          {'id':...(len=312),
          {'id':...(len=309),
          {'id':...(len=353),
          {'id':...(len=344),
          {'id':...(len=345),
          {'id':...(len=347),
          {'id':...(len=334),
          {'id':...(len=326),
          {'id':...(len=398),
        ],
        'displayName': '入库单信息',
        'name': 'spare_part_receipts',
      },
      {
        '__typename': 'FormStruct',
        'customFields': [
          {'id': 'spare_parts_备件名称', 'type':...(len=382),
          {'id': 'spare_parts_备件类型', 'type':...(len=341),
          {'id': 'spare_parts_备件型号', 'type':...(len=383),
          {'id': 'spare_parts_生产厂家', 'type':...(len=397),
          {'id': 'spare_parts_经销商', 'type':...(len=391),
          {'id': 'spare_parts_备件描述', 'type':...(len=381),
          {'id': 'spare_parts_附件', 'type':...(len=314),
          {'id': 'spare_parts_图片', 'type':...(len=300),
          {'id': 'spare_parts_单价', 'type':...(len=318),
          {'id':...(len=339),
          {'id':...(len=339),
          {'id':...(len=339),
          {'id':...(len=337),
          {'id':...(len=452),
          {'id':...(len=492),
          {'id':...(len=340),
          {'id':...(len=340),
          {'id':...(len=303),
          {'id':...(len=310),
          {'id':...(len=312),
          {'id':...(len=312),
          {'id':...(len=309),
          {'id':...(len=353),
          {'id':...(len=344),
          {'id':...(len=345),
          {'id':...(len=347),
          {'id':...(len=334),
          {'id':...(len=326),
          {'id':...(len=398),
        ],
        'displayName': '备件基本档案',
        'name': 'spare_parts',
      },
      {
        '__typename': 'FormStruct',
        'customFields': [
          {'id': 'thing_inspection_rules_巡检方案名...(len=400),
          {'id':...(len=340),
          {'id':...(len=340),
          {'id':...(len=303),
          {'id':...(len=310),
          {'id':...(len=312),
          {'id':...(len=312),
          {'id':...(len=309),
          {'id':...(len=353),
          {'id':...(len=344),
          {'id':...(len=345),
          {'id':...(len=347),
          {'id':...(len=334),
          {'id':...(len=326),
          {'id':...(len=398),
        ],
        'displayName': '设备巡检方案',
        'name': 'thing_inspection_rules',
      },
      {
        '__typename': 'FormStruct',
        'customFields': [
          {'id':...(len=340),
          {'id':...(len=340),
          {'id':...(len=303),
          {'id':...(len=310),
          {'id':...(len=312),
          {'id':...(len=312),
          {'id':...(len=309),
          {'id':...(len=353),
          {'id':...(len=344),
          {'id':...(len=345),
          {'id':...(len=347),
          {'id':...(len=334),
          {'id':...(len=326),
          {'id':...(len=398),
        ],
        'displayName': '巡检工单',
        'name': 'thing_inspections',
      },
      {
        '__typename': 'FormStruct',
        'customFields': [
          {'id': 'thing_inspections_feedback_巡检完...(len=322),
          {'id':...(len=340),
          {'id':...(len=340),
          {'id':...(len=303),
          {'id':...(len=310),
          {'id':...(len=312),
          {'id':...(len=312),
          {'id':...(len=309),
          {'id':...(len=353),
          {'id':...(len=344),
          {'id':...(len=345),
          {'id':...(len=347),
          {'id':...(len=334),
          {'id':...(len=326),
          {'id':...(len=398),
        ],
        'displayName': '反馈巡检工单',
        'name': 'thing_inspections_feedback',
      },
      {
        '__typename': 'FormStruct',
        'customFields': [
          {'id':...(len=340),
          {'id':...(len=340),
          {'id':...(len=303),
          {'id':...(len=310),
          {'id':...(len=312),
          {'id':...(len=312),
          {'id':...(len=309),
          {'id':...(len=353),
          {'id':...(len=344),
          {'id':...(len=345),
          {'id':...(len=347),
          {'id':...(len=334),
          {'id':...(len=326),
          {'id':...(len=398),
        ],
        'displayName': '保养工单',
        'name': 'thing_maintenance',
      },
      {
        '__typename': 'FormStruct',
        'customFields': [
          {'id': 'thing_maintenance_feedback_结束时...(len=315),
          {'id': 'thing_maintenance_feedback_备注',...(len=395),
          {'id': 'thing_maintenance_feedback_备件费...(len=357),
          {'id': 'thing_maintenance_feedback_材料费...(len=354),
          {'id': 'thing_maintenance_feedback_人工费...(len=348),
          {'id': 'thing_maintenance_feedback_其他费...(len=352),
          {'id': 'thing_maintenance_feedback_保养结...(len=397),
          {'id': 'thing_maintenance_feedback_保养图...(len=323),
          {'id':...(len=340),
          {'id':...(len=340),
          {'id':...(len=303),
          {'id':...(len=310),
          {'id':...(len=312),
          {'id':...(len=312),
          {'id':...(len=309),
          {'id':...(len=353),
          {'id':...(len=344),
          {'id':...(len=345),
          {'id':...(len=347),
          {'id':...(len=334),
          {'id':...(len=326),
          {'id':...(len=398),
        ],
        'displayName': '反馈保养工单',
        'name': 'thing_maintenance_feedback',
      },
      {
        '__typename': 'FormStruct',
        'customFields': [
          {'id': 'thing_maintenance_rules_保养方案...(len=402),
          {'id': 'thing_maintenance_rules_保养等级...(len=379),
          {'id': 'thing_maintenance_rules_保养频次...(len=403),
          {'id':...(len=340),
          {'id':...(len=340),
          {'id':...(len=303),
          {'id':...(len=310),
          {'id':...(len=312),
          {'id':...(len=312),
          {'id':...(len=309),
          {'id':...(len=353),
          {'id':...(len=344),
          {'id':...(len=345),
          {'id':...(len=347),
          {'id':...(len=334),
          {'id':...(len=326),
          {'id':...(len=398),
        ],
        'displayName': '保养方案',
        'name': 'thing_maintenance_rules',
      },
      {
        '__typename': 'FormStruct',
        'customFields': [
          {'id': 'thing_repairs_申请部门', 'type':...(len=408),
          {'id': 'thing_repairs_故障描述', 'type':...(len=395),
          {'id': 'thing_repairs_故障图片', 'type':...(len=315),
          {'id':...(len=340),
          {'id':...(len=340),
          {'id':...(len=303),
          {'id':...(len=310),
          {'id':...(len=312),
          {'id':...(len=312),
          {'id':...(len=309),
          {'id':...(len=353),
          {'id':...(len=344),
          {'id':...(len=345),
          {'id':...(len=347),
          {'id':...(len=334),
          {'id':...(len=326),
          {'id':...(len=398),
        ],
        'displayName': '报修单信息',
        'name': 'thing_repairs',
      },
      {
        '__typename': 'FormStruct',
        'customFields': [
          {'id': 'thing_repairs_feedback_维修完成时...(len=329),
          {'id': 'thing_repairs_feedback_备件费',...(len=351),
          {'id': 'thing_repairs_feedback_维修费用',...(len=307),
          {'id': 'thing_repairs_feedback_材料费',...(len=348),
          {'id': 'thing_repairs_feedback_人工费',...(len=341),
          {'id': 'thing_repairs_feedback_其他费用',...(len=346),
          {'id': 'thing_repairs_feedback_维修结果',...(len=393),
          {'id':...(len=340),
          {'id':...(len=340),
          {'id':...(len=303),
          {'id':...(len=310),
          {'id':...(len=312),
          {'id':...(len=312),
          {'id':...(len=309),
          {'id':...(len=353),
          {'id':...(len=344),
          {'id':...(len=345),
          {'id':...(len=347),
          {'id':...(len=334),
          {'id':...(len=326),
          {'id':...(len=398),
        ],
        'displayName': '报修单反馈信息',
        'name': 'thing_repairs_feedback',
      },
      {
        '__typename': 'FormStruct',
        'customFields': [
          {'id': 'things_设备名称', 'type': 'TEXT',...(len=376),
          {'id': 'things_设备编码', 'type': 'TEXT',...(len=376),
          {'id': 'things_设备位置', 'type': 'TEXT',...(len=385),
          {'id': 'things_设备型号', 'type': 'TEXT',...(len=378),
          {'id': 'things_负责人', 'type':...(len=291),
          {'id': 'things_手机号码', 'type': 'TEXT',...(len=378),
          {'id': 'things_生产厂家', 'type': 'TEXT',...(len=392),
          {'id': 'things_经销商', 'type': 'TEXT',...(len=386),
          {'id': 'things_采购日期', 'type':...(len=307),
          {'id': 'things_启用日期', 'type':...(len=307),
          {'id': 'things_关联附件', 'type':...(len=311),
          {'id': 'things_设备图片', 'type':...(len=296),
          {'id': 'things_设备描述', 'type': 'TEXT',...(len=377),
          {'id': 'things_设备类别', 'type':...(len=344),
          {'id': 'things_品牌', 'type':...(len=328),
          {'id': 'things_使用工厂', 'type':...(len=340),
          {'id': 'things_用途', 'type':...(len=330),
          {'id': 'things_设备状态', 'type':...(len=338),
          {'id': 'things_采购价格(固定资产原值)',...(len=367),
          {'id': 'things_预计使用年限', 'type':...(len=341),
          {'id': 'things_已使用年数', 'type':...(len=332),
          {'id': 'things_预计净产值率', 'type':...(len=359),
          {'id': 'things_年折旧率', 'type':...(len=347),
          {'id':...(len=340),
          {'id':...(len=340),
          {'id':...(len=303),
          {'id':...(len=310),
          {'id':...(len=312),
          {'id':...(len=312),
          {'id':...(len=309),
          {'id':...(len=353),
          {'id':...(len=344),
          {'id':...(len=345),
          {'id':...(len=347),
          {'id':...(len=334),
          {'id':...(len=326),
          {'id':...(len=398),
          {'id':...(len=314),
          {'id':...(len=324),
        ],
        'displayName': '设备信息',
        'name': 'things',
      },
    ],
  },
  'errors': None,
}

2020-09-17 18:22:29,926 - GraphqlClient.py - send_request - DEBUG -http://192.168.1.175:8888/graphql/?login
2020-09-17 18:22:29,926 - GraphqlClient.py - send_request - DEBUG -{'Content-Type': 'application/json'}
2020-09-17 18:22:29,927 - GraphqlClient.py - send_request - DEBUG -{
  'input': {
    'account': 'admin',
    'password': 'admin',
  },
}

2020-09-17 18:22:30,151 - GraphqlClient.py - send_request - DEBUG -{
  'data': {
    'login': {
      '__typename': 'AuthInfo',
      'employee': {
        '__typename': 'Employee',
        'account': 'admin',
        'code': None,
        'department': {
          '__typename': 'Department',
          'headcount': 46,
          'id': '1',
          'name': '喜临门家具股份有限公司',
          'parentPath': [],
          'subsidiaries': [],
        },
        'email': None,
        'id': '1',
        'job': None,
        'name': '管理员',
        'phone': None,
        'roles': [
          {'id': '1', 'name': '负责人', 'permissions':...(len=170),
        ],
        'status': 'ACTIVATED',
      },
      'token': 'eyJ0eXAiOiJKV1QiLCJhbGciOiJIUzI1NiJ9.eyJjcmVkZW50aWFscyI6eyJlbXB
                sb3llZV9pZCI6MSwiaXNfYWRtaW5fIjp0cnVlfSwidXNlciI6eyJpZCI6MSwiY29
                ...(5 hidden lines)',
    },
  },
  'errors': None,
}

2020-09-17 18:22:30,162 - GraphqlClient.py - send_request - DEBUG -http://192.168.1.175:8888/graphql/?login
2020-09-17 18:22:30,163 - GraphqlClient.py - send_request - DEBUG -{'Content-Type': 'application/json'}
2020-09-17 18:22:30,163 - GraphqlClient.py - send_request - DEBUG -{
  'input': {
    'account': 'admin',
    'password': 'admin',
  },
}

2020-09-17 18:22:30,565 - GraphqlClient.py - send_request - DEBUG -{
  'data': {
    'login': {
      '__typename': 'AuthInfo',
      'employee': {
        '__typename': 'Employee',
        'account': 'admin',
        'code': None,
        'department': {
          '__typename': 'Department',
          'headcount': 46,
          'id': '1',
          'name': '喜临门家具股份有限公司',
          'parentPath': [],
          'subsidiaries': [],
        },
        'email': None,
        'id': '1',
        'job': None,
        'name': '管理员',
        'phone': None,
        'roles': [
          {'id': '1', 'name': '负责人', 'permissions':...(len=170),
        ],
        'status': 'ACTIVATED',
      },
      'token': 'eyJ0eXAiOiJKV1QiLCJhbGciOiJIUzI1NiJ9.eyJjcmVkZW50aWFscyI6eyJlbXB
                sb3llZV9pZCI6MSwiaXNfYWRtaW5fIjp0cnVlfSwidXNlciI6eyJpZCI6MSwiY29
                ...(5 hidden lines)',
    },
  },
  'errors': None,
}

2020-09-17 18:22:30,586 - GraphqlClient.py - send_request - DEBUG -http://192.168.1.175:8888/graphql/?login
2020-09-17 18:22:30,586 - GraphqlClient.py - send_request - DEBUG -{'Content-Type': 'application/json'}
2020-09-17 18:22:30,587 - GraphqlClient.py - send_request - DEBUG -{
  'input': {
    'account': 'admin',
    'password': 'admin',
  },
}

2020-09-17 18:22:30,877 - GraphqlClient.py - send_request - DEBUG -{
  'data': {
    'login': {
      '__typename': 'AuthInfo',
      'employee': {
        '__typename': 'Employee',
        'account': 'admin',
        'code': None,
        'department': {
          '__typename': 'Department',
          'headcount': 46,
          'id': '1',
          'name': '喜临门家具股份有限公司',
          'parentPath': [],
          'subsidiaries': [],
        },
        'email': None,
        'id': '1',
        'job': None,
        'name': '管理员',
        'phone': None,
        'roles': [
          {'id': '1', 'name': '负责人', 'permissions':...(len=170),
        ],
        'status': 'ACTIVATED',
      },
      'token': 'eyJ0eXAiOiJKV1QiLCJhbGciOiJIUzI1NiJ9.eyJjcmVkZW50aWFscyI6eyJlbXB
                sb3llZV9pZCI6MSwiaXNfYWRtaW5fIjp0cnVlfSwidXNlciI6eyJpZCI6MSwiY29
                ...(5 hidden lines)',
    },
  },
  'errors': None,
}

2020-09-17 18:22:31,496 - GraphqlClient.py - send_request - DEBUG -http://192.168.1.175:8888/graphql/?createSparePartReceipt
2020-09-17 18:22:31,496 - GraphqlClient.py - send_request - DEBUG -{'Content-Type': 'application/json', 'authorization': 'Token eyJ0eXAiOiJKV1QiLCJhbGciOiJIUzI1NiJ9.eyJjcmVkZW50aWFscyI6eyJlbXBsb3llZV9pZCI6MSwiaXNfYWRtaW5fIjp0cnVlfSwidXNlciI6eyJpZCI6MSwiY29tcGFueV9pZCI6MSwibmFtZSI6Ilx1N2JhMVx1NzQwNlx1NTQ1OCIsImRlcGFydG1lbnRfaWQiOjEsImNvZGUiOm51bGwsInBob25lIjpudWxsLCJqb2IiOm51bGwsImVtYWlsIjpudWxsLCJhY2NvdW50IjoiYWRtaW4iLCJzdGF0dXMiOiJBQ1RJVkFURUQiLCJyb2xlcyI6bnVsbH0sImV4cCI6MTYwMDQyNDU1MH0.7XonLCwoXnJTlpEN-4zVHvm3MjNB0iHj3YicxXNre_A'}
2020-09-17 18:22:31,501 - GraphqlClient.py - send_request - DEBUG -{
  'input': {
    'addition': '[{"key": "0c158697b1a445dea858d1d6b50df3d5", "value":
                 "\\u5355\\u884c\\u6587\\u5b57_erzsz"}, {"key":
                 ...(20 hidden lines)',
    'details': [
      {
        'number': 1,
        'sparePart': {
          'id': 2,
        },
      },
      {
        'number': 1,
        'sparePart': {
          'id': 3,
        },
      },
      {
        'number': 1,
        'sparePart': {
          'id': 1,
        },
      },
    ],
    'factory': 'factory_gc8ht',
    'operator': {
      'id': 1,
    },
    'shelf': 'shelf_b7puh',
    'time': 1600338151427,
  },
}

2020-09-17 18:22:33,470 - GraphqlClient.py - send_request - DEBUG -{
  'data': {
    'createSparePartReceipt': {
      '__typename': 'SparePartReceipt',
      'addition': '[{"key": "0c158697b1a445dea858d1d6b50df3d5", "value":
                   "\\u5355\\u884c\\u6587\\u5b57_erzsz"}, {"key":
                   ...(20 hidden lines)',
      'details': [
        {
          '__typename': 'SparePartReceiptDetail',
          'number': 1,
          'sparePart': {'id': '1', 'name': 'name_bux7k', 'desc':...(len=55469),
        },
        {
          '__typename': 'SparePartReceiptDetail',
          'number': 1,
          'sparePart': {'id': '2', 'name': 'name_pdgl4', 'desc':...(len=55463),
        },
        {
          '__typename': 'SparePartReceiptDetail',
          'number': 1,
          'sparePart': {'id': '3', 'name': 'name_kl54e', 'desc':...(len=55469),
        },
      ],
      'factory': 'factory_gc8ht',
      'id': '12',
      'operator': {
        '__typename': 'Employee',
        'account': 'admin',
        'code': None,
        'department': {
          '__typename': 'Department',
          'headcount': 46,
          'id': '1',
          'name': '喜临门家具股份有限公司',
          'parentPath': [],
          'subsidiaries': [],
        },
        'email': None,
        'id': '1',
        'job': None,
        'name': '管理员',
        'phone': None,
        'roles': [
          {'id': '1', 'name': '负责人', 'permissions':...(len=170),
        ],
        'status': 'ACTIVATED',
      },
      'shelf': 'shelf_b7puh',
      'time': 1600338151427,
    },
  },
  'errors': None,
}

2020-09-17 18:22:33,481 - AssertMethod.py - assertJsonResponseEqual - DEBUG -
jsonpath : '$..errors'
get
'None
'
from
result
2020-09-17 18:22:33,482 - AssertMethod.py - assertJsonResponseEqual - DEBUG -except None
2020-09-17 18:22:33,505 - AssertMethod.py - assertJsonResponseEqual - DEBUG -
jsonpath : '$..shelf'
get
''shelf_b7puh'
'
from
result
2020-09-17 18:22:33,505 - AssertMethod.py - assertJsonResponseEqual - DEBUG -except shelf_b7puh
2020-09-17 18:22:33,518 - AssertMethod.py - assertJsonResponseEqual - DEBUG -
jsonpath : '$..factory'
get
''factory_gc8ht'
'
from
result
2020-09-17 18:22:33,518 - AssertMethod.py - assertJsonResponseEqual - DEBUG -except factory_gc8ht
2020-09-17 18:22:33,532 - AssertMethod.py - assertJsonResponseEqual - DEBUG -
jsonpath : '$..operator.id'
get
''1'
'
from
result
2020-09-17 18:22:33,532 - AssertMethod.py - assertJsonResponseEqual - DEBUG -except 1
2020-09-17 18:22:33,544 - AssertMethod.py - assertJsonResponseEqual - DEBUG -
jsonpath : '$..time'
get
'1600338151427
'
from
result
2020-09-17 18:22:33,544 - AssertMethod.py - assertJsonResponseEqual - DEBUG -except 1600338151427
2020-09-17 18:22:33,557 - AssertMethod.py - assertJsonResponseEqual - DEBUG -
jsonpath : '$..createSparePartReceipt.details[*].sparePart.id'
get
'['1', '2', '3']
'
from
result
2020-09-17 18:22:33,558 - AssertMethod.py - assertJsonResponseEqual - DEBUG -except [2, 3, 1]
2020-09-17 18:22:33,571 - AssertMethod.py - assertJsonResponseEqual - DEBUG -
jsonpath : '$..createSparePartReceipt.details[*].number'
get
'[1, 1, 1]
'
from
result
2020-09-17 18:22:33,571 - AssertMethod.py - assertJsonResponseEqual - DEBUG -except [1, 1, 1]
2020-09-17 18:22:33,575 - GraphqlClient.py - send_request - DEBUG -http://192.168.1.175:8888/graphql/?createSparePartReceipt
2020-09-17 18:22:33,575 - GraphqlClient.py - send_request - DEBUG -{'Content-Type': 'application/json', 'authorization': 'Token eyJ0eXAiOiJKV1QiLCJhbGciOiJIUzI1NiJ9.eyJjcmVkZW50aWFscyI6eyJlbXBsb3llZV9pZCI6MSwiaXNfYWRtaW5fIjp0cnVlfSwidXNlciI6eyJpZCI6MSwiY29tcGFueV9pZCI6MSwibmFtZSI6Ilx1N2JhMVx1NzQwNlx1NTQ1OCIsImRlcGFydG1lbnRfaWQiOjEsImNvZGUiOm51bGwsInBob25lIjpudWxsLCJqb2IiOm51bGwsImVtYWlsIjpudWxsLCJhY2NvdW50IjoiYWRtaW4iLCJzdGF0dXMiOiJBQ1RJVkFURUQiLCJyb2xlcyI6bnVsbH0sImV4cCI6MTYwMDQyNDU1MH0.7XonLCwoXnJTlpEN-4zVHvm3MjNB0iHj3YicxXNre_A'}
2020-09-17 18:22:33,578 - GraphqlClient.py - send_request - DEBUG -{
  'input': {
    'details': [
      {
        'number': 1,
        'sparePart': {
          'id': 2,
        },
      },
      {
        'number': 1,
        'sparePart': {
          'id': 3,
        },
      },
      {
        'number': 1,
        'sparePart': {
          'id': 1,
        },
      },
    ],
    'factory': 'factory_nwu6c',
    'operator': {
      'id': 1,
    },
    'shelf': 'shelf_wr1z4',
  },
}

2020-09-17 18:22:34,843 - GraphqlClient.py - send_request - DEBUG -{
  'data': {
    'createSparePartReceipt': {
      '__typename': 'SparePartReceipt',
      'addition': '[]',
      'details': [
        {
          '__typename': 'SparePartReceiptDetail',
          'number': 1,
          'sparePart': {'id': '1', 'name': 'name_bux7k', 'desc':...(len=55469),
        },
        {
          '__typename': 'SparePartReceiptDetail',
          'number': 1,
          'sparePart': {'id': '2', 'name': 'name_pdgl4', 'desc':...(len=55463),
        },
        {
          '__typename': 'SparePartReceiptDetail',
          'number': 1,
          'sparePart': {'id': '3', 'name': 'name_kl54e', 'desc':...(len=55469),
        },
      ],
      'factory': 'factory_nwu6c',
      'id': '13',
      'operator': {
        '__typename': 'Employee',
        'account': 'admin',
        'code': None,
        'department': {
          '__typename': 'Department',
          'headcount': 46,
          'id': '1',
          'name': '喜临门家具股份有限公司',
          'parentPath': [],
          'subsidiaries': [],
        },
        'email': None,
        'id': '1',
        'job': None,
        'name': '管理员',
        'phone': None,
        'roles': [
          {'id': '1', 'name': '负责人', 'permissions':...(len=170),
        ],
        'status': 'ACTIVATED',
      },
      'shelf': 'shelf_wr1z4',
      'time': 1600338153639,
    },
  },
  'errors': None,
}

2020-09-17 18:22:34,855 - AssertMethod.py - assertJsonResponseEqual - DEBUG -
jsonpath : '$..errors'
get
'None
'
from
result
2020-09-17 18:22:34,855 - AssertMethod.py - assertJsonResponseEqual - DEBUG -except None
2020-09-17 18:22:34,867 - AssertMethod.py - assertJsonResponseEqual - DEBUG -
jsonpath : '$..shelf'
get
''shelf_wr1z4'
'
from
result
2020-09-17 18:22:34,867 - AssertMethod.py - assertJsonResponseEqual - DEBUG -except shelf_wr1z4
2020-09-17 18:22:34,880 - AssertMethod.py - assertJsonResponseEqual - DEBUG -
jsonpath : '$..factory'
get
''factory_nwu6c'
'
from
result
2020-09-17 18:22:34,880 - AssertMethod.py - assertJsonResponseEqual - DEBUG -except factory_nwu6c
2020-09-17 18:22:34,892 - AssertMethod.py - assertJsonResponseEqual - DEBUG -
jsonpath : '$..operator.id'
get
''1'
'
from
result
2020-09-17 18:22:34,892 - AssertMethod.py - assertJsonResponseEqual - DEBUG -except 1
2020-09-17 18:22:34,905 - AssertMethod.py - assertJsonResponseEqual - DEBUG -
jsonpath : '$..createSparePartReceipt.details[*].sparePart.id'
get
'['1', '2', '3']
'
from
result
2020-09-17 18:22:34,905 - AssertMethod.py - assertJsonResponseEqual - DEBUG -except [2, 3, 1]
2020-09-17 18:22:34,918 - AssertMethod.py - assertJsonResponseEqual - DEBUG -
jsonpath : '$..createSparePartReceipt.details[*].number'
get
'[1, 1, 1]
'
from
result
2020-09-17 18:22:34,918 - AssertMethod.py - assertJsonResponseEqual - DEBUG -except [1, 1, 1]
