2020-09-16 15:19:47,099 - GraphqlClient.py - send_request - DEBUG -http://192.168.1.175:8888/graphql/?login
2020-09-16 15:19:47,099 - GraphqlClient.py - send_request - DEBUG -{'Content-Type': 'application/json'}
2020-09-16 15:19:47,108 - GraphqlClient.py - send_request - DEBUG -{
  'input': {
    'account': 'admin',
    'password': 'admin',
  },
}

2020-09-16 15:19:47,469 - GraphqlClient.py - send_request - DEBUG -{
  'data': {
    'login': {
      '__typename': 'AuthInfo',
      'employee': {
        '__typename': 'Employee',
        'account': 'admin',
        'code': None,
        'department': {
          '__typename': 'Department',
          'headcount': 9,
          'id': '1',
          'name': '喜临门家具股份有限公司',
          'parentPath': [],
          'subsidiaries': [],
        },
        'email': None,
        'id': '1',
        'job': None,
        'name': '管理员',
        'phone': None,
        'roles': [
          {'id': '1', 'name': '负责人', 'permissions':...(len=170),
        ],
        'status': 'ACTIVATED',
      },
      'token': 'eyJ0eXAiOiJKV1QiLCJhbGciOiJIUzI1NiJ9.eyJjcmVkZW50aWFscyI6eyJlbXB
                sb3llZV9pZCI6MSwiaXNfYWRtaW5fIjp0cnVlfSwidXNlciI6eyJpZCI6MSwiY29
                ...(5 hidden lines)',
    },
  },
  'errors': None,
}

2020-09-16 15:19:47,471 - GraphqlClient.py - send_request - DEBUG -http://192.168.1.175:8888/graphql/?formStructs
2020-09-16 15:19:47,471 - GraphqlClient.py - send_request - DEBUG -{'Content-Type': 'application/json', 'authorization': 'Token eyJ0eXAiOiJKV1QiLCJhbGciOiJIUzI1NiJ9.eyJjcmVkZW50aWFscyI6eyJlbXBsb3llZV9pZCI6MSwiaXNfYWRtaW5fIjp0cnVlfSwidXNlciI6eyJpZCI6MSwiY29tcGFueV9pZCI6MSwibmFtZSI6Ilx1N2JhMVx1NzQwNlx1NTQ1OCIsImRlcGFydG1lbnRfaWQiOjEsImNvZGUiOm51bGwsInBob25lIjpudWxsLCJqb2IiOm51bGwsImVtYWlsIjpudWxsLCJhY2NvdW50IjoiYWRtaW4iLCJzdGF0dXMiOiJBQ1RJVkFURUQiLCJyb2xlcyI6bnVsbH0sImV4cCI6MTYwMDMyNzE4N30.6uJNMrzPwMXR5aTao3LR0xHv4vwWohmfBiX1A6ZW4qM'}
2020-09-16 15:19:47,471 - GraphqlClient.py - send_request - DEBUG -{
  'isDraft': False,
}

2020-09-16 15:19:47,637 - GraphqlClient.py - send_request - DEBUG -{
  'data': None,
  'errors': [
    {
      'locations': [
        {
          'column': 17,
          'line': 70,
        },
      ],
      'message': 'Cannot return null for non-nullable field
                  NumberFieldMeta.digit.',
      'path': ['formStructs', 11, 'customFields', 31, 'digit'],
    },
  ],
}

