2020-09-17 15:14:28,627 - GraphqlClient.py - send_request - DEBUG -http://192.168.1.175:8888/graphql/?login
2020-09-17 15:14:28,628 - GraphqlClient.py - send_request - DEBUG -{'Content-Type': 'application/json'}
2020-09-17 15:14:28,643 - GraphqlClient.py - send_request - DEBUG -{
  'input': {
    'account': 'admin',
    'password': 'admin',
  },
}

2020-09-17 15:14:30,103 - GraphqlClient.py - send_request - DEBUG -{
  'data': {
    'login': {
      '__typename': 'AuthInfo',
      'employee': {
        '__typename': 'Employee',
        'account': 'admin',
        'code': None,
        'department': {
          '__typename': 'Department',
          'headcount': 2,
          'id': '1',
          'name': '喜临门家具股份有限公司',
          'parentPath': [],
          'subsidiaries': [],
        },
        'email': None,
        'id': '1',
        'job': None,
        'name': '管理员',
        'phone': None,
        'roles': [
          {'id': '1', 'name': '负责人', 'permissions':...(len=170),
        ],
        'status': 'ACTIVATED',
      },
      'token': 'eyJ0eXAiOiJKV1QiLCJhbGciOiJIUzI1NiJ9.eyJjcmVkZW50aWFscyI6eyJlbXB
                sb3llZV9pZCI6MSwiaXNfYWRtaW5fIjp0cnVlfSwidXNlciI6eyJpZCI6MSwiY29
                ...(5 hidden lines)',
    },
  },
  'errors': None,
}

2020-09-17 15:14:30,106 - GraphqlClient.py - send_request - DEBUG -http://192.168.1.175:8888/graphql/?formStructs
2020-09-17 15:14:30,106 - GraphqlClient.py - send_request - DEBUG -{'Content-Type': 'application/json', 'authorization': 'Token eyJ0eXAiOiJKV1QiLCJhbGciOiJIUzI1NiJ9.eyJjcmVkZW50aWFscyI6eyJlbXBsb3llZV9pZCI6MSwiaXNfYWRtaW5fIjp0cnVlfSwidXNlciI6eyJpZCI6MSwiY29tcGFueV9pZCI6MSwibmFtZSI6Ilx1N2JhMVx1NzQwNlx1NTQ1OCIsImRlcGFydG1lbnRfaWQiOjEsImNvZGUiOm51bGwsInBob25lIjpudWxsLCJqb2IiOm51bGwsImVtYWlsIjpudWxsLCJhY2NvdW50IjoiYWRtaW4iLCJzdGF0dXMiOiJBQ1RJVkFURUQiLCJyb2xlcyI6bnVsbH0sImV4cCI6MTYwMDQxMzI3MH0.-D_7DUb0NhEP2jzWhJaHgmr5RQVh0fyCC_Se8NVbj_s'}
2020-09-17 15:14:30,106 - GraphqlClient.py - send_request - DEBUG -{
  'isDraft': False,
}

2020-09-17 15:14:30,705 - GraphqlClient.py - send_request - DEBUG -{
  'data': {
    'formStructs': [
      {
        '__typename': 'FormStruct',
        'customFields': [
          {'id': 'spare_part_outbounds_领用仓库',...(len=392),
          {'id': 'spare_part_outbounds_领用工厂',...(len=396),
          {'id': 'spare_part_outbounds_领用时间',...(len=306),
        ],
        'displayName': '申领单信息',
        'name': 'spare_part_outbounds',
      },
      {
        '__typename': 'FormStruct',
        'customFields': [
          {'id': 'spare_part_receipts_入库仓库',...(len=392),
          {'id': 'spare_part_receipts_入库工厂',...(len=396),
          {'id': 'spare_part_receipts_入库时间',...(len=306),
        ],
        'displayName': '入库单信息',
        'name': 'spare_part_receipts',
      },
      {
        '__typename': 'FormStruct',
        'customFields': [
          {'id': 'spare_parts_备件名称', 'type':...(len=382),
          {'id': 'spare_parts_备件类型', 'type':...(len=341),
          {'id': 'spare_parts_备件型号', 'type':...(len=383),
          {'id': 'spare_parts_生产厂家', 'type':...(len=397),
          {'id': 'spare_parts_经销商', 'type':...(len=391),
          {'id': 'spare_parts_备件描述', 'type':...(len=381),
          {'id': 'spare_parts_附件', 'type':...(len=314),
          {'id': 'spare_parts_图片', 'type':...(len=300),
          {'id': 'spare_parts_单价', 'type':...(len=318),
          {'id':...(len=339),
          {'id':...(len=339),
          {'id':...(len=339),
          {'id':...(len=337),
          {'id':...(len=452),
          {'id':...(len=492),
        ],
        'displayName': '备件基本档案',
        'name': 'spare_parts',
      },
      {
        '__typename': 'FormStruct',
        'customFields': [
          {'id': 'thing_inspection_rules_巡检方案名...(len=400),
        ],
        'displayName': '设备巡检方案',
        'name': 'thing_inspection_rules',
      },
      {
        '__typename': 'FormStruct',
        'customFields': [],
        'displayName': '巡检工单',
        'name': 'thing_inspections',
      },
      {
        '__typename': 'FormStruct',
        'customFields': [
          {'id': 'thing_inspections_feedback_巡检完...(len=322),
        ],
        'displayName': '反馈巡检工单',
        'name': 'thing_inspections_feedback',
      },
      {
        '__typename': 'FormStruct',
        'customFields': [],
        'displayName': '保养工单',
        'name': 'thing_maintenance',
      },
      {
        '__typename': 'FormStruct',
        'customFields': [
          {'id': 'thing_maintenance_feedback_结束时...(len=315),
          {'id': 'thing_maintenance_feedback_备注',...(len=395),
          {'id': 'thing_maintenance_feedback_备件费...(len=357),
          {'id': 'thing_maintenance_feedback_材料费...(len=354),
          {'id': 'thing_maintenance_feedback_人工费...(len=348),
          {'id': 'thing_maintenance_feedback_其他费...(len=352),
          {'id': 'thing_maintenance_feedback_保养结...(len=397),
          {'id': 'thing_maintenance_feedback_保养图...(len=323),
        ],
        'displayName': '反馈保养工单',
        'name': 'thing_maintenance_feedback',
      },
      {
        '__typename': 'FormStruct',
        'customFields': [
          {'id': 'thing_maintenance_rules_保养方案...(len=402),
          {'id': 'thing_maintenance_rules_保养等级...(len=379),
          {'id': 'thing_maintenance_rules_保养频次...(len=403),
        ],
        'displayName': '保养方案',
        'name': 'thing_maintenance_rules',
      },
      {
        '__typename': 'FormStruct',
        'customFields': [
          {'id': 'thing_repairs_申请部门', 'type':...(len=408),
          {'id': 'thing_repairs_故障描述', 'type':...(len=395),
          {'id': 'thing_repairs_故障图片', 'type':...(len=315),
        ],
        'displayName': '报修单信息',
        'name': 'thing_repairs',
      },
      {
        '__typename': 'FormStruct',
        'customFields': [
          {'id': 'thing_repairs_feedback_维修完成时...(len=329),
          {'id': 'thing_repairs_feedback_备件费',...(len=351),
          {'id': 'thing_repairs_feedback_维修费用',...(len=307),
          {'id': 'thing_repairs_feedback_材料费',...(len=348),
          {'id': 'thing_repairs_feedback_人工费',...(len=341),
          {'id': 'thing_repairs_feedback_其他费用',...(len=346),
          {'id': 'thing_repairs_feedback_维修结果',...(len=393),
        ],
        'displayName': '报修单反馈信息',
        'name': 'thing_repairs_feedback',
      },
      {
        '__typename': 'FormStruct',
        'customFields': [
          {'id': 'things_设备名称', 'type': 'TEXT',...(len=376),
          {'id': 'things_设备编码', 'type': 'TEXT',...(len=376),
          {'id': 'things_设备位置', 'type': 'TEXT',...(len=385),
          {'id': 'things_设备型号', 'type': 'TEXT',...(len=378),
          {'id': 'things_负责人', 'type':...(len=291),
          {'id': 'things_手机号码', 'type': 'TEXT',...(len=378),
          {'id': 'things_生产厂家', 'type': 'TEXT',...(len=392),
          {'id': 'things_经销商', 'type': 'TEXT',...(len=386),
          {'id': 'things_采购日期', 'type':...(len=307),
          {'id': 'things_启用日期', 'type':...(len=307),
          {'id': 'things_关联附件', 'type':...(len=311),
          {'id': 'things_设备图片', 'type':...(len=296),
          {'id': 'things_设备描述', 'type': 'TEXT',...(len=377),
          {'id': 'things_设备类别', 'type':...(len=344),
          {'id': 'things_品牌', 'type':...(len=328),
          {'id': 'things_使用工厂', 'type':...(len=340),
          {'id': 'things_用途', 'type':...(len=330),
          {'id': 'things_设备状态', 'type':...(len=338),
          {'id': 'things_采购价格(固定资产原值)',...(len=367),
          {'id': 'things_预计使用年限', 'type':...(len=341),
          {'id': 'things_已使用年数', 'type':...(len=332),
          {'id': 'things_预计净产值率', 'type':...(len=359),
          {'id': 'things_年折旧率', 'type':...(len=347),
        ],
        'displayName': '设备信息',
        'name': 'things',
      },
    ],
  },
  'errors': None,
}

2020-09-17 15:14:30,724 - GraphqlClient.py - send_request - DEBUG -http://192.168.1.175:8888/graphql/?login
2020-09-17 15:14:30,724 - GraphqlClient.py - send_request - DEBUG -{'Content-Type': 'application/json'}
2020-09-17 15:14:30,725 - GraphqlClient.py - send_request - DEBUG -{
  'input': {
    'account': 'admin',
    'password': 'admin',
  },
}

2020-09-17 15:14:31,145 - GraphqlClient.py - send_request - DEBUG -{
  'data': {
    'login': {
      '__typename': 'AuthInfo',
      'employee': {
        '__typename': 'Employee',
        'account': 'admin',
        'code': None,
        'department': {
          '__typename': 'Department',
          'headcount': 2,
          'id': '1',
          'name': '喜临门家具股份有限公司',
          'parentPath': [],
          'subsidiaries': [],
        },
        'email': None,
        'id': '1',
        'job': None,
        'name': '管理员',
        'phone': None,
        'roles': [
          {'id': '1', 'name': '负责人', 'permissions':...(len=170),
        ],
        'status': 'ACTIVATED',
      },
      'token': 'eyJ0eXAiOiJKV1QiLCJhbGciOiJIUzI1NiJ9.eyJjcmVkZW50aWFscyI6eyJlbXB
                sb3llZV9pZCI6MSwiaXNfYWRtaW5fIjp0cnVlfSwidXNlciI6eyJpZCI6MSwiY29
                ...(5 hidden lines)',
    },
  },
  'errors': None,
}

2020-09-17 15:14:31,161 - GraphqlClient.py - send_request - DEBUG -http://192.168.1.175:8888/graphql/?login
2020-09-17 15:14:31,161 - GraphqlClient.py - send_request - DEBUG -{'Content-Type': 'application/json'}
2020-09-17 15:14:31,162 - GraphqlClient.py - send_request - DEBUG -{
  'input': {
    'account': 'admin',
    'password': 'admin',
  },
}

2020-09-17 15:14:31,541 - GraphqlClient.py - send_request - DEBUG -{
  'data': {
    'login': {
      '__typename': 'AuthInfo',
      'employee': {
        '__typename': 'Employee',
        'account': 'admin',
        'code': None,
        'department': {
          '__typename': 'Department',
          'headcount': 2,
          'id': '1',
          'name': '喜临门家具股份有限公司',
          'parentPath': [],
          'subsidiaries': [],
        },
        'email': None,
        'id': '1',
        'job': None,
        'name': '管理员',
        'phone': None,
        'roles': [
          {'id': '1', 'name': '负责人', 'permissions':...(len=170),
        ],
        'status': 'ACTIVATED',
      },
      'token': 'eyJ0eXAiOiJKV1QiLCJhbGciOiJIUzI1NiJ9.eyJjcmVkZW50aWFscyI6eyJlbXB
                sb3llZV9pZCI6MSwiaXNfYWRtaW5fIjp0cnVlfSwidXNlciI6eyJpZCI6MSwiY29
                ...(5 hidden lines)',
    },
  },
  'errors': None,
}

2020-09-17 15:14:31,552 - GraphqlClient.py - send_request - DEBUG -http://192.168.1.175:8888/graphql/?login
2020-09-17 15:14:31,552 - GraphqlClient.py - send_request - DEBUG -{'Content-Type': 'application/json'}
2020-09-17 15:14:31,553 - GraphqlClient.py - send_request - DEBUG -{
  'input': {
    'account': 'admin',
    'password': 'admin',
  },
}

2020-09-17 15:14:32,156 - GraphqlClient.py - send_request - DEBUG -{
  'data': {
    'login': {
      '__typename': 'AuthInfo',
      'employee': {
        '__typename': 'Employee',
        'account': 'admin',
        'code': None,
        'department': {
          '__typename': 'Department',
          'headcount': 2,
          'id': '1',
          'name': '喜临门家具股份有限公司',
          'parentPath': [],
          'subsidiaries': [],
        },
        'email': None,
        'id': '1',
        'job': None,
        'name': '管理员',
        'phone': None,
        'roles': [
          {'id': '1', 'name': '负责人', 'permissions':...(len=170),
        ],
        'status': 'ACTIVATED',
      },
      'token': 'eyJ0eXAiOiJKV1QiLCJhbGciOiJIUzI1NiJ9.eyJjcmVkZW50aWFscyI6eyJlbXB
                sb3llZV9pZCI6MSwiaXNfYWRtaW5fIjp0cnVlfSwidXNlciI6eyJpZCI6MSwiY29
                ...(5 hidden lines)',
    },
  },
  'errors': None,
}

2020-09-17 15:14:32,349 - GraphqlClient.py - send_request - DEBUG -http://192.168.1.175:8888/graphql/?permissionTable
2020-09-17 15:14:32,349 - GraphqlClient.py - send_request - DEBUG -{'Content-Type': 'application/json', 'authorization': 'Token eyJ0eXAiOiJKV1QiLCJhbGciOiJIUzI1NiJ9.eyJjcmVkZW50aWFscyI6eyJlbXBsb3llZV9pZCI6MSwiaXNfYWRtaW5fIjp0cnVlfSwidXNlciI6eyJpZCI6MSwiY29tcGFueV9pZCI6MSwibmFtZSI6Ilx1N2JhMVx1NzQwNlx1NTQ1OCIsImRlcGFydG1lbnRfaWQiOjEsImNvZGUiOm51bGwsInBob25lIjpudWxsLCJqb2IiOm51bGwsImVtYWlsIjpudWxsLCJhY2NvdW50IjoiYWRtaW4iLCJzdGF0dXMiOiJBQ1RJVkFURUQiLCJyb2xlcyI6bnVsbH0sImV4cCI6MTYwMDQxMzI3MX0.WnSzC1YULnAQt7xvthFCPrRlAMeOE4I5Hhq0yyP4rI0'}
2020-09-17 15:14:32,349 - GraphqlClient.py - send_request - DEBUG -{
}

2020-09-17 15:14:32,457 - GraphqlClient.py - send_request - DEBUG -{
  'data': {
    'permissionTable': {
      '__typename': 'PermissionTable',
      'admin': {
        '__typename': 'Permission',
        'description': '所有数据权限，可管理全部信息',
        'id': '1',
        'scopes': [],
      },
      'modules': [
        {
          '__typename': 'PermissionModule',
          'name': 'SCADA',
          'permissions': [{'id': '27', 'scopes': [], 'description':...(len=88),
        },
        {
          '__typename': 'PermissionModule',
          'name': '主设备管理',
          'permissions': [{'id': '2', 'scopes': ['/query/thing',...(len=351),
        },
        {
          '__typename': 'PermissionModule',
          'name': '保养',
          'permissions': [{'id': '16', 'scopes':...(len=952),
        },
        {
          '__typename': 'PermissionModule',
          'name': '备件管理',
          'permissions': [{'id': '4', 'scopes':...(len=1142),
        },
        {
          '__typename': 'PermissionModule',
          'name': '巡检',
          'permissions': [{'id': '15', 'scopes':...(len=864),
        },
        {
          '__typename': 'PermissionModule',
          'name': '概览（报表）',
          'permissions': [{'id': '26', 'scopes': [], 'description':...(len=87),
        },
        {
          '__typename': 'PermissionModule',
          'name': '维修',
          'permissions': [{'id': '10', 'scopes':...(len=544),
        },
        {
          '__typename': 'PermissionModule',
          'name': '设置',
          'permissions': [{'id': '20', 'scopes':...(len=767),
        },
      ],
    },
  },
  'errors': None,
}

2020-09-17 15:14:32,458 - GraphqlClient.py - send_request - DEBUG -http://192.168.1.175:8888/graphql/?createRole
2020-09-17 15:14:32,458 - GraphqlClient.py - send_request - DEBUG -{'Content-Type': 'application/json', 'authorization': 'Token eyJ0eXAiOiJKV1QiLCJhbGciOiJIUzI1NiJ9.eyJjcmVkZW50aWFscyI6eyJlbXBsb3llZV9pZCI6MSwiaXNfYWRtaW5fIjp0cnVlfSwidXNlciI6eyJpZCI6MSwiY29tcGFueV9pZCI6MSwibmFtZSI6Ilx1N2JhMVx1NzQwNlx1NTQ1OCIsImRlcGFydG1lbnRfaWQiOjEsImNvZGUiOm51bGwsInBob25lIjpudWxsLCJqb2IiOm51bGwsImVtYWlsIjpudWxsLCJhY2NvdW50IjoiYWRtaW4iLCJzdGF0dXMiOiJBQ1RJVkFURUQiLCJyb2xlcyI6bnVsbH0sImV4cCI6MTYwMDQxMzI3MX0.WnSzC1YULnAQt7xvthFCPrRlAMeOE4I5Hhq0yyP4rI0'}
2020-09-17 15:14:32,459 - GraphqlClient.py - send_request - DEBUG -{
  'input': {
    'name': '使用SCADA入口',
    'permissions': [
      {
        'id': '27',
      },
    ],
  },
}

2020-09-17 15:14:32,594 - GraphqlClient.py - send_request - DEBUG -{
  'data': {
    'createRole': {
      '__typename': 'Role',
      'id': '8',
      'name': '使用SCADA入口',
      'permissions': [
        {
          '__typename': 'Permission',
          'description': '使用SCADA入口',
          'id': '27',
          'scopes': [],
        },
      ],
    },
  },
  'errors': None,
}

2020-09-17 15:14:32,596 - GraphqlClient.py - send_request - DEBUG -http://192.168.1.175:8888/graphql/?createEmployee
2020-09-17 15:14:32,596 - GraphqlClient.py - send_request - DEBUG -{'Content-Type': 'application/json', 'authorization': 'Token eyJ0eXAiOiJKV1QiLCJhbGciOiJIUzI1NiJ9.eyJjcmVkZW50aWFscyI6eyJlbXBsb3llZV9pZCI6MSwiaXNfYWRtaW5fIjp0cnVlfSwidXNlciI6eyJpZCI6MSwiY29tcGFueV9pZCI6MSwibmFtZSI6Ilx1N2JhMVx1NzQwNlx1NTQ1OCIsImRlcGFydG1lbnRfaWQiOjEsImNvZGUiOm51bGwsInBob25lIjpudWxsLCJqb2IiOm51bGwsImVtYWlsIjpudWxsLCJhY2NvdW50IjoiYWRtaW4iLCJzdGF0dXMiOiJBQ1RJVkFURUQiLCJyb2xlcyI6bnVsbH0sImV4cCI6MTYwMDQxMzI3MX0.WnSzC1YULnAQt7xvthFCPrRlAMeOE4I5Hhq0yyP4rI0'}
2020-09-17 15:14:32,600 - GraphqlClient.py - send_request - DEBUG -{
  'input': {
    'account': 'admin1',
    'code': 'bybkg',
    'department': {
      'id': 1,
    },
    'name': '使用SCADA入口',
    'password': '123456',
    'phone': '123456',
    'roles': [
      {
        'id': '8',
      },
    ],
    'status': 'ACTIVATED',
  },
}

2020-09-17 15:14:32,960 - GraphqlClient.py - send_request - DEBUG -{
  'data': {
    'createEmployee': {
      '__typename': 'Employee',
      'account': 'admin1',
      'code': 'bybkg',
      'department': {
        '__typename': 'Department',
        'headcount': 3,
        'id': '1',
        'name': '喜临门家具股份有限公司',
        'parentPath': [],
        'subsidiaries': [],
      },
      'email': None,
      'id': '7',
      'job': None,
      'name': '使用SCADA入口',
      'phone': '123456',
      'roles': [
        {
          '__typename': 'Role',
          'id': '8',
          'name': '使用SCADA入口',
          'permissions': [{'id': '27', 'scopes': [], 'description':...(len=88),
        },
      ],
      'status': 'ACTIVATED',
    },
  },
  'errors': None,
}

2020-09-17 15:14:32,960 - GraphqlClient.py - send_request - DEBUG -http://192.168.1.175:8888/graphql/?createRole
2020-09-17 15:14:32,960 - GraphqlClient.py - send_request - DEBUG -{'Content-Type': 'application/json', 'authorization': 'Token eyJ0eXAiOiJKV1QiLCJhbGciOiJIUzI1NiJ9.eyJjcmVkZW50aWFscyI6eyJlbXBsb3llZV9pZCI6MSwiaXNfYWRtaW5fIjp0cnVlfSwidXNlciI6eyJpZCI6MSwiY29tcGFueV9pZCI6MSwibmFtZSI6Ilx1N2JhMVx1NzQwNlx1NTQ1OCIsImRlcGFydG1lbnRfaWQiOjEsImNvZGUiOm51bGwsInBob25lIjpudWxsLCJqb2IiOm51bGwsImVtYWlsIjpudWxsLCJhY2NvdW50IjoiYWRtaW4iLCJzdGF0dXMiOiJBQ1RJVkFURUQiLCJyb2xlcyI6bnVsbH0sImV4cCI6MTYwMDQxMzI3MX0.WnSzC1YULnAQt7xvthFCPrRlAMeOE4I5Hhq0yyP4rI0'}
2020-09-17 15:14:32,961 - GraphqlClient.py - send_request - DEBUG -{
  'input': {
    'name': '查看主设备列表、详情',
    'permissions': [
      {
        'id': '2',
      },
    ],
  },
}

2020-09-17 15:14:33,035 - GraphqlClient.py - send_request - DEBUG -{
  'data': {
    'createRole': {
      '__typename': 'Role',
      'id': '9',
      'name': '查看主设备列表、详情',
      'permissions': [
        {
          '__typename': 'Permission',
          'description': '查看主设备列表、详情',
          'id': '2',
          'scopes': ['/query/thing', '/query/things'],
        },
      ],
    },
  },
  'errors': None,
}

2020-09-17 15:14:33,035 - GraphqlClient.py - send_request - DEBUG -http://192.168.1.175:8888/graphql/?createEmployee
2020-09-17 15:14:33,035 - GraphqlClient.py - send_request - DEBUG -{'Content-Type': 'application/json', 'authorization': 'Token eyJ0eXAiOiJKV1QiLCJhbGciOiJIUzI1NiJ9.eyJjcmVkZW50aWFscyI6eyJlbXBsb3llZV9pZCI6MSwiaXNfYWRtaW5fIjp0cnVlfSwidXNlciI6eyJpZCI6MSwiY29tcGFueV9pZCI6MSwibmFtZSI6Ilx1N2JhMVx1NzQwNlx1NTQ1OCIsImRlcGFydG1lbnRfaWQiOjEsImNvZGUiOm51bGwsInBob25lIjpudWxsLCJqb2IiOm51bGwsImVtYWlsIjpudWxsLCJhY2NvdW50IjoiYWRtaW4iLCJzdGF0dXMiOiJBQ1RJVkFURUQiLCJyb2xlcyI6bnVsbH0sImV4cCI6MTYwMDQxMzI3MX0.WnSzC1YULnAQt7xvthFCPrRlAMeOE4I5Hhq0yyP4rI0'}
2020-09-17 15:14:33,039 - GraphqlClient.py - send_request - DEBUG -{
  'input': {
    'account': 'admin2',
    'code': 'brpjc',
    'department': {
      'id': 1,
    },
    'name': '查看主设备列表、详情',
    'password': '123456',
    'phone': '123456',
    'roles': [
      {
        'id': '9',
      },
    ],
    'status': 'ACTIVATED',
  },
}

2020-09-17 15:14:33,283 - GraphqlClient.py - send_request - DEBUG -{
  'data': {
    'createEmployee': {
      '__typename': 'Employee',
      'account': 'admin2',
      'code': 'brpjc',
      'department': {
        '__typename': 'Department',
        'headcount': 4,
        'id': '1',
        'name': '喜临门家具股份有限公司',
        'parentPath': [],
        'subsidiaries': [],
      },
      'email': None,
      'id': '8',
      'job': None,
      'name': '查看主设备列表、详情',
      'phone': '123456',
      'roles': [
        {
          '__typename': 'Role',
          'id': '9',
          'name': '查看主设备列表、详情',
          'permissions': [{'id': '2', 'scopes': ['/query/thing',...(len=125),
        },
      ],
      'status': 'ACTIVATED',
    },
  },
  'errors': None,
}

2020-09-17 15:14:33,283 - GraphqlClient.py - send_request - DEBUG -http://192.168.1.175:8888/graphql/?createRole
2020-09-17 15:14:33,283 - GraphqlClient.py - send_request - DEBUG -{'Content-Type': 'application/json', 'authorization': 'Token eyJ0eXAiOiJKV1QiLCJhbGciOiJIUzI1NiJ9.eyJjcmVkZW50aWFscyI6eyJlbXBsb3llZV9pZCI6MSwiaXNfYWRtaW5fIjp0cnVlfSwidXNlciI6eyJpZCI6MSwiY29tcGFueV9pZCI6MSwibmFtZSI6Ilx1N2JhMVx1NzQwNlx1NTQ1OCIsImRlcGFydG1lbnRfaWQiOjEsImNvZGUiOm51bGwsInBob25lIjpudWxsLCJqb2IiOm51bGwsImVtYWlsIjpudWxsLCJhY2NvdW50IjoiYWRtaW4iLCJzdGF0dXMiOiJBQ1RJVkFURUQiLCJyb2xlcyI6bnVsbH0sImV4cCI6MTYwMDQxMzI3MX0.WnSzC1YULnAQt7xvthFCPrRlAMeOE4I5Hhq0yyP4rI0'}
2020-09-17 15:14:33,284 - GraphqlClient.py - send_request - DEBUG -{
  'input': {
    'name': '编辑、导入、导出主设备详情',
    'permissions': [
      {
        'id': '3',
      },
    ],
  },
}

2020-09-17 15:14:33,350 - GraphqlClient.py - send_request - DEBUG -{
  'data': {
    'createRole': {
      '__typename': 'Role',
      'id': '10',
      'name': '编辑、导入、导出主设备详情',
      'permissions': [
        {
          '__typename': 'Permission',
          'description': '编辑、导入、导出主设备详情',
          'id': '3',
          'scopes': ['/mutation/createThing',...(len=128),
        },
      ],
    },
  },
  'errors': None,
}

2020-09-17 15:14:33,350 - GraphqlClient.py - send_request - DEBUG -http://192.168.1.175:8888/graphql/?createEmployee
2020-09-17 15:14:33,350 - GraphqlClient.py - send_request - DEBUG -{'Content-Type': 'application/json', 'authorization': 'Token eyJ0eXAiOiJKV1QiLCJhbGciOiJIUzI1NiJ9.eyJjcmVkZW50aWFscyI6eyJlbXBsb3llZV9pZCI6MSwiaXNfYWRtaW5fIjp0cnVlfSwidXNlciI6eyJpZCI6MSwiY29tcGFueV9pZCI6MSwibmFtZSI6Ilx1N2JhMVx1NzQwNlx1NTQ1OCIsImRlcGFydG1lbnRfaWQiOjEsImNvZGUiOm51bGwsInBob25lIjpudWxsLCJqb2IiOm51bGwsImVtYWlsIjpudWxsLCJhY2NvdW50IjoiYWRtaW4iLCJzdGF0dXMiOiJBQ1RJVkFURUQiLCJyb2xlcyI6bnVsbH0sImV4cCI6MTYwMDQxMzI3MX0.WnSzC1YULnAQt7xvthFCPrRlAMeOE4I5Hhq0yyP4rI0'}
2020-09-17 15:14:33,353 - GraphqlClient.py - send_request - DEBUG -{
  'input': {
    'account': 'admin3',
    'code': 'esbwi',
    'department': {
      'id': 1,
    },
    'name': '编辑、导入、导出主设备详情',
    'password': '123456',
    'phone': '123456',
    'roles': [
      {
        'id': '10',
      },
    ],
    'status': 'ACTIVATED',
  },
}

2020-09-17 15:14:33,685 - GraphqlClient.py - send_request - DEBUG -{
  'data': {
    'createEmployee': {
      '__typename': 'Employee',
      'account': 'admin3',
      'code': 'esbwi',
      'department': {
        '__typename': 'Department',
        'headcount': 5,
        'id': '1',
        'name': '喜临门家具股份有限公司',
        'parentPath': [],
        'subsidiaries': [],
      },
      'email': None,
      'id': '9',
      'job': None,
      'name': '编辑、导入、导出主设备详情',
      'phone': '123456',
      'roles': [
        {
          '__typename': 'Role',
          'id': '10',
          'name': '编辑、导入、导出主设备详情',
          'permissions': [{'id': '3', 'scopes':...(len=226),
        },
      ],
      'status': 'ACTIVATED',
    },
  },
  'errors': None,
}

2020-09-17 15:14:33,686 - GraphqlClient.py - send_request - DEBUG -http://192.168.1.175:8888/graphql/?createRole
2020-09-17 15:14:33,686 - GraphqlClient.py - send_request - DEBUG -{'Content-Type': 'application/json', 'authorization': 'Token eyJ0eXAiOiJKV1QiLCJhbGciOiJIUzI1NiJ9.eyJjcmVkZW50aWFscyI6eyJlbXBsb3llZV9pZCI6MSwiaXNfYWRtaW5fIjp0cnVlfSwidXNlciI6eyJpZCI6MSwiY29tcGFueV9pZCI6MSwibmFtZSI6Ilx1N2JhMVx1NzQwNlx1NTQ1OCIsImRlcGFydG1lbnRfaWQiOjEsImNvZGUiOm51bGwsInBob25lIjpudWxsLCJqb2IiOm51bGwsImVtYWlsIjpudWxsLCJhY2NvdW50IjoiYWRtaW4iLCJzdGF0dXMiOiJBQ1RJVkFURUQiLCJyb2xlcyI6bnVsbH0sImV4cCI6MTYwMDQxMzI3MX0.WnSzC1YULnAQt7xvthFCPrRlAMeOE4I5Hhq0yyP4rI0'}
2020-09-17 15:14:33,688 - GraphqlClient.py - send_request - DEBUG -{
  'input': {
    'name': '查看保养方案',
    'permissions': [
      {
        'id': '16',
      },
    ],
  },
}

2020-09-17 15:14:33,760 - GraphqlClient.py - send_request - DEBUG -{
  'data': {
    'createRole': {
      '__typename': 'Role',
      'id': '11',
      'name': '查看保养方案',
      'permissions': [
        {
          '__typename': 'Permission',
          'description': '查看保养方案',
          'id': '16',
          'scopes': ['/query/thingMaintenanceRule',...(len=63),
        },
      ],
    },
  },
  'errors': None,
}

2020-09-17 15:14:33,760 - GraphqlClient.py - send_request - DEBUG -http://192.168.1.175:8888/graphql/?createEmployee
2020-09-17 15:14:33,761 - GraphqlClient.py - send_request - DEBUG -{'Content-Type': 'application/json', 'authorization': 'Token eyJ0eXAiOiJKV1QiLCJhbGciOiJIUzI1NiJ9.eyJjcmVkZW50aWFscyI6eyJlbXBsb3llZV9pZCI6MSwiaXNfYWRtaW5fIjp0cnVlfSwidXNlciI6eyJpZCI6MSwiY29tcGFueV9pZCI6MSwibmFtZSI6Ilx1N2JhMVx1NzQwNlx1NTQ1OCIsImRlcGFydG1lbnRfaWQiOjEsImNvZGUiOm51bGwsInBob25lIjpudWxsLCJqb2IiOm51bGwsImVtYWlsIjpudWxsLCJhY2NvdW50IjoiYWRtaW4iLCJzdGF0dXMiOiJBQ1RJVkFURUQiLCJyb2xlcyI6bnVsbH0sImV4cCI6MTYwMDQxMzI3MX0.WnSzC1YULnAQt7xvthFCPrRlAMeOE4I5Hhq0yyP4rI0'}
2020-09-17 15:14:33,764 - GraphqlClient.py - send_request - DEBUG -{
  'input': {
    'account': 'admin4',
    'code': 'qhwgs',
    'department': {
      'id': 1,
    },
    'name': '查看保养方案',
    'password': '123456',
    'phone': '123456',
    'roles': [
      {
        'id': '11',
      },
    ],
    'status': 'ACTIVATED',
  },
}

2020-09-17 15:14:35,926 - GraphqlClient.py - send_request - DEBUG -{
  'data': {
    'createEmployee': {
      '__typename': 'Employee',
      'account': 'admin4',
      'code': 'qhwgs',
      'department': {
        '__typename': 'Department',
        'headcount': 6,
        'id': '1',
        'name': '喜临门家具股份有限公司',
        'parentPath': [],
        'subsidiaries': [],
      },
      'email': None,
      'id': '10',
      'job': None,
      'name': '查看保养方案',
      'phone': '123456',
      'roles': [
        {
          '__typename': 'Role',
          'id': '11',
          'name': '查看保养方案',
          'permissions': [{'id': '16', 'scopes':...(len=148),
        },
      ],
      'status': 'ACTIVATED',
    },
  },
  'errors': None,
}

2020-09-17 15:14:35,926 - GraphqlClient.py - send_request - DEBUG -http://192.168.1.175:8888/graphql/?createRole
2020-09-17 15:14:35,927 - GraphqlClient.py - send_request - DEBUG -{'Content-Type': 'application/json', 'authorization': 'Token eyJ0eXAiOiJKV1QiLCJhbGciOiJIUzI1NiJ9.eyJjcmVkZW50aWFscyI6eyJlbXBsb3llZV9pZCI6MSwiaXNfYWRtaW5fIjp0cnVlfSwidXNlciI6eyJpZCI6MSwiY29tcGFueV9pZCI6MSwibmFtZSI6Ilx1N2JhMVx1NzQwNlx1NTQ1OCIsImRlcGFydG1lbnRfaWQiOjEsImNvZGUiOm51bGwsInBob25lIjpudWxsLCJqb2IiOm51bGwsImVtYWlsIjpudWxsLCJhY2NvdW50IjoiYWRtaW4iLCJzdGF0dXMiOiJBQ1RJVkFURUQiLCJyb2xlcyI6bnVsbH0sImV4cCI6MTYwMDQxMzI3MX0.WnSzC1YULnAQt7xvthFCPrRlAMeOE4I5Hhq0yyP4rI0'}
2020-09-17 15:14:35,928 - GraphqlClient.py - send_request - DEBUG -{
  'input': {
    'name': '编辑保养方案',
    'permissions': [
      {
        'id': '17',
      },
    ],
  },
}

2020-09-17 15:14:35,994 - GraphqlClient.py - send_request - DEBUG -{
  'data': {
    'createRole': {
      '__typename': 'Role',
      'id': '12',
      'name': '编辑保养方案',
      'permissions': [
        {
          '__typename': 'Permission',
          'description': '编辑保养方案',
          'id': '17',
          'scopes': ['/mutation/createThingMaintenanceRule',...(len=121),
        },
      ],
    },
  },
  'errors': None,
}

2020-09-17 15:14:35,994 - GraphqlClient.py - send_request - DEBUG -http://192.168.1.175:8888/graphql/?createEmployee
2020-09-17 15:14:35,994 - GraphqlClient.py - send_request - DEBUG -{'Content-Type': 'application/json', 'authorization': 'Token eyJ0eXAiOiJKV1QiLCJhbGciOiJIUzI1NiJ9.eyJjcmVkZW50aWFscyI6eyJlbXBsb3llZV9pZCI6MSwiaXNfYWRtaW5fIjp0cnVlfSwidXNlciI6eyJpZCI6MSwiY29tcGFueV9pZCI6MSwibmFtZSI6Ilx1N2JhMVx1NzQwNlx1NTQ1OCIsImRlcGFydG1lbnRfaWQiOjEsImNvZGUiOm51bGwsInBob25lIjpudWxsLCJqb2IiOm51bGwsImVtYWlsIjpudWxsLCJhY2NvdW50IjoiYWRtaW4iLCJzdGF0dXMiOiJBQ1RJVkFURUQiLCJyb2xlcyI6bnVsbH0sImV4cCI6MTYwMDQxMzI3MX0.WnSzC1YULnAQt7xvthFCPrRlAMeOE4I5Hhq0yyP4rI0'}
2020-09-17 15:14:35,998 - GraphqlClient.py - send_request - DEBUG -{
  'input': {
    'account': 'admin5',
    'code': 'yfvlg',
    'department': {
      'id': 1,
    },
    'name': '编辑保养方案',
    'password': '123456',
    'phone': '123456',
    'roles': [
      {
        'id': '12',
      },
    ],
    'status': 'ACTIVATED',
  },
}

2020-09-17 15:14:36,341 - GraphqlClient.py - send_request - DEBUG -{
  'data': {
    'createEmployee': {
      '__typename': 'Employee',
      'account': 'admin5',
      'code': 'yfvlg',
      'department': {
        '__typename': 'Department',
        'headcount': 7,
        'id': '1',
        'name': '喜临门家具股份有限公司',
        'parentPath': [],
        'subsidiaries': [],
      },
      'email': None,
      'id': '11',
      'job': None,
      'name': '编辑保养方案',
      'phone': '123456',
      'roles': [
        {
          '__typename': 'Role',
          'id': '12',
          'name': '编辑保养方案',
          'permissions': [{'id': '17', 'scopes':...(len=206),
        },
      ],
      'status': 'ACTIVATED',
    },
  },
  'errors': None,
}

2020-09-17 15:14:36,342 - GraphqlClient.py - send_request - DEBUG -http://192.168.1.175:8888/graphql/?createRole
2020-09-17 15:14:36,342 - GraphqlClient.py - send_request - DEBUG -{'Content-Type': 'application/json', 'authorization': 'Token eyJ0eXAiOiJKV1QiLCJhbGciOiJIUzI1NiJ9.eyJjcmVkZW50aWFscyI6eyJlbXBsb3llZV9pZCI6MSwiaXNfYWRtaW5fIjp0cnVlfSwidXNlciI6eyJpZCI6MSwiY29tcGFueV9pZCI6MSwibmFtZSI6Ilx1N2JhMVx1NzQwNlx1NTQ1OCIsImRlcGFydG1lbnRfaWQiOjEsImNvZGUiOm51bGwsInBob25lIjpudWxsLCJqb2IiOm51bGwsImVtYWlsIjpudWxsLCJhY2NvdW50IjoiYWRtaW4iLCJzdGF0dXMiOiJBQ1RJVkFURUQiLCJyb2xlcyI6bnVsbH0sImV4cCI6MTYwMDQxMzI3MX0.WnSzC1YULnAQt7xvthFCPrRlAMeOE4I5Hhq0yyP4rI0'}
2020-09-17 15:14:36,343 - GraphqlClient.py - send_request - DEBUG -{
  'input': {
    'name': '查看、发起、审核保养单',
    'permissions': [
      {
        'id': '18',
      },
    ],
  },
}

2020-09-17 15:14:36,420 - GraphqlClient.py - send_request - DEBUG -{
  'data': {
    'createRole': {
      '__typename': 'Role',
      'id': '13',
      'name': '查看、发起、审核保养单',
      'permissions': [
        {
          '__typename': 'Permission',
          'description': '查看、发起、审核保养单',
          'id': '18',
          'scopes': ['/query/thingMaintenance',...(len=203),
        },
      ],
    },
  },
  'errors': None,
}

2020-09-17 15:14:36,420 - GraphqlClient.py - send_request - DEBUG -http://192.168.1.175:8888/graphql/?createEmployee
2020-09-17 15:14:36,420 - GraphqlClient.py - send_request - DEBUG -{'Content-Type': 'application/json', 'authorization': 'Token eyJ0eXAiOiJKV1QiLCJhbGciOiJIUzI1NiJ9.eyJjcmVkZW50aWFscyI6eyJlbXBsb3llZV9pZCI6MSwiaXNfYWRtaW5fIjp0cnVlfSwidXNlciI6eyJpZCI6MSwiY29tcGFueV9pZCI6MSwibmFtZSI6Ilx1N2JhMVx1NzQwNlx1NTQ1OCIsImRlcGFydG1lbnRfaWQiOjEsImNvZGUiOm51bGwsInBob25lIjpudWxsLCJqb2IiOm51bGwsImVtYWlsIjpudWxsLCJhY2NvdW50IjoiYWRtaW4iLCJzdGF0dXMiOiJBQ1RJVkFURUQiLCJyb2xlcyI6bnVsbH0sImV4cCI6MTYwMDQxMzI3MX0.WnSzC1YULnAQt7xvthFCPrRlAMeOE4I5Hhq0yyP4rI0'}
2020-09-17 15:14:36,424 - GraphqlClient.py - send_request - DEBUG -{
  'input': {
    'account': 'admin6',
    'code': 'yxhux',
    'department': {
      'id': 1,
    },
    'name': '查看、发起、审核保养单',
    'password': '123456',
    'phone': '123456',
    'roles': [
      {
        'id': '13',
      },
    ],
    'status': 'ACTIVATED',
  },
}

2020-09-17 15:14:36,650 - GraphqlClient.py - send_request - DEBUG -{
  'data': {
    'createEmployee': {
      '__typename': 'Employee',
      'account': 'admin6',
      'code': 'yxhux',
      'department': {
        '__typename': 'Department',
        'headcount': 8,
        'id': '1',
        'name': '喜临门家具股份有限公司',
        'parentPath': [],
        'subsidiaries': [],
      },
      'email': None,
      'id': '12',
      'job': None,
      'name': '查看、发起、审核保养单',
      'phone': '123456',
      'roles': [
        {
          '__typename': 'Role',
          'id': '13',
          'name': '查看、发起、审核保养单',
          'permissions': [{'id': '18', 'scopes':...(len=298),
        },
      ],
      'status': 'ACTIVATED',
    },
  },
  'errors': None,
}

2020-09-17 15:14:36,650 - GraphqlClient.py - send_request - DEBUG -http://192.168.1.175:8888/graphql/?createRole
2020-09-17 15:14:36,650 - GraphqlClient.py - send_request - DEBUG -{'Content-Type': 'application/json', 'authorization': 'Token eyJ0eXAiOiJKV1QiLCJhbGciOiJIUzI1NiJ9.eyJjcmVkZW50aWFscyI6eyJlbXBsb3llZV9pZCI6MSwiaXNfYWRtaW5fIjp0cnVlfSwidXNlciI6eyJpZCI6MSwiY29tcGFueV9pZCI6MSwibmFtZSI6Ilx1N2JhMVx1NzQwNlx1NTQ1OCIsImRlcGFydG1lbnRfaWQiOjEsImNvZGUiOm51bGwsInBob25lIjpudWxsLCJqb2IiOm51bGwsImVtYWlsIjpudWxsLCJhY2NvdW50IjoiYWRtaW4iLCJzdGF0dXMiOiJBQ1RJVkFURUQiLCJyb2xlcyI6bnVsbH0sImV4cCI6MTYwMDQxMzI3MX0.WnSzC1YULnAQt7xvthFCPrRlAMeOE4I5Hhq0yyP4rI0'}
2020-09-17 15:14:36,651 - GraphqlClient.py - send_request - DEBUG -{
  'input': {
    'name': '查看、发起、反馈保养单',
    'permissions': [
      {
        'id': '19',
      },
    ],
  },
}

2020-09-17 15:14:36,724 - GraphqlClient.py - send_request - DEBUG -{
  'data': {
    'createRole': {
      '__typename': 'Role',
      'id': '14',
      'name': '查看、发起、反馈保养单',
      'permissions': [
        {
          '__typename': 'Permission',
          'description': '查看、发起、反馈保养单',
          'id': '19',
          'scopes': ['/query/thingMaintenance',...(len=205),
        },
      ],
    },
  },
  'errors': None,
}

2020-09-17 15:14:36,724 - GraphqlClient.py - send_request - DEBUG -http://192.168.1.175:8888/graphql/?createEmployee
2020-09-17 15:14:36,724 - GraphqlClient.py - send_request - DEBUG -{'Content-Type': 'application/json', 'authorization': 'Token eyJ0eXAiOiJKV1QiLCJhbGciOiJIUzI1NiJ9.eyJjcmVkZW50aWFscyI6eyJlbXBsb3llZV9pZCI6MSwiaXNfYWRtaW5fIjp0cnVlfSwidXNlciI6eyJpZCI6MSwiY29tcGFueV9pZCI6MSwibmFtZSI6Ilx1N2JhMVx1NzQwNlx1NTQ1OCIsImRlcGFydG1lbnRfaWQiOjEsImNvZGUiOm51bGwsInBob25lIjpudWxsLCJqb2IiOm51bGwsImVtYWlsIjpudWxsLCJhY2NvdW50IjoiYWRtaW4iLCJzdGF0dXMiOiJBQ1RJVkFURUQiLCJyb2xlcyI6bnVsbH0sImV4cCI6MTYwMDQxMzI3MX0.WnSzC1YULnAQt7xvthFCPrRlAMeOE4I5Hhq0yyP4rI0'}
2020-09-17 15:14:36,728 - GraphqlClient.py - send_request - DEBUG -{
  'input': {
    'account': 'admin7',
    'code': 'xbnzv',
    'department': {
      'id': 1,
    },
    'name': '查看、发起、反馈保养单',
    'password': '123456',
    'phone': '123456',
    'roles': [
      {
        'id': '14',
      },
    ],
    'status': 'ACTIVATED',
  },
}

2020-09-17 15:14:37,166 - GraphqlClient.py - send_request - DEBUG -{
  'data': {
    'createEmployee': {
      '__typename': 'Employee',
      'account': 'admin7',
      'code': 'xbnzv',
      'department': {
        '__typename': 'Department',
        'headcount': 9,
        'id': '1',
        'name': '喜临门家具股份有限公司',
        'parentPath': [],
        'subsidiaries': [],
      },
      'email': None,
      'id': '13',
      'job': None,
      'name': '查看、发起、反馈保养单',
      'phone': '123456',
      'roles': [
        {
          '__typename': 'Role',
          'id': '14',
          'name': '查看、发起、反馈保养单',
          'permissions': [{'id': '19', 'scopes':...(len=300),
        },
      ],
      'status': 'ACTIVATED',
    },
  },
  'errors': None,
}

2020-09-17 15:14:37,166 - GraphqlClient.py - send_request - DEBUG -http://192.168.1.175:8888/graphql/?createRole
2020-09-17 15:14:37,166 - GraphqlClient.py - send_request - DEBUG -{'Content-Type': 'application/json', 'authorization': 'Token eyJ0eXAiOiJKV1QiLCJhbGciOiJIUzI1NiJ9.eyJjcmVkZW50aWFscyI6eyJlbXBsb3llZV9pZCI6MSwiaXNfYWRtaW5fIjp0cnVlfSwidXNlciI6eyJpZCI6MSwiY29tcGFueV9pZCI6MSwibmFtZSI6Ilx1N2JhMVx1NzQwNlx1NTQ1OCIsImRlcGFydG1lbnRfaWQiOjEsImNvZGUiOm51bGwsInBob25lIjpudWxsLCJqb2IiOm51bGwsImVtYWlsIjpudWxsLCJhY2NvdW50IjoiYWRtaW4iLCJzdGF0dXMiOiJBQ1RJVkFURUQiLCJyb2xlcyI6bnVsbH0sImV4cCI6MTYwMDQxMzI3MX0.WnSzC1YULnAQt7xvthFCPrRlAMeOE4I5Hhq0yyP4rI0'}
2020-09-17 15:14:37,167 - GraphqlClient.py - send_request - DEBUG -{
  'input': {
    'name': '查看备件列表、详情',
    'permissions': [
      {
        'id': '4',
      },
    ],
  },
}

2020-09-17 15:14:37,248 - GraphqlClient.py - send_request - DEBUG -{
  'data': {
    'createRole': {
      '__typename': 'Role',
      'id': '15',
      'name': '查看备件列表、详情',
      'permissions': [
        {
          '__typename': 'Permission',
          'description': '查看备件列表、详情',
          'id': '4',
          'scopes': ['/query/sparePart', '/query/spareParts'],
        },
      ],
    },
  },
  'errors': None,
}

2020-09-17 15:14:37,248 - GraphqlClient.py - send_request - DEBUG -http://192.168.1.175:8888/graphql/?createEmployee
2020-09-17 15:14:37,248 - GraphqlClient.py - send_request - DEBUG -{'Content-Type': 'application/json', 'authorization': 'Token eyJ0eXAiOiJKV1QiLCJhbGciOiJIUzI1NiJ9.eyJjcmVkZW50aWFscyI6eyJlbXBsb3llZV9pZCI6MSwiaXNfYWRtaW5fIjp0cnVlfSwidXNlciI6eyJpZCI6MSwiY29tcGFueV9pZCI6MSwibmFtZSI6Ilx1N2JhMVx1NzQwNlx1NTQ1OCIsImRlcGFydG1lbnRfaWQiOjEsImNvZGUiOm51bGwsInBob25lIjpudWxsLCJqb2IiOm51bGwsImVtYWlsIjpudWxsLCJhY2NvdW50IjoiYWRtaW4iLCJzdGF0dXMiOiJBQ1RJVkFURUQiLCJyb2xlcyI6bnVsbH0sImV4cCI6MTYwMDQxMzI3MX0.WnSzC1YULnAQt7xvthFCPrRlAMeOE4I5Hhq0yyP4rI0'}
2020-09-17 15:14:37,252 - GraphqlClient.py - send_request - DEBUG -{
  'input': {
    'account': 'admin8',
    'code': 'etxzf',
    'department': {
      'id': 1,
    },
    'name': '查看备件列表、详情',
    'password': '123456',
    'phone': '123456',
    'roles': [
      {
        'id': '15',
      },
    ],
    'status': 'ACTIVATED',
  },
}

2020-09-17 15:14:37,468 - GraphqlClient.py - send_request - DEBUG -{
  'data': {
    'createEmployee': {
      '__typename': 'Employee',
      'account': 'admin8',
      'code': 'etxzf',
      'department': {
        '__typename': 'Department',
        'headcount': 10,
        'id': '1',
        'name': '喜临门家具股份有限公司',
        'parentPath': [],
        'subsidiaries': [],
      },
      'email': None,
      'id': '14',
      'job': None,
      'name': '查看备件列表、详情',
      'phone': '123456',
      'roles': [
        {
          '__typename': 'Role',
          'id': '15',
          'name': '查看备件列表、详情',
          'permissions': [{'id': '4', 'scopes':...(len=131),
        },
      ],
      'status': 'ACTIVATED',
    },
  },
  'errors': None,
}

2020-09-17 15:14:37,469 - GraphqlClient.py - send_request - DEBUG -http://192.168.1.175:8888/graphql/?createRole
2020-09-17 15:14:37,469 - GraphqlClient.py - send_request - DEBUG -{'Content-Type': 'application/json', 'authorization': 'Token eyJ0eXAiOiJKV1QiLCJhbGciOiJIUzI1NiJ9.eyJjcmVkZW50aWFscyI6eyJlbXBsb3llZV9pZCI6MSwiaXNfYWRtaW5fIjp0cnVlfSwidXNlciI6eyJpZCI6MSwiY29tcGFueV9pZCI6MSwibmFtZSI6Ilx1N2JhMVx1NzQwNlx1NTQ1OCIsImRlcGFydG1lbnRfaWQiOjEsImNvZGUiOm51bGwsInBob25lIjpudWxsLCJqb2IiOm51bGwsImVtYWlsIjpudWxsLCJhY2NvdW50IjoiYWRtaW4iLCJzdGF0dXMiOiJBQ1RJVkFURUQiLCJyb2xlcyI6bnVsbH0sImV4cCI6MTYwMDQxMzI3MX0.WnSzC1YULnAQt7xvthFCPrRlAMeOE4I5Hhq0yyP4rI0'}
2020-09-17 15:14:37,470 - GraphqlClient.py - send_request - DEBUG -{
  'input': {
    'name': '编辑、导入、导出备件详情',
    'permissions': [
      {
        'id': '5',
      },
    ],
  },
}

2020-09-17 15:14:37,515 - GraphqlClient.py - send_request - DEBUG -{
  'data': {
    'createRole': {
      '__typename': 'Role',
      'id': '16',
      'name': '编辑、导入、导出备件详情',
      'permissions': [
        {
          '__typename': 'Permission',
          'description': '编辑、导入、导出备件详情',
          'id': '5',
          'scopes': ['/mutation/createSparePart',...(len=148),
        },
      ],
    },
  },
  'errors': None,
}

2020-09-17 15:14:37,516 - GraphqlClient.py - send_request - DEBUG -http://192.168.1.175:8888/graphql/?createEmployee
2020-09-17 15:14:37,516 - GraphqlClient.py - send_request - DEBUG -{'Content-Type': 'application/json', 'authorization': 'Token eyJ0eXAiOiJKV1QiLCJhbGciOiJIUzI1NiJ9.eyJjcmVkZW50aWFscyI6eyJlbXBsb3llZV9pZCI6MSwiaXNfYWRtaW5fIjp0cnVlfSwidXNlciI6eyJpZCI6MSwiY29tcGFueV9pZCI6MSwibmFtZSI6Ilx1N2JhMVx1NzQwNlx1NTQ1OCIsImRlcGFydG1lbnRfaWQiOjEsImNvZGUiOm51bGwsInBob25lIjpudWxsLCJqb2IiOm51bGwsImVtYWlsIjpudWxsLCJhY2NvdW50IjoiYWRtaW4iLCJzdGF0dXMiOiJBQ1RJVkFURUQiLCJyb2xlcyI6bnVsbH0sImV4cCI6MTYwMDQxMzI3MX0.WnSzC1YULnAQt7xvthFCPrRlAMeOE4I5Hhq0yyP4rI0'}
2020-09-17 15:14:37,519 - GraphqlClient.py - send_request - DEBUG -{
  'input': {
    'account': 'admin9',
    'code': 'wesfy',
    'department': {
      'id': 1,
    },
    'name': '编辑、导入、导出备件详情',
    'password': '123456',
    'phone': '123456',
    'roles': [
      {
        'id': '16',
      },
    ],
    'status': 'ACTIVATED',
  },
}

2020-09-17 15:14:37,770 - GraphqlClient.py - send_request - DEBUG -{
  'data': {
    'createEmployee': {
      '__typename': 'Employee',
      'account': 'admin9',
      'code': 'wesfy',
      'department': {
        '__typename': 'Department',
        'headcount': 11,
        'id': '1',
        'name': '喜临门家具股份有限公司',
        'parentPath': [],
        'subsidiaries': [],
      },
      'email': None,
      'id': '15',
      'job': None,
      'name': '编辑、导入、导出备件详情',
      'phone': '123456',
      'roles': [
        {
          '__typename': 'Role',
          'id': '16',
          'name': '编辑、导入、导出备件详情',
          'permissions': [{'id': '5', 'scopes':...(len=244),
        },
      ],
      'status': 'ACTIVATED',
    },
  },
  'errors': None,
}

2020-09-17 15:14:37,771 - GraphqlClient.py - send_request - DEBUG -http://192.168.1.175:8888/graphql/?createRole
2020-09-17 15:14:37,771 - GraphqlClient.py - send_request - DEBUG -{'Content-Type': 'application/json', 'authorization': 'Token eyJ0eXAiOiJKV1QiLCJhbGciOiJIUzI1NiJ9.eyJjcmVkZW50aWFscyI6eyJlbXBsb3llZV9pZCI6MSwiaXNfYWRtaW5fIjp0cnVlfSwidXNlciI6eyJpZCI6MSwiY29tcGFueV9pZCI6MSwibmFtZSI6Ilx1N2JhMVx1NzQwNlx1NTQ1OCIsImRlcGFydG1lbnRfaWQiOjEsImNvZGUiOm51bGwsInBob25lIjpudWxsLCJqb2IiOm51bGwsImVtYWlsIjpudWxsLCJhY2NvdW50IjoiYWRtaW4iLCJzdGF0dXMiOiJBQ1RJVkFURUQiLCJyb2xlcyI6bnVsbH0sImV4cCI6MTYwMDQxMzI3MX0.WnSzC1YULnAQt7xvthFCPrRlAMeOE4I5Hhq0yyP4rI0'}
2020-09-17 15:14:37,772 - GraphqlClient.py - send_request - DEBUG -{
  'input': {
    'name': '查看备件库存、入库记录、申领记录',
    'permissions': [
      {
        'id': '6',
      },
    ],
  },
}

2020-09-17 15:14:37,896 - GraphqlClient.py - send_request - DEBUG -{
  'data': {
    'createRole': {
      '__typename': 'Role',
      'id': '17',
      'name': '查看备件库存、入库记录、申领记录',
      'permissions': [
        {
          '__typename': 'Permission',
          'description': '查看备件库存、入库记录、申领记录',
          'id': '6',
          'scopes': ['/query/sparePartStocks',...(len=263),
        },
      ],
    },
  },
  'errors': None,
}

2020-09-17 15:14:37,897 - GraphqlClient.py - send_request - DEBUG -http://192.168.1.175:8888/graphql/?createEmployee
2020-09-17 15:14:37,897 - GraphqlClient.py - send_request - DEBUG -{'Content-Type': 'application/json', 'authorization': 'Token eyJ0eXAiOiJKV1QiLCJhbGciOiJIUzI1NiJ9.eyJjcmVkZW50aWFscyI6eyJlbXBsb3llZV9pZCI6MSwiaXNfYWRtaW5fIjp0cnVlfSwidXNlciI6eyJpZCI6MSwiY29tcGFueV9pZCI6MSwibmFtZSI6Ilx1N2JhMVx1NzQwNlx1NTQ1OCIsImRlcGFydG1lbnRfaWQiOjEsImNvZGUiOm51bGwsInBob25lIjpudWxsLCJqb2IiOm51bGwsImVtYWlsIjpudWxsLCJhY2NvdW50IjoiYWRtaW4iLCJzdGF0dXMiOiJBQ1RJVkFURUQiLCJyb2xlcyI6bnVsbH0sImV4cCI6MTYwMDQxMzI3MX0.WnSzC1YULnAQt7xvthFCPrRlAMeOE4I5Hhq0yyP4rI0'}
2020-09-17 15:14:37,900 - GraphqlClient.py - send_request - DEBUG -{
  'input': {
    'account': 'admin10',
    'code': 'umaej',
    'department': {
      'id': 1,
    },
    'name': '查看备件库存、入库记录、申领记录',
    'password': '123456',
    'phone': '123456',
    'roles': [
      {
        'id': '17',
      },
    ],
    'status': 'ACTIVATED',
  },
}

2020-09-17 15:14:38,087 - GraphqlClient.py - send_request - DEBUG -{
  'data': {
    'createEmployee': {
      '__typename': 'Employee',
      'account': 'admin10',
      'code': 'umaej',
      'department': {
        '__typename': 'Department',
        'headcount': 12,
        'id': '1',
        'name': '喜临门家具股份有限公司',
        'parentPath': [],
        'subsidiaries': [],
      },
      'email': None,
      'id': '16',
      'job': None,
      'name': '查看备件库存、入库记录、申领记录',
      'phone': '123456',
      'roles': [
        {
          '__typename': 'Role',
          'id': '17',
          'name': '查看备件库存、入库记录、申领记录',
          'permissions': [{'id': '6', 'scopes':...(len=367),
        },
      ],
      'status': 'ACTIVATED',
    },
  },
  'errors': None,
}

2020-09-17 15:14:38,088 - GraphqlClient.py - send_request - DEBUG -http://192.168.1.175:8888/graphql/?createRole
2020-09-17 15:14:38,088 - GraphqlClient.py - send_request - DEBUG -{'Content-Type': 'application/json', 'authorization': 'Token eyJ0eXAiOiJKV1QiLCJhbGciOiJIUzI1NiJ9.eyJjcmVkZW50aWFscyI6eyJlbXBsb3llZV9pZCI6MSwiaXNfYWRtaW5fIjp0cnVlfSwidXNlciI6eyJpZCI6MSwiY29tcGFueV9pZCI6MSwibmFtZSI6Ilx1N2JhMVx1NzQwNlx1NTQ1OCIsImRlcGFydG1lbnRfaWQiOjEsImNvZGUiOm51bGwsInBob25lIjpudWxsLCJqb2IiOm51bGwsImVtYWlsIjpudWxsLCJhY2NvdW50IjoiYWRtaW4iLCJzdGF0dXMiOiJBQ1RJVkFURUQiLCJyb2xlcyI6bnVsbH0sImV4cCI6MTYwMDQxMzI3MX0.WnSzC1YULnAQt7xvthFCPrRlAMeOE4I5Hhq0yyP4rI0'}
2020-09-17 15:14:38,089 - GraphqlClient.py - send_request - DEBUG -{
  'input': {
    'name': '编辑仓库信息',
    'permissions': [
      {
        'id': '7',
      },
    ],
  },
}

2020-09-17 15:14:38,194 - GraphqlClient.py - send_request - DEBUG -{
  'data': {
    'createRole': {
      '__typename': 'Role',
      'id': '18',
      'name': '编辑仓库信息',
      'permissions': [
        {
          '__typename': 'Permission',
          'description': '编辑仓库信息',
          'id': '7',
          'scopes': [],
        },
      ],
    },
  },
  'errors': None,
}

2020-09-17 15:14:38,194 - GraphqlClient.py - send_request - DEBUG -http://192.168.1.175:8888/graphql/?createEmployee
2020-09-17 15:14:38,194 - GraphqlClient.py - send_request - DEBUG -{'Content-Type': 'application/json', 'authorization': 'Token eyJ0eXAiOiJKV1QiLCJhbGciOiJIUzI1NiJ9.eyJjcmVkZW50aWFscyI6eyJlbXBsb3llZV9pZCI6MSwiaXNfYWRtaW5fIjp0cnVlfSwidXNlciI6eyJpZCI6MSwiY29tcGFueV9pZCI6MSwibmFtZSI6Ilx1N2JhMVx1NzQwNlx1NTQ1OCIsImRlcGFydG1lbnRfaWQiOjEsImNvZGUiOm51bGwsInBob25lIjpudWxsLCJqb2IiOm51bGwsImVtYWlsIjpudWxsLCJhY2NvdW50IjoiYWRtaW4iLCJzdGF0dXMiOiJBQ1RJVkFURUQiLCJyb2xlcyI6bnVsbH0sImV4cCI6MTYwMDQxMzI3MX0.WnSzC1YULnAQt7xvthFCPrRlAMeOE4I5Hhq0yyP4rI0'}
2020-09-17 15:14:38,198 - GraphqlClient.py - send_request - DEBUG -{
  'input': {
    'account': 'admin11',
    'code': 'tjkds',
    'department': {
      'id': 1,
    },
    'name': '编辑仓库信息',
    'password': '123456',
    'phone': '123456',
    'roles': [
      {
        'id': '18',
      },
    ],
    'status': 'ACTIVATED',
  },
}

2020-09-17 15:14:38,605 - GraphqlClient.py - send_request - DEBUG -{
  'data': {
    'createEmployee': {
      '__typename': 'Employee',
      'account': 'admin11',
      'code': 'tjkds',
      'department': {
        '__typename': 'Department',
        'headcount': 13,
        'id': '1',
        'name': '喜临门家具股份有限公司',
        'parentPath': [],
        'subsidiaries': [],
      },
      'email': None,
      'id': '17',
      'job': None,
      'name': '编辑仓库信息',
      'phone': '123456',
      'roles': [
        {
          '__typename': 'Role',
          'id': '18',
          'name': '编辑仓库信息',
          'permissions': [{'id': '7', 'scopes': [], 'description': '...(len=86),
        },
      ],
      'status': 'ACTIVATED',
    },
  },
  'errors': None,
}

2020-09-17 15:14:38,606 - GraphqlClient.py - send_request - DEBUG -http://192.168.1.175:8888/graphql/?createRole
2020-09-17 15:14:38,606 - GraphqlClient.py - send_request - DEBUG -{'Content-Type': 'application/json', 'authorization': 'Token eyJ0eXAiOiJKV1QiLCJhbGciOiJIUzI1NiJ9.eyJjcmVkZW50aWFscyI6eyJlbXBsb3llZV9pZCI6MSwiaXNfYWRtaW5fIjp0cnVlfSwidXNlciI6eyJpZCI6MSwiY29tcGFueV9pZCI6MSwibmFtZSI6Ilx1N2JhMVx1NzQwNlx1NTQ1OCIsImRlcGFydG1lbnRfaWQiOjEsImNvZGUiOm51bGwsInBob25lIjpudWxsLCJqb2IiOm51bGwsImVtYWlsIjpudWxsLCJhY2NvdW50IjoiYWRtaW4iLCJzdGF0dXMiOiJBQ1RJVkFURUQiLCJyb2xlcyI6bnVsbH0sImV4cCI6MTYwMDQxMzI3MX0.WnSzC1YULnAQt7xvthFCPrRlAMeOE4I5Hhq0yyP4rI0'}
2020-09-17 15:14:38,607 - GraphqlClient.py - send_request - DEBUG -{
  'input': {
    'name': '发起备件入库',
    'permissions': [
      {
        'id': '8',
      },
    ],
  },
}

2020-09-17 15:14:38,667 - GraphqlClient.py - send_request - DEBUG -{
  'data': {
    'createRole': {
      '__typename': 'Role',
      'id': '19',
      'name': '发起备件入库',
      'permissions': [
        {
          '__typename': 'Permission',
          'description': '发起备件入库',
          'id': '8',
          'scopes': ['/mutation/createSparePartReceipt',...(len=72),
        },
      ],
    },
  },
  'errors': None,
}

2020-09-17 15:14:38,668 - GraphqlClient.py - send_request - DEBUG -http://192.168.1.175:8888/graphql/?createEmployee
2020-09-17 15:14:38,668 - GraphqlClient.py - send_request - DEBUG -{'Content-Type': 'application/json', 'authorization': 'Token eyJ0eXAiOiJKV1QiLCJhbGciOiJIUzI1NiJ9.eyJjcmVkZW50aWFscyI6eyJlbXBsb3llZV9pZCI6MSwiaXNfYWRtaW5fIjp0cnVlfSwidXNlciI6eyJpZCI6MSwiY29tcGFueV9pZCI6MSwibmFtZSI6Ilx1N2JhMVx1NzQwNlx1NTQ1OCIsImRlcGFydG1lbnRfaWQiOjEsImNvZGUiOm51bGwsInBob25lIjpudWxsLCJqb2IiOm51bGwsImVtYWlsIjpudWxsLCJhY2NvdW50IjoiYWRtaW4iLCJzdGF0dXMiOiJBQ1RJVkFURUQiLCJyb2xlcyI6bnVsbH0sImV4cCI6MTYwMDQxMzI3MX0.WnSzC1YULnAQt7xvthFCPrRlAMeOE4I5Hhq0yyP4rI0'}
2020-09-17 15:14:38,670 - GraphqlClient.py - send_request - DEBUG -{
  'input': {
    'account': 'admin12',
    'code': 'igkuz',
    'department': {
      'id': 1,
    },
    'name': '发起备件入库',
    'password': '123456',
    'phone': '123456',
    'roles': [
      {
        'id': '19',
      },
    ],
    'status': 'ACTIVATED',
  },
}

2020-09-17 15:14:38,944 - GraphqlClient.py - send_request - DEBUG -{
  'data': {
    'createEmployee': {
      '__typename': 'Employee',
      'account': 'admin12',
      'code': 'igkuz',
      'department': {
        '__typename': 'Department',
        'headcount': 14,
        'id': '1',
        'name': '喜临门家具股份有限公司',
        'parentPath': [],
        'subsidiaries': [],
      },
      'email': None,
      'id': '18',
      'job': None,
      'name': '发起备件入库',
      'phone': '123456',
      'roles': [
        {
          '__typename': 'Role',
          'id': '19',
          'name': '发起备件入库',
          'permissions': [{'id': '8', 'scopes':...(len=156),
        },
      ],
      'status': 'ACTIVATED',
    },
  },
  'errors': None,
}

2020-09-17 15:14:38,944 - GraphqlClient.py - send_request - DEBUG -http://192.168.1.175:8888/graphql/?createRole
2020-09-17 15:14:38,944 - GraphqlClient.py - send_request - DEBUG -{'Content-Type': 'application/json', 'authorization': 'Token eyJ0eXAiOiJKV1QiLCJhbGciOiJIUzI1NiJ9.eyJjcmVkZW50aWFscyI6eyJlbXBsb3llZV9pZCI6MSwiaXNfYWRtaW5fIjp0cnVlfSwidXNlciI6eyJpZCI6MSwiY29tcGFueV9pZCI6MSwibmFtZSI6Ilx1N2JhMVx1NzQwNlx1NTQ1OCIsImRlcGFydG1lbnRfaWQiOjEsImNvZGUiOm51bGwsInBob25lIjpudWxsLCJqb2IiOm51bGwsImVtYWlsIjpudWxsLCJhY2NvdW50IjoiYWRtaW4iLCJzdGF0dXMiOiJBQ1RJVkFURUQiLCJyb2xlcyI6bnVsbH0sImV4cCI6MTYwMDQxMzI3MX0.WnSzC1YULnAQt7xvthFCPrRlAMeOE4I5Hhq0yyP4rI0'}
2020-09-17 15:14:38,946 - GraphqlClient.py - send_request - DEBUG -{
  'input': {
    'name': '发起备件申领',
    'permissions': [
      {
        'id': '9',
      },
    ],
  },
}

2020-09-17 15:14:39,047 - GraphqlClient.py - send_request - DEBUG -{
  'data': {
    'createRole': {
      '__typename': 'Role',
      'id': '20',
      'name': '发起备件申领',
      'permissions': [
        {
          '__typename': 'Permission',
          'description': '发起备件申领',
          'id': '9',
          'scopes': ['/mutation/createSparePartOutbound',...(len=74),
        },
      ],
    },
  },
  'errors': None,
}

2020-09-17 15:14:39,047 - GraphqlClient.py - send_request - DEBUG -http://192.168.1.175:8888/graphql/?createEmployee
2020-09-17 15:14:39,048 - GraphqlClient.py - send_request - DEBUG -{'Content-Type': 'application/json', 'authorization': 'Token eyJ0eXAiOiJKV1QiLCJhbGciOiJIUzI1NiJ9.eyJjcmVkZW50aWFscyI6eyJlbXBsb3llZV9pZCI6MSwiaXNfYWRtaW5fIjp0cnVlfSwidXNlciI6eyJpZCI6MSwiY29tcGFueV9pZCI6MSwibmFtZSI6Ilx1N2JhMVx1NzQwNlx1NTQ1OCIsImRlcGFydG1lbnRfaWQiOjEsImNvZGUiOm51bGwsInBob25lIjpudWxsLCJqb2IiOm51bGwsImVtYWlsIjpudWxsLCJhY2NvdW50IjoiYWRtaW4iLCJzdGF0dXMiOiJBQ1RJVkFURUQiLCJyb2xlcyI6bnVsbH0sImV4cCI6MTYwMDQxMzI3MX0.WnSzC1YULnAQt7xvthFCPrRlAMeOE4I5Hhq0yyP4rI0'}
2020-09-17 15:14:39,050 - GraphqlClient.py - send_request - DEBUG -{
  'input': {
    'account': 'admin13',
    'code': 'tqywx',
    'department': {
      'id': 1,
    },
    'name': '发起备件申领',
    'password': '123456',
    'phone': '123456',
    'roles': [
      {
        'id': '20',
      },
    ],
    'status': 'ACTIVATED',
  },
}

2020-09-17 15:14:39,617 - GraphqlClient.py - send_request - DEBUG -{
  'data': {
    'createEmployee': {
      '__typename': 'Employee',
      'account': 'admin13',
      'code': 'tqywx',
      'department': {
        '__typename': 'Department',
        'headcount': 15,
        'id': '1',
        'name': '喜临门家具股份有限公司',
        'parentPath': [],
        'subsidiaries': [],
      },
      'email': None,
      'id': '19',
      'job': None,
      'name': '发起备件申领',
      'phone': '123456',
      'roles': [
        {
          '__typename': 'Role',
          'id': '20',
          'name': '发起备件申领',
          'permissions': [{'id': '9', 'scopes':...(len=158),
        },
      ],
      'status': 'ACTIVATED',
    },
  },
  'errors': None,
}

2020-09-17 15:14:39,618 - GraphqlClient.py - send_request - DEBUG -http://192.168.1.175:8888/graphql/?createRole
2020-09-17 15:14:39,618 - GraphqlClient.py - send_request - DEBUG -{'Content-Type': 'application/json', 'authorization': 'Token eyJ0eXAiOiJKV1QiLCJhbGciOiJIUzI1NiJ9.eyJjcmVkZW50aWFscyI6eyJlbXBsb3llZV9pZCI6MSwiaXNfYWRtaW5fIjp0cnVlfSwidXNlciI6eyJpZCI6MSwiY29tcGFueV9pZCI6MSwibmFtZSI6Ilx1N2JhMVx1NzQwNlx1NTQ1OCIsImRlcGFydG1lbnRfaWQiOjEsImNvZGUiOm51bGwsInBob25lIjpudWxsLCJqb2IiOm51bGwsImVtYWlsIjpudWxsLCJhY2NvdW50IjoiYWRtaW4iLCJzdGF0dXMiOiJBQ1RJVkFURUQiLCJyb2xlcyI6bnVsbH0sImV4cCI6MTYwMDQxMzI3MX0.WnSzC1YULnAQt7xvthFCPrRlAMeOE4I5Hhq0yyP4rI0'}
2020-09-17 15:14:39,619 - GraphqlClient.py - send_request - DEBUG -{
  'input': {
    'name': '查看、发起、反馈巡检单',
    'permissions': [
      {
        'id': '15',
      },
    ],
  },
}

2020-09-17 15:14:39,662 - GraphqlClient.py - send_request - DEBUG -{
  'data': {
    'createRole': {
      '__typename': 'Role',
      'id': '21',
      'name': '查看、发起、反馈巡检单',
      'permissions': [
        {
          '__typename': 'Permission',
          'description': '查看、发起、反馈巡检单',
          'id': '15',
          'scopes': ['/mutation/createThingInspection',...(len=166),
        },
      ],
    },
  },
  'errors': None,
}

2020-09-17 15:14:39,663 - GraphqlClient.py - send_request - DEBUG -http://192.168.1.175:8888/graphql/?createEmployee
2020-09-17 15:14:39,663 - GraphqlClient.py - send_request - DEBUG -{'Content-Type': 'application/json', 'authorization': 'Token eyJ0eXAiOiJKV1QiLCJhbGciOiJIUzI1NiJ9.eyJjcmVkZW50aWFscyI6eyJlbXBsb3llZV9pZCI6MSwiaXNfYWRtaW5fIjp0cnVlfSwidXNlciI6eyJpZCI6MSwiY29tcGFueV9pZCI6MSwibmFtZSI6Ilx1N2JhMVx1NzQwNlx1NTQ1OCIsImRlcGFydG1lbnRfaWQiOjEsImNvZGUiOm51bGwsInBob25lIjpudWxsLCJqb2IiOm51bGwsImVtYWlsIjpudWxsLCJhY2NvdW50IjoiYWRtaW4iLCJzdGF0dXMiOiJBQ1RJVkFURUQiLCJyb2xlcyI6bnVsbH0sImV4cCI6MTYwMDQxMzI3MX0.WnSzC1YULnAQt7xvthFCPrRlAMeOE4I5Hhq0yyP4rI0'}
2020-09-17 15:14:39,676 - GraphqlClient.py - send_request - DEBUG -{
  'input': {
    'account': 'admin14',
    'code': 'vceza',
    'department': {
      'id': 1,
    },
    'name': '查看、发起、反馈巡检单',
    'password': '123456',
    'phone': '123456',
    'roles': [
      {
        'id': '21',
      },
    ],
    'status': 'ACTIVATED',
  },
}

2020-09-17 15:14:40,133 - GraphqlClient.py - send_request - DEBUG -{
  'data': {
    'createEmployee': {
      '__typename': 'Employee',
      'account': 'admin14',
      'code': 'vceza',
      'department': {
        '__typename': 'Department',
        'headcount': 16,
        'id': '1',
        'name': '喜临门家具股份有限公司',
        'parentPath': [],
        'subsidiaries': [],
      },
      'email': None,
      'id': '20',
      'job': None,
      'name': '查看、发起、反馈巡检单',
      'phone': '123456',
      'roles': [
        {
          '__typename': 'Role',
          'id': '21',
          'name': '查看、发起、反馈巡检单',
          'permissions': [{'id': '15', 'scopes':...(len=261),
        },
      ],
      'status': 'ACTIVATED',
    },
  },
  'errors': None,
}

2020-09-17 15:14:40,134 - GraphqlClient.py - send_request - DEBUG -http://192.168.1.175:8888/graphql/?createRole
2020-09-17 15:14:40,134 - GraphqlClient.py - send_request - DEBUG -{'Content-Type': 'application/json', 'authorization': 'Token eyJ0eXAiOiJKV1QiLCJhbGciOiJIUzI1NiJ9.eyJjcmVkZW50aWFscyI6eyJlbXBsb3llZV9pZCI6MSwiaXNfYWRtaW5fIjp0cnVlfSwidXNlciI6eyJpZCI6MSwiY29tcGFueV9pZCI6MSwibmFtZSI6Ilx1N2JhMVx1NzQwNlx1NTQ1OCIsImRlcGFydG1lbnRfaWQiOjEsImNvZGUiOm51bGwsInBob25lIjpudWxsLCJqb2IiOm51bGwsImVtYWlsIjpudWxsLCJhY2NvdW50IjoiYWRtaW4iLCJzdGF0dXMiOiJBQ1RJVkFURUQiLCJyb2xlcyI6bnVsbH0sImV4cCI6MTYwMDQxMzI3MX0.WnSzC1YULnAQt7xvthFCPrRlAMeOE4I5Hhq0yyP4rI0'}
2020-09-17 15:14:40,136 - GraphqlClient.py - send_request - DEBUG -{
  'input': {
    'name': '查看巡检方案',
    'permissions': [
      {
        'id': '12',
      },
    ],
  },
}

2020-09-17 15:14:40,194 - GraphqlClient.py - send_request - DEBUG -{
  'data': {
    'createRole': {
      '__typename': 'Role',
      'id': '22',
      'name': '查看巡检方案',
      'permissions': [
        {
          '__typename': 'Permission',
          'description': '查看巡检方案',
          'id': '12',
          'scopes': ['/query/thingInspectionRule',...(len=61),
        },
      ],
    },
  },
  'errors': None,
}

2020-09-17 15:14:40,194 - GraphqlClient.py - send_request - DEBUG -http://192.168.1.175:8888/graphql/?createEmployee
2020-09-17 15:14:40,194 - GraphqlClient.py - send_request - DEBUG -{'Content-Type': 'application/json', 'authorization': 'Token eyJ0eXAiOiJKV1QiLCJhbGciOiJIUzI1NiJ9.eyJjcmVkZW50aWFscyI6eyJlbXBsb3llZV9pZCI6MSwiaXNfYWRtaW5fIjp0cnVlfSwidXNlciI6eyJpZCI6MSwiY29tcGFueV9pZCI6MSwibmFtZSI6Ilx1N2JhMVx1NzQwNlx1NTQ1OCIsImRlcGFydG1lbnRfaWQiOjEsImNvZGUiOm51bGwsInBob25lIjpudWxsLCJqb2IiOm51bGwsImVtYWlsIjpudWxsLCJhY2NvdW50IjoiYWRtaW4iLCJzdGF0dXMiOiJBQ1RJVkFURUQiLCJyb2xlcyI6bnVsbH0sImV4cCI6MTYwMDQxMzI3MX0.WnSzC1YULnAQt7xvthFCPrRlAMeOE4I5Hhq0yyP4rI0'}
2020-09-17 15:14:40,196 - GraphqlClient.py - send_request - DEBUG -{
  'input': {
    'account': 'admin15',
    'code': 'usooe',
    'department': {
      'id': 1,
    },
    'name': '查看巡检方案',
    'password': '123456',
    'phone': '123456',
    'roles': [
      {
        'id': '22',
      },
    ],
    'status': 'ACTIVATED',
  },
}

2020-09-17 15:14:40,731 - GraphqlClient.py - send_request - DEBUG -{
  'data': {
    'createEmployee': {
      '__typename': 'Employee',
      'account': 'admin15',
      'code': 'usooe',
      'department': {
        '__typename': 'Department',
        'headcount': 17,
        'id': '1',
        'name': '喜临门家具股份有限公司',
        'parentPath': [],
        'subsidiaries': [],
      },
      'email': None,
      'id': '21',
      'job': None,
      'name': '查看巡检方案',
      'phone': '123456',
      'roles': [
        {
          '__typename': 'Role',
          'id': '22',
          'name': '查看巡检方案',
          'permissions': [{'id': '12', 'scopes':...(len=146),
        },
      ],
      'status': 'ACTIVATED',
    },
  },
  'errors': None,
}

2020-09-17 15:14:40,732 - GraphqlClient.py - send_request - DEBUG -http://192.168.1.175:8888/graphql/?createRole
2020-09-17 15:14:40,732 - GraphqlClient.py - send_request - DEBUG -{'Content-Type': 'application/json', 'authorization': 'Token eyJ0eXAiOiJKV1QiLCJhbGciOiJIUzI1NiJ9.eyJjcmVkZW50aWFscyI6eyJlbXBsb3llZV9pZCI6MSwiaXNfYWRtaW5fIjp0cnVlfSwidXNlciI6eyJpZCI6MSwiY29tcGFueV9pZCI6MSwibmFtZSI6Ilx1N2JhMVx1NzQwNlx1NTQ1OCIsImRlcGFydG1lbnRfaWQiOjEsImNvZGUiOm51bGwsInBob25lIjpudWxsLCJqb2IiOm51bGwsImVtYWlsIjpudWxsLCJhY2NvdW50IjoiYWRtaW4iLCJzdGF0dXMiOiJBQ1RJVkFURUQiLCJyb2xlcyI6bnVsbH0sImV4cCI6MTYwMDQxMzI3MX0.WnSzC1YULnAQt7xvthFCPrRlAMeOE4I5Hhq0yyP4rI0'}
2020-09-17 15:14:40,735 - GraphqlClient.py - send_request - DEBUG -{
  'input': {
    'name': '编辑巡检方案',
    'permissions': [
      {
        'id': '13',
      },
    ],
  },
}

2020-09-17 15:14:40,803 - GraphqlClient.py - send_request - DEBUG -{
  'data': {
    'createRole': {
      '__typename': 'Role',
      'id': '23',
      'name': '编辑巡检方案',
      'permissions': [
        {
          '__typename': 'Permission',
          'description': '编辑巡检方案',
          'id': '13',
          'scopes': ['/mutation/createThingInspectionRule',...(len=113),
        },
      ],
    },
  },
  'errors': None,
}

2020-09-17 15:14:40,804 - GraphqlClient.py - send_request - DEBUG -http://192.168.1.175:8888/graphql/?createEmployee
2020-09-17 15:14:40,804 - GraphqlClient.py - send_request - DEBUG -{'Content-Type': 'application/json', 'authorization': 'Token eyJ0eXAiOiJKV1QiLCJhbGciOiJIUzI1NiJ9.eyJjcmVkZW50aWFscyI6eyJlbXBsb3llZV9pZCI6MSwiaXNfYWRtaW5fIjp0cnVlfSwidXNlciI6eyJpZCI6MSwiY29tcGFueV9pZCI6MSwibmFtZSI6Ilx1N2JhMVx1NzQwNlx1NTQ1OCIsImRlcGFydG1lbnRfaWQiOjEsImNvZGUiOm51bGwsInBob25lIjpudWxsLCJqb2IiOm51bGwsImVtYWlsIjpudWxsLCJhY2NvdW50IjoiYWRtaW4iLCJzdGF0dXMiOiJBQ1RJVkFURUQiLCJyb2xlcyI6bnVsbH0sImV4cCI6MTYwMDQxMzI3MX0.WnSzC1YULnAQt7xvthFCPrRlAMeOE4I5Hhq0yyP4rI0'}
2020-09-17 15:14:40,806 - GraphqlClient.py - send_request - DEBUG -{
  'input': {
    'account': 'admin16',
    'code': 'xpvbr',
    'department': {
      'id': 1,
    },
    'name': '编辑巡检方案',
    'password': '123456',
    'phone': '123456',
    'roles': [
      {
        'id': '23',
      },
    ],
    'status': 'ACTIVATED',
  },
}

2020-09-17 15:14:42,869 - GraphqlClient.py - send_request - DEBUG -{
  'data': {
    'createEmployee': {
      '__typename': 'Employee',
      'account': 'admin16',
      'code': 'xpvbr',
      'department': {
        '__typename': 'Department',
        'headcount': 18,
        'id': '1',
        'name': '喜临门家具股份有限公司',
        'parentPath': [],
        'subsidiaries': [],
      },
      'email': None,
      'id': '22',
      'job': None,
      'name': '编辑巡检方案',
      'phone': '123456',
      'roles': [
        {
          '__typename': 'Role',
          'id': '23',
          'name': '编辑巡检方案',
          'permissions': [{'id': '13', 'scopes':...(len=198),
        },
      ],
      'status': 'ACTIVATED',
    },
  },
  'errors': None,
}

2020-09-17 15:14:42,870 - GraphqlClient.py - send_request - DEBUG -http://192.168.1.175:8888/graphql/?createRole
2020-09-17 15:14:42,870 - GraphqlClient.py - send_request - DEBUG -{'Content-Type': 'application/json', 'authorization': 'Token eyJ0eXAiOiJKV1QiLCJhbGciOiJIUzI1NiJ9.eyJjcmVkZW50aWFscyI6eyJlbXBsb3llZV9pZCI6MSwiaXNfYWRtaW5fIjp0cnVlfSwidXNlciI6eyJpZCI6MSwiY29tcGFueV9pZCI6MSwibmFtZSI6Ilx1N2JhMVx1NzQwNlx1NTQ1OCIsImRlcGFydG1lbnRfaWQiOjEsImNvZGUiOm51bGwsInBob25lIjpudWxsLCJqb2IiOm51bGwsImVtYWlsIjpudWxsLCJhY2NvdW50IjoiYWRtaW4iLCJzdGF0dXMiOiJBQ1RJVkFURUQiLCJyb2xlcyI6bnVsbH0sImV4cCI6MTYwMDQxMzI3MX0.WnSzC1YULnAQt7xvthFCPrRlAMeOE4I5Hhq0yyP4rI0'}
2020-09-17 15:14:42,871 - GraphqlClient.py - send_request - DEBUG -{
  'input': {
    'name': '查看、发起、审核巡检单',
    'permissions': [
      {
        'id': '14',
      },
    ],
  },
}

2020-09-17 15:14:42,995 - GraphqlClient.py - send_request - DEBUG -{
  'data': {
    'createRole': {
      '__typename': 'Role',
      'id': '24',
      'name': '查看、发起、审核巡检单',
      'permissions': [
        {
          '__typename': 'Permission',
          'description': '查看、发起、审核巡检单',
          'id': '14',
          'scopes': ['/mutation/createThingInspection',...(len=164),
        },
      ],
    },
  },
  'errors': None,
}

2020-09-17 15:14:42,995 - GraphqlClient.py - send_request - DEBUG -http://192.168.1.175:8888/graphql/?createEmployee
2020-09-17 15:14:42,996 - GraphqlClient.py - send_request - DEBUG -{'Content-Type': 'application/json', 'authorization': 'Token eyJ0eXAiOiJKV1QiLCJhbGciOiJIUzI1NiJ9.eyJjcmVkZW50aWFscyI6eyJlbXBsb3llZV9pZCI6MSwiaXNfYWRtaW5fIjp0cnVlfSwidXNlciI6eyJpZCI6MSwiY29tcGFueV9pZCI6MSwibmFtZSI6Ilx1N2JhMVx1NzQwNlx1NTQ1OCIsImRlcGFydG1lbnRfaWQiOjEsImNvZGUiOm51bGwsInBob25lIjpudWxsLCJqb2IiOm51bGwsImVtYWlsIjpudWxsLCJhY2NvdW50IjoiYWRtaW4iLCJzdGF0dXMiOiJBQ1RJVkFURUQiLCJyb2xlcyI6bnVsbH0sImV4cCI6MTYwMDQxMzI3MX0.WnSzC1YULnAQt7xvthFCPrRlAMeOE4I5Hhq0yyP4rI0'}
2020-09-17 15:14:43,001 - GraphqlClient.py - send_request - DEBUG -{
  'input': {
    'account': 'admin17',
    'code': 'uqhrk',
    'department': {
      'id': 1,
    },
    'name': '查看、发起、审核巡检单',
    'password': '123456',
    'phone': '123456',
    'roles': [
      {
        'id': '24',
      },
    ],
    'status': 'ACTIVATED',
  },
}

2020-09-17 15:14:44,909 - GraphqlClient.py - send_request - DEBUG -{
  'data': {
    'createEmployee': {
      '__typename': 'Employee',
      'account': 'admin17',
      'code': 'uqhrk',
      'department': {
        '__typename': 'Department',
        'headcount': 19,
        'id': '1',
        'name': '喜临门家具股份有限公司',
        'parentPath': [],
        'subsidiaries': [],
      },
      'email': None,
      'id': '23',
      'job': None,
      'name': '查看、发起、审核巡检单',
      'phone': '123456',
      'roles': [
        {
          '__typename': 'Role',
          'id': '24',
          'name': '查看、发起、审核巡检单',
          'permissions': [{'id': '14', 'scopes':...(len=259),
        },
      ],
      'status': 'ACTIVATED',
    },
  },
  'errors': None,
}

2020-09-17 15:14:44,910 - GraphqlClient.py - send_request - DEBUG -http://192.168.1.175:8888/graphql/?createRole
2020-09-17 15:14:44,910 - GraphqlClient.py - send_request - DEBUG -{'Content-Type': 'application/json', 'authorization': 'Token eyJ0eXAiOiJKV1QiLCJhbGciOiJIUzI1NiJ9.eyJjcmVkZW50aWFscyI6eyJlbXBsb3llZV9pZCI6MSwiaXNfYWRtaW5fIjp0cnVlfSwidXNlciI6eyJpZCI6MSwiY29tcGFueV9pZCI6MSwibmFtZSI6Ilx1N2JhMVx1NzQwNlx1NTQ1OCIsImRlcGFydG1lbnRfaWQiOjEsImNvZGUiOm51bGwsInBob25lIjpudWxsLCJqb2IiOm51bGwsImVtYWlsIjpudWxsLCJhY2NvdW50IjoiYWRtaW4iLCJzdGF0dXMiOiJBQ1RJVkFURUQiLCJyb2xlcyI6bnVsbH0sImV4cCI6MTYwMDQxMzI3MX0.WnSzC1YULnAQt7xvthFCPrRlAMeOE4I5Hhq0yyP4rI0'}
2020-09-17 15:14:44,911 - GraphqlClient.py - send_request - DEBUG -{
  'input': {
    'name': '查看所有报表',
    'permissions': [
      {
        'id': '26',
      },
    ],
  },
}

2020-09-17 15:14:44,995 - GraphqlClient.py - send_request - DEBUG -{
  'data': {
    'createRole': {
      '__typename': 'Role',
      'id': '25',
      'name': '查看所有报表',
      'permissions': [
        {
          '__typename': 'Permission',
          'description': '查看所有报表',
          'id': '26',
          'scopes': [],
        },
      ],
    },
  },
  'errors': None,
}

2020-09-17 15:14:44,995 - GraphqlClient.py - send_request - DEBUG -http://192.168.1.175:8888/graphql/?createEmployee
2020-09-17 15:14:44,995 - GraphqlClient.py - send_request - DEBUG -{'Content-Type': 'application/json', 'authorization': 'Token eyJ0eXAiOiJKV1QiLCJhbGciOiJIUzI1NiJ9.eyJjcmVkZW50aWFscyI6eyJlbXBsb3llZV9pZCI6MSwiaXNfYWRtaW5fIjp0cnVlfSwidXNlciI6eyJpZCI6MSwiY29tcGFueV9pZCI6MSwibmFtZSI6Ilx1N2JhMVx1NzQwNlx1NTQ1OCIsImRlcGFydG1lbnRfaWQiOjEsImNvZGUiOm51bGwsInBob25lIjpudWxsLCJqb2IiOm51bGwsImVtYWlsIjpudWxsLCJhY2NvdW50IjoiYWRtaW4iLCJzdGF0dXMiOiJBQ1RJVkFURUQiLCJyb2xlcyI6bnVsbH0sImV4cCI6MTYwMDQxMzI3MX0.WnSzC1YULnAQt7xvthFCPrRlAMeOE4I5Hhq0yyP4rI0'}
2020-09-17 15:14:44,998 - GraphqlClient.py - send_request - DEBUG -{
  'input': {
    'account': 'admin18',
    'code': 'qvbri',
    'department': {
      'id': 1,
    },
    'name': '查看所有报表',
    'password': '123456',
    'phone': '123456',
    'roles': [
      {
        'id': '25',
      },
    ],
    'status': 'ACTIVATED',
  },
}

2020-09-17 15:14:46,086 - GraphqlClient.py - send_request - DEBUG -{
  'data': {
    'createEmployee': {
      '__typename': 'Employee',
      'account': 'admin18',
      'code': 'qvbri',
      'department': {
        '__typename': 'Department',
        'headcount': 20,
        'id': '1',
        'name': '喜临门家具股份有限公司',
        'parentPath': [],
        'subsidiaries': [],
      },
      'email': None,
      'id': '24',
      'job': None,
      'name': '查看所有报表',
      'phone': '123456',
      'roles': [
        {
          '__typename': 'Role',
          'id': '25',
          'name': '查看所有报表',
          'permissions': [{'id': '26', 'scopes': [], 'description':...(len=87),
        },
      ],
      'status': 'ACTIVATED',
    },
  },
  'errors': None,
}

2020-09-17 15:14:46,087 - GraphqlClient.py - send_request - DEBUG -http://192.168.1.175:8888/graphql/?createRole
2020-09-17 15:14:46,087 - GraphqlClient.py - send_request - DEBUG -{'Content-Type': 'application/json', 'authorization': 'Token eyJ0eXAiOiJKV1QiLCJhbGciOiJIUzI1NiJ9.eyJjcmVkZW50aWFscyI6eyJlbXBsb3llZV9pZCI6MSwiaXNfYWRtaW5fIjp0cnVlfSwidXNlciI6eyJpZCI6MSwiY29tcGFueV9pZCI6MSwibmFtZSI6Ilx1N2JhMVx1NzQwNlx1NTQ1OCIsImRlcGFydG1lbnRfaWQiOjEsImNvZGUiOm51bGwsInBob25lIjpudWxsLCJqb2IiOm51bGwsImVtYWlsIjpudWxsLCJhY2NvdW50IjoiYWRtaW4iLCJzdGF0dXMiOiJBQ1RJVkFURUQiLCJyb2xlcyI6bnVsbH0sImV4cCI6MTYwMDQxMzI3MX0.WnSzC1YULnAQt7xvthFCPrRlAMeOE4I5Hhq0yyP4rI0'}
2020-09-17 15:14:46,088 - GraphqlClient.py - send_request - DEBUG -{
  'input': {
    'name': '查看、发起、审核维修单',
    'permissions': [
      {
        'id': '10',
      },
    ],
  },
}

2020-09-17 15:14:46,175 - GraphqlClient.py - send_request - DEBUG -{
  'data': {
    'createRole': {
      '__typename': 'Role',
      'id': '26',
      'name': '查看、发起、审核维修单',
      'permissions': [
        {
          '__typename': 'Permission',
          'description': '查看、发起、审核维修单',
          'id': '10',
          'scopes': ['/query/thingRepairs', '/query/thingRepair',...(len=176),
        },
      ],
    },
  },
  'errors': None,
}

2020-09-17 15:14:46,176 - GraphqlClient.py - send_request - DEBUG -http://192.168.1.175:8888/graphql/?createEmployee
2020-09-17 15:14:46,177 - GraphqlClient.py - send_request - DEBUG -{'Content-Type': 'application/json', 'authorization': 'Token eyJ0eXAiOiJKV1QiLCJhbGciOiJIUzI1NiJ9.eyJjcmVkZW50aWFscyI6eyJlbXBsb3llZV9pZCI6MSwiaXNfYWRtaW5fIjp0cnVlfSwidXNlciI6eyJpZCI6MSwiY29tcGFueV9pZCI6MSwibmFtZSI6Ilx1N2JhMVx1NzQwNlx1NTQ1OCIsImRlcGFydG1lbnRfaWQiOjEsImNvZGUiOm51bGwsInBob25lIjpudWxsLCJqb2IiOm51bGwsImVtYWlsIjpudWxsLCJhY2NvdW50IjoiYWRtaW4iLCJzdGF0dXMiOiJBQ1RJVkFURUQiLCJyb2xlcyI6bnVsbH0sImV4cCI6MTYwMDQxMzI3MX0.WnSzC1YULnAQt7xvthFCPrRlAMeOE4I5Hhq0yyP4rI0'}
2020-09-17 15:14:46,180 - GraphqlClient.py - send_request - DEBUG -{
  'input': {
    'account': 'admin19',
    'code': 'dvqwj',
    'department': {
      'id': 1,
    },
    'name': '查看、发起、审核维修单',
    'password': '123456',
    'phone': '123456',
    'roles': [
      {
        'id': '26',
      },
    ],
    'status': 'ACTIVATED',
  },
}

2020-09-17 15:14:46,377 - GraphqlClient.py - send_request - DEBUG -{
  'data': {
    'createEmployee': {
      '__typename': 'Employee',
      'account': 'admin19',
      'code': 'dvqwj',
      'department': {
        '__typename': 'Department',
        'headcount': 21,
        'id': '1',
        'name': '喜临门家具股份有限公司',
        'parentPath': [],
        'subsidiaries': [],
      },
      'email': None,
      'id': '25',
      'job': None,
      'name': '查看、发起、审核维修单',
      'phone': '123456',
      'roles': [
        {
          '__typename': 'Role',
          'id': '26',
          'name': '查看、发起、审核维修单',
          'permissions': [{'id': '10', 'scopes':...(len=271),
        },
      ],
      'status': 'ACTIVATED',
    },
  },
  'errors': None,
}

2020-09-17 15:14:46,378 - GraphqlClient.py - send_request - DEBUG -http://192.168.1.175:8888/graphql/?createRole
2020-09-17 15:14:46,378 - GraphqlClient.py - send_request - DEBUG -{'Content-Type': 'application/json', 'authorization': 'Token eyJ0eXAiOiJKV1QiLCJhbGciOiJIUzI1NiJ9.eyJjcmVkZW50aWFscyI6eyJlbXBsb3llZV9pZCI6MSwiaXNfYWRtaW5fIjp0cnVlfSwidXNlciI6eyJpZCI6MSwiY29tcGFueV9pZCI6MSwibmFtZSI6Ilx1N2JhMVx1NzQwNlx1NTQ1OCIsImRlcGFydG1lbnRfaWQiOjEsImNvZGUiOm51bGwsInBob25lIjpudWxsLCJqb2IiOm51bGwsImVtYWlsIjpudWxsLCJhY2NvdW50IjoiYWRtaW4iLCJzdGF0dXMiOiJBQ1RJVkFURUQiLCJyb2xlcyI6bnVsbH0sImV4cCI6MTYwMDQxMzI3MX0.WnSzC1YULnAQt7xvthFCPrRlAMeOE4I5Hhq0yyP4rI0'}
2020-09-17 15:14:46,379 - GraphqlClient.py - send_request - DEBUG -{
  'input': {
    'name': '查看、发起、反馈维修单',
    'permissions': [
      {
        'id': '11',
      },
    ],
  },
}

2020-09-17 15:14:46,458 - GraphqlClient.py - send_request - DEBUG -{
  'data': {
    'createRole': {
      '__typename': 'Role',
      'id': '27',
      'name': '查看、发起、反馈维修单',
      'permissions': [
        {
          '__typename': 'Permission',
          'description': '查看、发起、反馈维修单',
          'id': '11',
          'scopes': ['/query/thingRepairs', '/query/thingRepair',...(len=178),
        },
      ],
    },
  },
  'errors': None,
}

2020-09-17 15:14:46,458 - GraphqlClient.py - send_request - DEBUG -http://192.168.1.175:8888/graphql/?createEmployee
2020-09-17 15:14:46,458 - GraphqlClient.py - send_request - DEBUG -{'Content-Type': 'application/json', 'authorization': 'Token eyJ0eXAiOiJKV1QiLCJhbGciOiJIUzI1NiJ9.eyJjcmVkZW50aWFscyI6eyJlbXBsb3llZV9pZCI6MSwiaXNfYWRtaW5fIjp0cnVlfSwidXNlciI6eyJpZCI6MSwiY29tcGFueV9pZCI6MSwibmFtZSI6Ilx1N2JhMVx1NzQwNlx1NTQ1OCIsImRlcGFydG1lbnRfaWQiOjEsImNvZGUiOm51bGwsInBob25lIjpudWxsLCJqb2IiOm51bGwsImVtYWlsIjpudWxsLCJhY2NvdW50IjoiYWRtaW4iLCJzdGF0dXMiOiJBQ1RJVkFURUQiLCJyb2xlcyI6bnVsbH0sImV4cCI6MTYwMDQxMzI3MX0.WnSzC1YULnAQt7xvthFCPrRlAMeOE4I5Hhq0yyP4rI0'}
2020-09-17 15:14:46,461 - GraphqlClient.py - send_request - DEBUG -{
  'input': {
    'account': 'admin20',
    'code': 'bohfb',
    'department': {
      'id': 1,
    },
    'name': '查看、发起、反馈维修单',
    'password': '123456',
    'phone': '123456',
    'roles': [
      {
        'id': '27',
      },
    ],
    'status': 'ACTIVATED',
  },
}

2020-09-17 15:14:46,683 - GraphqlClient.py - send_request - DEBUG -{
  'data': {
    'createEmployee': {
      '__typename': 'Employee',
      'account': 'admin20',
      'code': 'bohfb',
      'department': {
        '__typename': 'Department',
        'headcount': 22,
        'id': '1',
        'name': '喜临门家具股份有限公司',
        'parentPath': [],
        'subsidiaries': [],
      },
      'email': None,
      'id': '26',
      'job': None,
      'name': '查看、发起、反馈维修单',
      'phone': '123456',
      'roles': [
        {
          '__typename': 'Role',
          'id': '27',
          'name': '查看、发起、反馈维修单',
          'permissions': [{'id': '11', 'scopes':...(len=273),
        },
      ],
      'status': 'ACTIVATED',
    },
  },
  'errors': None,
}

2020-09-17 15:14:46,683 - GraphqlClient.py - send_request - DEBUG -http://192.168.1.175:8888/graphql/?createRole
2020-09-17 15:14:46,683 - GraphqlClient.py - send_request - DEBUG -{'Content-Type': 'application/json', 'authorization': 'Token eyJ0eXAiOiJKV1QiLCJhbGciOiJIUzI1NiJ9.eyJjcmVkZW50aWFscyI6eyJlbXBsb3llZV9pZCI6MSwiaXNfYWRtaW5fIjp0cnVlfSwidXNlciI6eyJpZCI6MSwiY29tcGFueV9pZCI6MSwibmFtZSI6Ilx1N2JhMVx1NzQwNlx1NTQ1OCIsImRlcGFydG1lbnRfaWQiOjEsImNvZGUiOm51bGwsInBob25lIjpudWxsLCJqb2IiOm51bGwsImVtYWlsIjpudWxsLCJhY2NvdW50IjoiYWRtaW4iLCJzdGF0dXMiOiJBQ1RJVkFURUQiLCJyb2xlcyI6bnVsbH0sImV4cCI6MTYwMDQxMzI3MX0.WnSzC1YULnAQt7xvthFCPrRlAMeOE4I5Hhq0yyP4rI0'}
2020-09-17 15:14:46,684 - GraphqlClient.py - send_request - DEBUG -{
  'input': {
    'name': '自定义表单',
    'permissions': [
      {
        'id': '20',
      },
    ],
  },
}

2020-09-17 15:14:46,761 - GraphqlClient.py - send_request - DEBUG -{
  'data': {
    'createRole': {
      '__typename': 'Role',
      'id': '28',
      'name': '自定义表单',
      'permissions': [
        {
          '__typename': 'Permission',
          'description': '自定义表单',
          'id': '20',
          'scopes': ['/mutation/updateFormStruct'],
        },
      ],
    },
  },
  'errors': None,
}

2020-09-17 15:14:46,762 - GraphqlClient.py - send_request - DEBUG -http://192.168.1.175:8888/graphql/?createEmployee
2020-09-17 15:14:46,762 - GraphqlClient.py - send_request - DEBUG -{'Content-Type': 'application/json', 'authorization': 'Token eyJ0eXAiOiJKV1QiLCJhbGciOiJIUzI1NiJ9.eyJjcmVkZW50aWFscyI6eyJlbXBsb3llZV9pZCI6MSwiaXNfYWRtaW5fIjp0cnVlfSwidXNlciI6eyJpZCI6MSwiY29tcGFueV9pZCI6MSwibmFtZSI6Ilx1N2JhMVx1NzQwNlx1NTQ1OCIsImRlcGFydG1lbnRfaWQiOjEsImNvZGUiOm51bGwsInBob25lIjpudWxsLCJqb2IiOm51bGwsImVtYWlsIjpudWxsLCJhY2NvdW50IjoiYWRtaW4iLCJzdGF0dXMiOiJBQ1RJVkFURUQiLCJyb2xlcyI6bnVsbH0sImV4cCI6MTYwMDQxMzI3MX0.WnSzC1YULnAQt7xvthFCPrRlAMeOE4I5Hhq0yyP4rI0'}
2020-09-17 15:14:46,765 - GraphqlClient.py - send_request - DEBUG -{
  'input': {
    'account': 'admin21',
    'code': 'lgjcw',
    'department': {
      'id': 1,
    },
    'name': '自定义表单',
    'password': '123456',
    'phone': '123456',
    'roles': [
      {
        'id': '28',
      },
    ],
    'status': 'ACTIVATED',
  },
}

2020-09-17 15:14:46,996 - GraphqlClient.py - send_request - DEBUG -{
  'data': {
    'createEmployee': {
      '__typename': 'Employee',
      'account': 'admin21',
      'code': 'lgjcw',
      'department': {
        '__typename': 'Department',
        'headcount': 23,
        'id': '1',
        'name': '喜临门家具股份有限公司',
        'parentPath': [],
        'subsidiaries': [],
      },
      'email': None,
      'id': '27',
      'job': None,
      'name': '自定义表单',
      'phone': '123456',
      'roles': [
        {
          '__typename': 'Role',
          'id': '28',
          'name': '自定义表单',
          'permissions': [{'id': '20', 'scopes':...(len=113),
        },
      ],
      'status': 'ACTIVATED',
    },
  },
  'errors': None,
}

2020-09-17 15:14:46,996 - GraphqlClient.py - send_request - DEBUG -http://192.168.1.175:8888/graphql/?createRole
2020-09-17 15:14:46,996 - GraphqlClient.py - send_request - DEBUG -{'Content-Type': 'application/json', 'authorization': 'Token eyJ0eXAiOiJKV1QiLCJhbGciOiJIUzI1NiJ9.eyJjcmVkZW50aWFscyI6eyJlbXBsb3llZV9pZCI6MSwiaXNfYWRtaW5fIjp0cnVlfSwidXNlciI6eyJpZCI6MSwiY29tcGFueV9pZCI6MSwibmFtZSI6Ilx1N2JhMVx1NzQwNlx1NTQ1OCIsImRlcGFydG1lbnRfaWQiOjEsImNvZGUiOm51bGwsInBob25lIjpudWxsLCJqb2IiOm51bGwsImVtYWlsIjpudWxsLCJhY2NvdW50IjoiYWRtaW4iLCJzdGF0dXMiOiJBQ1RJVkFURUQiLCJyb2xlcyI6bnVsbH0sImV4cCI6MTYwMDQxMzI3MX0.WnSzC1YULnAQt7xvthFCPrRlAMeOE4I5Hhq0yyP4rI0'}
2020-09-17 15:14:46,997 - GraphqlClient.py - send_request - DEBUG -{
  'input': {
    'name': '查看隐藏字段',
    'permissions': [
      {
        'id': '21',
      },
    ],
  },
}

2020-09-17 15:14:47,090 - GraphqlClient.py - send_request - DEBUG -{
  'data': {
    'createRole': {
      '__typename': 'Role',
      'id': '29',
      'name': '查看隐藏字段',
      'permissions': [
        {
          '__typename': 'Permission',
          'description': '查看隐藏字段',
          'id': '21',
          'scopes': [],
        },
      ],
    },
  },
  'errors': None,
}

2020-09-17 15:14:47,090 - GraphqlClient.py - send_request - DEBUG -http://192.168.1.175:8888/graphql/?createEmployee
2020-09-17 15:14:47,090 - GraphqlClient.py - send_request - DEBUG -{'Content-Type': 'application/json', 'authorization': 'Token eyJ0eXAiOiJKV1QiLCJhbGciOiJIUzI1NiJ9.eyJjcmVkZW50aWFscyI6eyJlbXBsb3llZV9pZCI6MSwiaXNfYWRtaW5fIjp0cnVlfSwidXNlciI6eyJpZCI6MSwiY29tcGFueV9pZCI6MSwibmFtZSI6Ilx1N2JhMVx1NzQwNlx1NTQ1OCIsImRlcGFydG1lbnRfaWQiOjEsImNvZGUiOm51bGwsInBob25lIjpudWxsLCJqb2IiOm51bGwsImVtYWlsIjpudWxsLCJhY2NvdW50IjoiYWRtaW4iLCJzdGF0dXMiOiJBQ1RJVkFURUQiLCJyb2xlcyI6bnVsbH0sImV4cCI6MTYwMDQxMzI3MX0.WnSzC1YULnAQt7xvthFCPrRlAMeOE4I5Hhq0yyP4rI0'}
2020-09-17 15:14:47,094 - GraphqlClient.py - send_request - DEBUG -{
  'input': {
    'account': 'admin22',
    'code': 'etcrw',
    'department': {
      'id': 1,
    },
    'name': '查看隐藏字段',
    'password': '123456',
    'phone': '123456',
    'roles': [
      {
        'id': '29',
      },
    ],
    'status': 'ACTIVATED',
  },
}

2020-09-17 15:14:47,406 - GraphqlClient.py - send_request - DEBUG -{
  'data': {
    'createEmployee': {
      '__typename': 'Employee',
      'account': 'admin22',
      'code': 'etcrw',
      'department': {
        '__typename': 'Department',
        'headcount': 24,
        'id': '1',
        'name': '喜临门家具股份有限公司',
        'parentPath': [],
        'subsidiaries': [],
      },
      'email': None,
      'id': '28',
      'job': None,
      'name': '查看隐藏字段',
      'phone': '123456',
      'roles': [
        {
          '__typename': 'Role',
          'id': '29',
          'name': '查看隐藏字段',
          'permissions': [{'id': '21', 'scopes': [], 'description':...(len=87),
        },
      ],
      'status': 'ACTIVATED',
    },
  },
  'errors': None,
}

2020-09-17 15:14:47,406 - GraphqlClient.py - send_request - DEBUG -http://192.168.1.175:8888/graphql/?createRole
2020-09-17 15:14:47,406 - GraphqlClient.py - send_request - DEBUG -{'Content-Type': 'application/json', 'authorization': 'Token eyJ0eXAiOiJKV1QiLCJhbGciOiJIUzI1NiJ9.eyJjcmVkZW50aWFscyI6eyJlbXBsb3llZV9pZCI6MSwiaXNfYWRtaW5fIjp0cnVlfSwidXNlciI6eyJpZCI6MSwiY29tcGFueV9pZCI6MSwibmFtZSI6Ilx1N2JhMVx1NzQwNlx1NTQ1OCIsImRlcGFydG1lbnRfaWQiOjEsImNvZGUiOm51bGwsInBob25lIjpudWxsLCJqb2IiOm51bGwsImVtYWlsIjpudWxsLCJhY2NvdW50IjoiYWRtaW4iLCJzdGF0dXMiOiJBQ1RJVkFURUQiLCJyb2xlcyI6bnVsbH0sImV4cCI6MTYwMDQxMzI3MX0.WnSzC1YULnAQt7xvthFCPrRlAMeOE4I5Hhq0yyP4rI0'}
2020-09-17 15:14:47,408 - GraphqlClient.py - send_request - DEBUG -{
  'input': {
    'name': '查看组织架构及人员',
    'permissions': [
      {
        'id': '22',
      },
    ],
  },
}

2020-09-17 15:14:47,477 - GraphqlClient.py - send_request - DEBUG -{
  'data': {
    'createRole': {
      '__typename': 'Role',
      'id': '30',
      'name': '查看组织架构及人员',
      'permissions': [
        {
          '__typename': 'Permission',
          'description': '查看组织架构及人员',
          'id': '22',
          'scopes': ['/query/departments', '/query/employees'],
        },
      ],
    },
  },
  'errors': None,
}

2020-09-17 15:14:47,477 - GraphqlClient.py - send_request - DEBUG -http://192.168.1.175:8888/graphql/?createEmployee
2020-09-17 15:14:47,477 - GraphqlClient.py - send_request - DEBUG -{'Content-Type': 'application/json', 'authorization': 'Token eyJ0eXAiOiJKV1QiLCJhbGciOiJIUzI1NiJ9.eyJjcmVkZW50aWFscyI6eyJlbXBsb3llZV9pZCI6MSwiaXNfYWRtaW5fIjp0cnVlfSwidXNlciI6eyJpZCI6MSwiY29tcGFueV9pZCI6MSwibmFtZSI6Ilx1N2JhMVx1NzQwNlx1NTQ1OCIsImRlcGFydG1lbnRfaWQiOjEsImNvZGUiOm51bGwsInBob25lIjpudWxsLCJqb2IiOm51bGwsImVtYWlsIjpudWxsLCJhY2NvdW50IjoiYWRtaW4iLCJzdGF0dXMiOiJBQ1RJVkFURUQiLCJyb2xlcyI6bnVsbH0sImV4cCI6MTYwMDQxMzI3MX0.WnSzC1YULnAQt7xvthFCPrRlAMeOE4I5Hhq0yyP4rI0'}
2020-09-17 15:14:47,482 - GraphqlClient.py - send_request - DEBUG -{
  'input': {
    'account': 'admin23',
    'code': 'cesqw',
    'department': {
      'id': 1,
    },
    'name': '查看组织架构及人员',
    'password': '123456',
    'phone': '123456',
    'roles': [
      {
        'id': '30',
      },
    ],
    'status': 'ACTIVATED',
  },
}

2020-09-17 15:14:47,954 - GraphqlClient.py - send_request - DEBUG -{
  'data': {
    'createEmployee': {
      '__typename': 'Employee',
      'account': 'admin23',
      'code': 'cesqw',
      'department': {
        '__typename': 'Department',
        'headcount': 25,
        'id': '1',
        'name': '喜临门家具股份有限公司',
        'parentPath': [],
        'subsidiaries': [],
      },
      'email': None,
      'id': '29',
      'job': None,
      'name': '查看组织架构及人员',
      'phone': '123456',
      'roles': [
        {
          '__typename': 'Role',
          'id': '30',
          'name': '查看组织架构及人员',
          'permissions': [{'id': '22', 'scopes':...(len=133),
        },
      ],
      'status': 'ACTIVATED',
    },
  },
  'errors': None,
}

2020-09-17 15:14:47,955 - GraphqlClient.py - send_request - DEBUG -http://192.168.1.175:8888/graphql/?createRole
2020-09-17 15:14:47,955 - GraphqlClient.py - send_request - DEBUG -{'Content-Type': 'application/json', 'authorization': 'Token eyJ0eXAiOiJKV1QiLCJhbGciOiJIUzI1NiJ9.eyJjcmVkZW50aWFscyI6eyJlbXBsb3llZV9pZCI6MSwiaXNfYWRtaW5fIjp0cnVlfSwidXNlciI6eyJpZCI6MSwiY29tcGFueV9pZCI6MSwibmFtZSI6Ilx1N2JhMVx1NzQwNlx1NTQ1OCIsImRlcGFydG1lbnRfaWQiOjEsImNvZGUiOm51bGwsInBob25lIjpudWxsLCJqb2IiOm51bGwsImVtYWlsIjpudWxsLCJhY2NvdW50IjoiYWRtaW4iLCJzdGF0dXMiOiJBQ1RJVkFURUQiLCJyb2xlcyI6bnVsbH0sImV4cCI6MTYwMDQxMzI3MX0.WnSzC1YULnAQt7xvthFCPrRlAMeOE4I5Hhq0yyP4rI0'}
2020-09-17 15:14:47,956 - GraphqlClient.py - send_request - DEBUG -{
  'input': {
    'name': '编辑组织架构及人员',
    'permissions': [
      {
        'id': '23',
      },
    ],
  },
}

2020-09-17 15:14:48,037 - GraphqlClient.py - send_request - DEBUG -{
  'data': {
    'createRole': {
      '__typename': 'Role',
      'id': '31',
      'name': '编辑组织架构及人员',
      'permissions': [
        {
          '__typename': 'Permission',
          'description': '编辑组织架构及人员',
          'id': '23',
          'scopes': ['/mutation/createDepartment',...(len=119),
        },
      ],
    },
  },
  'errors': None,
}

2020-09-17 15:14:48,038 - GraphqlClient.py - send_request - DEBUG -http://192.168.1.175:8888/graphql/?createEmployee
2020-09-17 15:14:48,038 - GraphqlClient.py - send_request - DEBUG -{'Content-Type': 'application/json', 'authorization': 'Token eyJ0eXAiOiJKV1QiLCJhbGciOiJIUzI1NiJ9.eyJjcmVkZW50aWFscyI6eyJlbXBsb3llZV9pZCI6MSwiaXNfYWRtaW5fIjp0cnVlfSwidXNlciI6eyJpZCI6MSwiY29tcGFueV9pZCI6MSwibmFtZSI6Ilx1N2JhMVx1NzQwNlx1NTQ1OCIsImRlcGFydG1lbnRfaWQiOjEsImNvZGUiOm51bGwsInBob25lIjpudWxsLCJqb2IiOm51bGwsImVtYWlsIjpudWxsLCJhY2NvdW50IjoiYWRtaW4iLCJzdGF0dXMiOiJBQ1RJVkFURUQiLCJyb2xlcyI6bnVsbH0sImV4cCI6MTYwMDQxMzI3MX0.WnSzC1YULnAQt7xvthFCPrRlAMeOE4I5Hhq0yyP4rI0'}
2020-09-17 15:14:48,041 - GraphqlClient.py - send_request - DEBUG -{
  'input': {
    'account': 'admin24',
    'code': 'bljwy',
    'department': {
      'id': 1,
    },
    'name': '编辑组织架构及人员',
    'password': '123456',
    'phone': '123456',
    'roles': [
      {
        'id': '31',
      },
    ],
    'status': 'ACTIVATED',
  },
}

2020-09-17 15:14:48,549 - GraphqlClient.py - send_request - DEBUG -{
  'data': {
    'createEmployee': {
      '__typename': 'Employee',
      'account': 'admin24',
      'code': 'bljwy',
      'department': {
        '__typename': 'Department',
        'headcount': 26,
        'id': '1',
        'name': '喜临门家具股份有限公司',
        'parentPath': [],
        'subsidiaries': [],
      },
      'email': None,
      'id': '30',
      'job': None,
      'name': '编辑组织架构及人员',
      'phone': '123456',
      'roles': [
        {
          '__typename': 'Role',
          'id': '31',
          'name': '编辑组织架构及人员',
          'permissions': [{'id': '23', 'scopes':...(len=210),
        },
      ],
      'status': 'ACTIVATED',
    },
  },
  'errors': None,
}

2020-09-17 15:14:48,550 - GraphqlClient.py - send_request - DEBUG -http://192.168.1.175:8888/graphql/?createRole
2020-09-17 15:14:48,550 - GraphqlClient.py - send_request - DEBUG -{'Content-Type': 'application/json', 'authorization': 'Token eyJ0eXAiOiJKV1QiLCJhbGciOiJIUzI1NiJ9.eyJjcmVkZW50aWFscyI6eyJlbXBsb3llZV9pZCI6MSwiaXNfYWRtaW5fIjp0cnVlfSwidXNlciI6eyJpZCI6MSwiY29tcGFueV9pZCI6MSwibmFtZSI6Ilx1N2JhMVx1NzQwNlx1NTQ1OCIsImRlcGFydG1lbnRfaWQiOjEsImNvZGUiOm51bGwsInBob25lIjpudWxsLCJqb2IiOm51bGwsImVtYWlsIjpudWxsLCJhY2NvdW50IjoiYWRtaW4iLCJzdGF0dXMiOiJBQ1RJVkFURUQiLCJyb2xlcyI6bnVsbH0sImV4cCI6MTYwMDQxMzI3MX0.WnSzC1YULnAQt7xvthFCPrRlAMeOE4I5Hhq0yyP4rI0'}
2020-09-17 15:14:48,551 - GraphqlClient.py - send_request - DEBUG -{
  'input': {
    'name': '查看角色权限',
    'permissions': [
      {
        'id': '24',
      },
    ],
  },
}

2020-09-17 15:14:48,693 - GraphqlClient.py - send_request - DEBUG -{
  'data': {
    'createRole': {
      '__typename': 'Role',
      'id': '32',
      'name': '查看角色权限',
      'permissions': [
        {
          '__typename': 'Permission',
          'description': '查看角色权限',
          'id': '24',
          'scopes': ['/query/permissionTable'],
        },
      ],
    },
  },
  'errors': None,
}

2020-09-17 15:14:48,693 - GraphqlClient.py - send_request - DEBUG -http://192.168.1.175:8888/graphql/?createEmployee
2020-09-17 15:14:48,694 - GraphqlClient.py - send_request - DEBUG -{'Content-Type': 'application/json', 'authorization': 'Token eyJ0eXAiOiJKV1QiLCJhbGciOiJIUzI1NiJ9.eyJjcmVkZW50aWFscyI6eyJlbXBsb3llZV9pZCI6MSwiaXNfYWRtaW5fIjp0cnVlfSwidXNlciI6eyJpZCI6MSwiY29tcGFueV9pZCI6MSwibmFtZSI6Ilx1N2JhMVx1NzQwNlx1NTQ1OCIsImRlcGFydG1lbnRfaWQiOjEsImNvZGUiOm51bGwsInBob25lIjpudWxsLCJqb2IiOm51bGwsImVtYWlsIjpudWxsLCJhY2NvdW50IjoiYWRtaW4iLCJzdGF0dXMiOiJBQ1RJVkFURUQiLCJyb2xlcyI6bnVsbH0sImV4cCI6MTYwMDQxMzI3MX0.WnSzC1YULnAQt7xvthFCPrRlAMeOE4I5Hhq0yyP4rI0'}
2020-09-17 15:14:48,697 - GraphqlClient.py - send_request - DEBUG -{
  'input': {
    'account': 'admin25',
    'code': 'gaglq',
    'department': {
      'id': 1,
    },
    'name': '查看角色权限',
    'password': '123456',
    'phone': '123456',
    'roles': [
      {
        'id': '32',
      },
    ],
    'status': 'ACTIVATED',
  },
}

2020-09-17 15:14:49,148 - GraphqlClient.py - send_request - DEBUG -{
  'data': {
    'createEmployee': {
      '__typename': 'Employee',
      'account': 'admin25',
      'code': 'gaglq',
      'department': {
        '__typename': 'Department',
        'headcount': 27,
        'id': '1',
        'name': '喜临门家具股份有限公司',
        'parentPath': [],
        'subsidiaries': [],
      },
      'email': None,
      'id': '31',
      'job': None,
      'name': '查看角色权限',
      'phone': '123456',
      'roles': [
        {
          '__typename': 'Role',
          'id': '32',
          'name': '查看角色权限',
          'permissions': [{'id': '24', 'scopes':...(len=111),
        },
      ],
      'status': 'ACTIVATED',
    },
  },
  'errors': None,
}

2020-09-17 15:14:49,148 - GraphqlClient.py - send_request - DEBUG -http://192.168.1.175:8888/graphql/?createRole
2020-09-17 15:14:49,148 - GraphqlClient.py - send_request - DEBUG -{'Content-Type': 'application/json', 'authorization': 'Token eyJ0eXAiOiJKV1QiLCJhbGciOiJIUzI1NiJ9.eyJjcmVkZW50aWFscyI6eyJlbXBsb3llZV9pZCI6MSwiaXNfYWRtaW5fIjp0cnVlfSwidXNlciI6eyJpZCI6MSwiY29tcGFueV9pZCI6MSwibmFtZSI6Ilx1N2JhMVx1NzQwNlx1NTQ1OCIsImRlcGFydG1lbnRfaWQiOjEsImNvZGUiOm51bGwsInBob25lIjpudWxsLCJqb2IiOm51bGwsImVtYWlsIjpudWxsLCJhY2NvdW50IjoiYWRtaW4iLCJzdGF0dXMiOiJBQ1RJVkFURUQiLCJyb2xlcyI6bnVsbH0sImV4cCI6MTYwMDQxMzI3MX0.WnSzC1YULnAQt7xvthFCPrRlAMeOE4I5Hhq0yyP4rI0'}
2020-09-17 15:14:49,150 - GraphqlClient.py - send_request - DEBUG -{
  'input': {
    'name': '编辑角色权限',
    'permissions': [
      {
        'id': '25',
      },
    ],
  },
}

2020-09-17 15:14:49,227 - GraphqlClient.py - send_request - DEBUG -{
  'data': {
    'createRole': {
      '__typename': 'Role',
      'id': '33',
      'name': '编辑角色权限',
      'permissions': [
        {
          '__typename': 'Permission',
          'description': '编辑角色权限',
          'id': '25',
          'scopes': ['/mutation/updateEmployee'],
        },
      ],
    },
  },
  'errors': None,
}

2020-09-17 15:14:49,227 - GraphqlClient.py - send_request - DEBUG -http://192.168.1.175:8888/graphql/?createEmployee
2020-09-17 15:14:49,227 - GraphqlClient.py - send_request - DEBUG -{'Content-Type': 'application/json', 'authorization': 'Token eyJ0eXAiOiJKV1QiLCJhbGciOiJIUzI1NiJ9.eyJjcmVkZW50aWFscyI6eyJlbXBsb3llZV9pZCI6MSwiaXNfYWRtaW5fIjp0cnVlfSwidXNlciI6eyJpZCI6MSwiY29tcGFueV9pZCI6MSwibmFtZSI6Ilx1N2JhMVx1NzQwNlx1NTQ1OCIsImRlcGFydG1lbnRfaWQiOjEsImNvZGUiOm51bGwsInBob25lIjpudWxsLCJqb2IiOm51bGwsImVtYWlsIjpudWxsLCJhY2NvdW50IjoiYWRtaW4iLCJzdGF0dXMiOiJBQ1RJVkFURUQiLCJyb2xlcyI6bnVsbH0sImV4cCI6MTYwMDQxMzI3MX0.WnSzC1YULnAQt7xvthFCPrRlAMeOE4I5Hhq0yyP4rI0'}
2020-09-17 15:14:49,230 - GraphqlClient.py - send_request - DEBUG -{
  'input': {
    'account': 'admin26',
    'code': 'osuaf',
    'department': {
      'id': 1,
    },
    'name': '编辑角色权限',
    'password': '123456',
    'phone': '123456',
    'roles': [
      {
        'id': '33',
      },
    ],
    'status': 'ACTIVATED',
  },
}

2020-09-17 15:14:49,555 - GraphqlClient.py - send_request - DEBUG -{
  'data': {
    'createEmployee': {
      '__typename': 'Employee',
      'account': 'admin26',
      'code': 'osuaf',
      'department': {
        '__typename': 'Department',
        'headcount': 28,
        'id': '1',
        'name': '喜临门家具股份有限公司',
        'parentPath': [],
        'subsidiaries': [],
      },
      'email': None,
      'id': '32',
      'job': None,
      'name': '编辑角色权限',
      'phone': '123456',
      'roles': [
        {
          '__typename': 'Role',
          'id': '33',
          'name': '编辑角色权限',
          'permissions': [{'id': '25', 'scopes':...(len=113),
        },
      ],
      'status': 'ACTIVATED',
    },
  },
  'errors': None,
}

2020-09-17 15:14:50,157 - GraphqlClient.py - send_request - DEBUG -http://192.168.1.175:8888/graphql/?permissionTable
2020-09-17 15:14:50,157 - GraphqlClient.py - send_request - DEBUG -{'Content-Type': 'application/json', 'authorization': 'Token eyJ0eXAiOiJKV1QiLCJhbGciOiJIUzI1NiJ9.eyJjcmVkZW50aWFscyI6eyJlbXBsb3llZV9pZCI6MSwiaXNfYWRtaW5fIjp0cnVlfSwidXNlciI6eyJpZCI6MSwiY29tcGFueV9pZCI6MSwibmFtZSI6Ilx1N2JhMVx1NzQwNlx1NTQ1OCIsImRlcGFydG1lbnRfaWQiOjEsImNvZGUiOm51bGwsInBob25lIjpudWxsLCJqb2IiOm51bGwsImVtYWlsIjpudWxsLCJhY2NvdW50IjoiYWRtaW4iLCJzdGF0dXMiOiJBQ1RJVkFURUQiLCJyb2xlcyI6bnVsbH0sImV4cCI6MTYwMDQxMzI3MX0.WnSzC1YULnAQt7xvthFCPrRlAMeOE4I5Hhq0yyP4rI0'}
2020-09-17 15:14:50,157 - GraphqlClient.py - send_request - DEBUG -{
}

2020-09-17 15:14:50,284 - GraphqlClient.py - send_request - DEBUG -{
  'data': {
    'permissionTable': {
      '__typename': 'PermissionTable',
      'admin': {
        '__typename': 'Permission',
        'description': '所有数据权限，可管理全部信息',
        'id': '1',
        'scopes': [],
      },
      'modules': [
        {
          '__typename': 'PermissionModule',
          'name': 'SCADA',
          'permissions': [{'id': '27', 'scopes': [], 'description':...(len=88),
        },
        {
          '__typename': 'PermissionModule',
          'name': '主设备管理',
          'permissions': [{'id': '2', 'scopes': ['/query/thing',...(len=351),
        },
        {
          '__typename': 'PermissionModule',
          'name': '保养',
          'permissions': [{'id': '16', 'scopes':...(len=952),
        },
        {
          '__typename': 'PermissionModule',
          'name': '备件管理',
          'permissions': [{'id': '4', 'scopes':...(len=1142),
        },
        {
          '__typename': 'PermissionModule',
          'name': '巡检',
          'permissions': [{'id': '15', 'scopes':...(len=864),
        },
        {
          '__typename': 'PermissionModule',
          'name': '概览（报表）',
          'permissions': [{'id': '26', 'scopes': [], 'description':...(len=87),
        },
        {
          '__typename': 'PermissionModule',
          'name': '维修',
          'permissions': [{'id': '10', 'scopes':...(len=544),
        },
        {
          '__typename': 'PermissionModule',
          'name': '设置',
          'permissions': [{'id': '20', 'scopes':...(len=767),
        },
      ],
    },
  },
  'errors': None,
}

2020-09-17 15:14:50,284 - GraphqlClient.py - send_request - DEBUG -http://192.168.1.175:8888/graphql/?createRole
2020-09-17 15:14:50,284 - GraphqlClient.py - send_request - DEBUG -{'Content-Type': 'application/json', 'authorization': 'Token eyJ0eXAiOiJKV1QiLCJhbGciOiJIUzI1NiJ9.eyJjcmVkZW50aWFscyI6eyJlbXBsb3llZV9pZCI6MSwiaXNfYWRtaW5fIjp0cnVlfSwidXNlciI6eyJpZCI6MSwiY29tcGFueV9pZCI6MSwibmFtZSI6Ilx1N2JhMVx1NzQwNlx1NTQ1OCIsImRlcGFydG1lbnRfaWQiOjEsImNvZGUiOm51bGwsInBob25lIjpudWxsLCJqb2IiOm51bGwsImVtYWlsIjpudWxsLCJhY2NvdW50IjoiYWRtaW4iLCJzdGF0dXMiOiJBQ1RJVkFURUQiLCJyb2xlcyI6bnVsbH0sImV4cCI6MTYwMDQxMzI3MX0.WnSzC1YULnAQt7xvthFCPrRlAMeOE4I5Hhq0yyP4rI0'}
2020-09-17 15:14:50,285 - GraphqlClient.py - send_request - DEBUG -{
  'input': {
    'name': '使用SCADA入口',
    'permissions': [
      {
        'id': '27',
      },
    ],
  },
}

2020-09-17 15:14:50,353 - GraphqlClient.py - send_request - DEBUG -{
  'data': {
    'createRole': {
      '__typename': 'Role',
      'id': '34',
      'name': '使用SCADA入口',
      'permissions': [
        {
          '__typename': 'Permission',
          'description': '使用SCADA入口',
          'id': '27',
          'scopes': [],
        },
      ],
    },
  },
  'errors': None,
}

2020-09-17 15:14:50,353 - GraphqlClient.py - send_request - DEBUG -http://192.168.1.175:8888/graphql/?createEmployee
2020-09-17 15:14:50,353 - GraphqlClient.py - send_request - DEBUG -{'Content-Type': 'application/json', 'authorization': 'Token eyJ0eXAiOiJKV1QiLCJhbGciOiJIUzI1NiJ9.eyJjcmVkZW50aWFscyI6eyJlbXBsb3llZV9pZCI6MSwiaXNfYWRtaW5fIjp0cnVlfSwidXNlciI6eyJpZCI6MSwiY29tcGFueV9pZCI6MSwibmFtZSI6Ilx1N2JhMVx1NzQwNlx1NTQ1OCIsImRlcGFydG1lbnRfaWQiOjEsImNvZGUiOm51bGwsInBob25lIjpudWxsLCJqb2IiOm51bGwsImVtYWlsIjpudWxsLCJhY2NvdW50IjoiYWRtaW4iLCJzdGF0dXMiOiJBQ1RJVkFURUQiLCJyb2xlcyI6bnVsbH0sImV4cCI6MTYwMDQxMzI3MX0.WnSzC1YULnAQt7xvthFCPrRlAMeOE4I5Hhq0yyP4rI0'}
2020-09-17 15:14:50,359 - GraphqlClient.py - send_request - DEBUG -{
  'input': {
    'account': 'admin1',
    'code': 'fctjl',
    'department': {
      'id': 1,
    },
    'name': '使用SCADA入口',
    'password': '123456',
    'phone': '123456',
    'roles': [
      {
        'id': '34',
      },
    ],
    'status': 'ACTIVATED',
  },
}

2020-09-17 15:14:50,532 - GraphqlClient.py - send_request - DEBUG -{
  'data': None,
  'errors': [
    {
      'locations': [
        {
          'column': 5,
          'line': 2,
        },
      ],
      'message': 'duplicate key value violates unique constraint
                  "uq_employees__account__company_id"\nDETAIL:  Key (account,
                  ...(1 hidden line)',
      'path': ['createEmployee'],
    },
  ],
}

